### Cores: 0,8,16,24
*** Iteration 1
(time memory): (82.77 72076)

*** Iteration 2
(time memory): (83.28 72056)

*** Iteration 3
(time memory): (83.83 72048)

*** Iteration 4
(time memory): (83.03 71932)

*** Iteration 5
(time memory): (83.69 71928)

*** Iteration 6
(time memory): (81.70 71976)

*** Iteration 7
(time memory): (84.05 71968)

*** Iteration 8
(time memory): (84.25 71692)

*** Iteration 9
(time memory): (82.05 71724)

*** Iteration 10
(time memory): (83.38 72116)


### Cores: 0,8,16,24,32,40,48,60
*** Iteration 1
(time memory): (55.60 72544)

*** Iteration 2
(time memory): (56.04 72456)

*** Iteration 3
(time memory): (55.37 72340)

*** Iteration 4
(time memory): (55.45 72296)

*** Iteration 5
(time memory): (55.72 72256)

*** Iteration 6
(time memory): (55.80 72284)

*** Iteration 7
(time memory): (55.42 72060)

*** Iteration 8
(time memory): (55.84 72196)

*** Iteration 9
(time memory): (56.15 71332)

*** Iteration 10
(time memory): (56.20 72396)


### Cores: 0,8,16,24,32,40,48,60,2,10,18,26,34,42,50,58
*** Iteration 1
(time memory): (51.11 72468)

*** Iteration 2
(time memory): (50.39 72768)

*** Iteration 3
(time memory): (51.75 72976)

*** Iteration 4
(time memory): (51.48 73296)

*** Iteration 5
(time memory): (51.32 72880)

*** Iteration 6
(time memory): (51.51 72692)

*** Iteration 7
(time memory): (50.24 72984)

*** Iteration 8
(time memory): (51.14 73008)

*** Iteration 9
(time memory): (50.93 73124)

*** Iteration 10
(time memory): (50.49 73252)


### Cores: 0,8,16,24,32,40,48,60,2,10,18,26,34,42,50,58,3,11,19,27,35,43,51,59,1,9,17,25,33,41,49,57
*** Iteration 1
(time memory): (50.18 74052)

*** Iteration 2
(time memory): (50.05 73780)

*** Iteration 3
(time memory): (50.35 73484)

*** Iteration 4
(time memory): (50.23 74060)

*** Iteration 5
(time memory): (50.31 74008)

*** Iteration 6
(time memory): (49.87 74372)

*** Iteration 7
(time memory): (50.37 73540)

*** Iteration 8
(time memory): (50.40 73868)

*** Iteration 9
(time memory): (50.27 73592)

*** Iteration 10
(time memory): (50.06 73572)


### Cores: 0-63
*** Iteration 1
(time memory): (53.51 75424)

*** Iteration 2
(time memory): (51.38 75132)

*** Iteration 3
(time memory): (50.89 75648)

*** Iteration 4
(time memory): (51.86 75752)

*** Iteration 5
(time memory): (51.11 75360)

*** Iteration 6
(time memory): (50.34 75276)

*** Iteration 7
(time memory): (49.76 75428)

*** Iteration 8
(time memory): (51.22 75420)

*** Iteration 9
(time memory): (53.48 75032)

*** Iteration 10
(time memory): (51.76 75020)
