### Cores: 0,8,16,24
*** Iteration 1
(time memory): (85.90 72136)
gc_major: sum:0 num:23 gc_minor: sum:3 num:379

*** Iteration 2
(time memory): (86.58 71740)
gc_major: sum:0 num:23 gc_minor: sum:4 num:379

*** Iteration 3
(time memory): (85.89 72124)
gc_major: sum:0 num:23 gc_minor: sum:4 num:379

*** Iteration 4
(time memory): (86.21 72120)
gc_major: sum:0 num:23 gc_minor: sum:1 num:379

*** Iteration 5
(time memory): (86.63 72108)
gc_major: sum:0 num:23 gc_minor: sum:3 num:379


### Cores: 0,8,16,24,32,40,48,60
*** Iteration 1
(time memory): (61.41 72428)
gc_major: sum:0 num:23 gc_minor: sum:4 num:380

*** Iteration 2
(time memory): (61.22 72492)
gc_major: sum:0 num:23 gc_minor: sum:3 num:380

*** Iteration 3
(time memory): (61.38 72388)
gc_major: sum:1 num:23 gc_minor: sum:4 num:455

*** Iteration 4
(time memory): (60.64 72424)
gc_major: sum:0 num:23 gc_minor: sum:1 num:380

*** Iteration 5
(time memory): (61.55 72576)
gc_major: sum:0 num:23 gc_minor: sum:0 num:380


### Cores: 0,8,16,24,32,40,48,60,2,10,18,26,34,42,50,58
*** Iteration 1
(time memory): (84.01 72400)
gc_major: sum:2 num:23 gc_minor: sum:3 num:358

*** Iteration 2
(time memory): (84.03 72908)
gc_major: sum:1 num:23 gc_minor: sum:3 num:455

*** Iteration 3
(time memory): (84.27 73308)
gc_major: sum:1 num:23 gc_minor: sum:2 num:455

*** Iteration 4
(time memory): (83.67 72664)
gc_major: sum:0 num:23 gc_minor: sum:14 num:380

*** Iteration 5
(time memory): (83.79 73076)
gc_major: sum:0 num:23 gc_minor: sum:4 num:380


### Cores: 0,8,16,24,32,40,48,60,2,10,18,26,34,42,50,58,3,11,19,27,35,43,51,59,1,9,17,25,33,41,49,57
*** Iteration 1
(time memory): (120.98 73128)
gc_major: sum:0 num:23 gc_minor: sum:6 num:379

*** Iteration 2
(time memory): (121.51 73612)
gc_major: sum:0 num:23 gc_minor: sum:12 num:454

*** Iteration 3
(time memory): (119.91 73404)
gc_major: sum:1 num:23 gc_minor: sum:18 num:380

*** Iteration 4
(time memory): (120.30 73252)
gc_major: sum:6 num:23 gc_minor: sum:5 num:344

*** Iteration 5
(time memory): (120.87 73616)
gc_major: sum:0 num:23 gc_minor: sum:6 num:455


### Cores: 0-63
*** Iteration 1
(time memory): (134.53 74624)
gc_major: sum:1 num:23 gc_minor: sum:7 num:455

*** Iteration 2
(time memory): (138.56 74508)
gc_major: sum:0 num:23 gc_minor: sum:7 num:380

*** Iteration 3
(time memory): (144.26 75132)
gc_major: sum:0 num:23 gc_minor: sum:11 num:414

*** Iteration 4
(time memory): (130.13 74564)
gc_major: sum:0 num:23 gc_minor: sum:9 num:380

*** Iteration 5
(time memory): (140.15 75180)
gc_major: sum:0 num:23 gc_minor: sum:5 num:380


