### Cores: 0,8,16,24
*** Iteration 1
(time memory): (215.50 2880128)

*** Iteration 2
(time memory): (215.90 3153456)

*** Iteration 3
(time memory): (216.33 2900612)

*** Iteration 4
(time memory): (217.52 2715432)

*** Iteration 5
(time memory): (219.37 2838348)

*** Iteration 6
(time memory): (218.18 2842520)

*** Iteration 7
(time memory): (215.33 2958368)

*** Iteration 8
(time memory): (216.35 2919080)

*** Iteration 9
(time memory): (221.47 2927672)

*** Iteration 10
(time memory): (215.87 3034952)


### Cores: 0,8,16,24,32,40,48,60
*** Iteration 1
(time memory): (112.13 3105420)

*** Iteration 2
(time memory): (112.06 3200832)

*** Iteration 3
(time memory): (112.65 3128292)

*** Iteration 4
(time memory): (112.80 3356700)

*** Iteration 5
(time memory): (112.72 3233016)

*** Iteration 6
(time memory): (115.56 3214168)

*** Iteration 7
(time memory): (112.22 3410524)

*** Iteration 8
(time memory): (112.72 3155428)

*** Iteration 9
(time memory): (112.11 3154736)

*** Iteration 10
(time memory): (112.32 3125232)


### Cores: 0,8,16,24,32,40,48,60,2,10,18,26,34,42,50,58
*** Iteration 1
(time memory): (60.05 4514536)

*** Iteration 2
(time memory): (60.63 4245764)

*** Iteration 3
(time memory): (61.60 4485360)

*** Iteration 4
(time memory): (60.33 4367696)

*** Iteration 5
(time memory): (60.78 4482612)

*** Iteration 6
(time memory): (60.61 4487832)

*** Iteration 7
(time memory): (60.15 4661940)

*** Iteration 8
(time memory): (60.72 4549464)

*** Iteration 9
(time memory): (60.24 4456400)

*** Iteration 10
(time memory): (61.55 4405952)


### Cores: 0,8,16,24,32,40,48,60,2,10,18,26,34,42,50,58,3,11,19,27,35,43,51,59,1,9,17,25,33,41,49,57
*** Iteration 1
(time memory): (33.26 7398704)

*** Iteration 2
(time memory): (34.72 7243312)

*** Iteration 3
(time memory): (33.81 7853344)

*** Iteration 4
(time memory): (34.36 7460088)

*** Iteration 5
(time memory): (33.35 8357224)

*** Iteration 6
(time memory): (33.69 8005432)

*** Iteration 7
(time memory): (33.32 7835632)

*** Iteration 8
(time memory): (33.52 7861740)

*** Iteration 9
(time memory): (33.55 7482084)

*** Iteration 10
(time memory): (33.44 7931732)


### Cores: 0-63
*** Iteration 1
(time memory): (26.80 11359112)

*** Iteration 2
(time memory): (27.41 12361760)

*** Iteration 3
(time memory): (26.78 11179788)

*** Iteration 4
(time memory): (26.63 10915084)

*** Iteration 5
(time memory): (27.08 11934576)

*** Iteration 6
(time memory): (26.54 11519488)

*** Iteration 7
(time memory): (27.09 10822576)

*** Iteration 8
(time memory): (26.35 12089652)

*** Iteration 9
(time memory): (26.97 12558152)

*** Iteration 10
(time memory): (27.06 12091920)


