Benchmark: ring
Input: 128 10 500000
Used cores: 0,8,16,24
Iteration: 1
Footprint: 98204
Total execution time: 1:01.04
STW time: 703.049
Concurrent time: 54.7730461
-------------------------------------
Benchmark: ring
Input: 128 10 500000
Used cores: 0,8,16,24
Iteration: 2
Footprint: 102192
Total execution time: 1:00.08
STW time: 680.062
Concurrent time: 53.2853965
-------------------------------------
Benchmark: ring
Input: 128 10 500000
Used cores: 0,8,16,24
Iteration: 3
Footprint: 104172
Total execution time: 0:59.21
STW time: 647.721
Concurrent time: 53.4118914
-------------------------------------
Benchmark: ring
Input: 128 10 500000
Used cores: 0,8,16,24
Iteration: 4
Footprint: 104652
Total execution time: 1:02.66
STW time: 726.936
Concurrent time: 56.9645538
-------------------------------------
Benchmark: ring
Input: 128 10 500000
Used cores: 0,8,16,24
Iteration: 5
Footprint: 104300
Total execution time: 0:59.78
STW time: 673.528
Concurrent time: 53.0813937
-------------------------------------
Benchmark: ring
Input: 128 10 500000
Used cores: 0,8,16,24
Iteration: 6
Footprint: 114364
Total execution time: 1:01.83
STW time: 733.347
Concurrent time: 58.5683183
-------------------------------------
Benchmark: ring
Input: 128 10 500000
Used cores: 0,8,16,24
Iteration: 7
Footprint: 102524
Total execution time: 1:02.87
STW time: 718.609
Concurrent time: 56.2999457
-------------------------------------
Benchmark: ring
Input: 128 10 500000
Used cores: 0,8,16,24
Iteration: 8
Footprint: 97152
Total execution time: 1:01.06
STW time: 645.246
Concurrent time: 56.4225707
-------------------------------------
Benchmark: ring
Input: 128 10 500000
Used cores: 0,8,16,24
Iteration: 9
Footprint: 105464
Total execution time: 1:00.24
STW time: 830.089
Concurrent time: 56.8925115
-------------------------------------
Benchmark: ring
Input: 128 10 500000
Used cores: 0,8,16,24
Iteration: 10
Footprint: 107408
Total execution time: 0:58.41
STW time: 638.989
Concurrent time: 52.5546877
-------------------------------------
Benchmark: ring
Input: 128 10 500000
Used cores: 0,8,16,24,32,40,48,60
Iteration: 1
Footprint: 108048
Total execution time: 0:44.81
STW time: 760.080
Concurrent time: 36.7861477
-------------------------------------
Benchmark: ring
Input: 128 10 500000
Used cores: 0,8,16,24,32,40,48,60
Iteration: 2
Footprint: 102104
Total execution time: 0:43.68
STW time: 773.632
Concurrent time: 37.4600968
-------------------------------------
Benchmark: ring
Input: 128 10 500000
Used cores: 0,8,16,24,32,40,48,60
Iteration: 3
Footprint: 98184
Total execution time: 0:41.53
STW time: 790.877
Concurrent time: 35.0870875
-------------------------------------
Benchmark: ring
Input: 128 10 500000
Used cores: 0,8,16,24,32,40,48,60
Iteration: 4
Footprint: 106552
Total execution time: 0:44.02
STW time: 763.064
Concurrent time: 38.1786161
-------------------------------------
Benchmark: ring
Input: 128 10 500000
Used cores: 0,8,16,24,32,40,48,60
Iteration: 5
Footprint: 102964
Total execution time: 0:42.93
STW time: 784.218
Concurrent time: 35.8704684
-------------------------------------
Benchmark: ring
Input: 128 10 500000
Used cores: 0,8,16,24,32,40,48,60
Iteration: 6
Footprint: 104480
Total execution time: 0:43.40
STW time: 826.744
Concurrent time: 36.2948385
-------------------------------------
Benchmark: ring
Input: 128 10 500000
Used cores: 0,8,16,24,32,40,48,60
Iteration: 7
Footprint: 97768
Total execution time: 0:42.96
STW time: 758.092
Concurrent time: 35.4738393
-------------------------------------
Benchmark: ring
Input: 128 10 500000
Used cores: 0,8,16,24,32,40,48,60
Iteration: 8
Footprint: 102772
Total execution time: 0:42.90
STW time: 758.652
Concurrent time: 35.0802641
-------------------------------------
Benchmark: ring
Input: 128 10 500000
Used cores: 0,8,16,24,32,40,48,60
Iteration: 9
Footprint: 110612
Total execution time: 0:44.32
STW time: 814.993
Concurrent time: 38.5977124
-------------------------------------
Benchmark: ring
Input: 128 10 500000
Used cores: 0,8,16,24,32,40,48,60
Iteration: 10
Footprint: 98888
Total execution time: 0:42.86
STW time: 795.966
Concurrent time: 36.0120613
-------------------------------------
Benchmark: ring
Input: 128 10 500000
Used cores: 0,8,16,24,32,40,48,60,2,10,18,26,34,42,50,58
Iteration: 1
Footprint: 100800
Total execution time: 0:35.05
STW time: 749.481
Concurrent time: 28.0256166
-------------------------------------
Benchmark: ring
Input: 128 10 500000
Used cores: 0,8,16,24,32,40,48,60,2,10,18,26,34,42,50,58
Iteration: 2
Footprint: 96176
Total execution time: 0:35.09
STW time: 783.609
Concurrent time: 28.7194275
-------------------------------------
Benchmark: ring
Input: 128 10 500000
Used cores: 0,8,16,24,32,40,48,60,2,10,18,26,34,42,50,58
Iteration: 3
Footprint: 103000
Total execution time: 0:37.97
STW time: 787.810
Concurrent time: 30.4995021
-------------------------------------
Benchmark: ring
Input: 128 10 500000
Used cores: 0,8,16,24,32,40,48,60,2,10,18,26,34,42,50,58
Iteration: 4
Footprint: 109488
Total execution time: 0:37.62
STW time: 806.512
Concurrent time: 29.7180196
-------------------------------------
Benchmark: ring
Input: 128 10 500000
Used cores: 0,8,16,24,32,40,48,60,2,10,18,26,34,42,50,58
Iteration: 5
Footprint: 106292
Total execution time: 0:34.50
STW time: 781.308
Concurrent time: 28.1496394
-------------------------------------
Benchmark: ring
Input: 128 10 500000
Used cores: 0,8,16,24,32,40,48,60,2,10,18,26,34,42,50,58
Iteration: 6
Footprint: 104772
Total execution time: 0:37.72
STW time: 776.786
Concurrent time: 31.0122610
-------------------------------------
Benchmark: ring
Input: 128 10 500000
Used cores: 0,8,16,24,32,40,48,60,2,10,18,26,34,42,50,58
Iteration: 7
Footprint: 104368
Total execution time: 0:36.37
STW time: 759.990
Concurrent time: 29.1088396
-------------------------------------
Benchmark: ring
Input: 128 10 500000
Used cores: 0,8,16,24,32,40,48,60,2,10,18,26,34,42,50,58
Iteration: 8
Footprint: 98180
Total execution time: 0:33.66
STW time: 813.238
Concurrent time: 25.6521725
-------------------------------------
Benchmark: ring
Input: 128 10 500000
Used cores: 0,8,16,24,32,40,48,60,2,10,18,26,34,42,50,58
Iteration: 9
Footprint: 103788
Total execution time: 0:34.92
STW time: 673.470
Concurrent time: 27.5565407
-------------------------------------
Benchmark: ring
Input: 128 10 500000
Used cores: 0,8,16,24,32,40,48,60,2,10,18,26,34,42,50,58
Iteration: 10
Footprint: 99488
Total execution time: 0:34.65
STW time: 771.985
Concurrent time: 27.7402630
-------------------------------------
Benchmark: ring
Input: 128 10 500000
Used cores: 0,8,16,24,32,40,48,60,2,10,18,26,34,42,50,58,3,11,19,27,35,43,51,59,1,9,17,25,33,41,49,57
Iteration: 1
Footprint: 101412
Total execution time: 0:24.00
STW time: 481.118
Concurrent time: 17.1648510
-------------------------------------
Benchmark: ring
Input: 128 10 500000
Used cores: 0,8,16,24,32,40,48,60,2,10,18,26,34,42,50,58,3,11,19,27,35,43,51,59,1,9,17,25,33,41,49,57
Iteration: 2
Footprint: 106268
Total execution time: 0:27.10
STW time: 577.251
Concurrent time: 20.3740166
-------------------------------------
Benchmark: ring
Input: 128 10 500000
Used cores: 0,8,16,24,32,40,48,60,2,10,18,26,34,42,50,58,3,11,19,27,35,43,51,59,1,9,17,25,33,41,49,57
Iteration: 3
Footprint: 103256
Total execution time: 0:25.08
STW time: 572.922
Concurrent time: 17.6508488
-------------------------------------
Benchmark: ring
Input: 128 10 500000
Used cores: 0,8,16,24,32,40,48,60,2,10,18,26,34,42,50,58,3,11,19,27,35,43,51,59,1,9,17,25,33,41,49,57
Iteration: 4
Footprint: 104276
Total execution time: 0:25.83
STW time: 537.134
Concurrent time: 19.7126711
-------------------------------------
Benchmark: ring
Input: 128 10 500000
Used cores: 0,8,16,24,32,40,48,60,2,10,18,26,34,42,50,58,3,11,19,27,35,43,51,59,1,9,17,25,33,41,49,57
Iteration: 5
Footprint: 98704
Total execution time: 0:24.73
STW time: 490.406
Concurrent time: 17.3505482
-------------------------------------
Benchmark: ring
Input: 128 10 500000
Used cores: 0,8,16,24,32,40,48,60,2,10,18,26,34,42,50,58,3,11,19,27,35,43,51,59,1,9,17,25,33,41,49,57
Iteration: 6
Footprint: 104112
Total execution time: 0:27.37
STW time: 574.410
Concurrent time: 19.8293237
-------------------------------------
Benchmark: ring
Input: 128 10 500000
Used cores: 0,8,16,24,32,40,48,60,2,10,18,26,34,42,50,58,3,11,19,27,35,43,51,59,1,9,17,25,33,41,49,57
Iteration: 7
Footprint: 109008
Total execution time: 0:23.81
STW time: 500.343
Concurrent time: 16.9649892
-------------------------------------
Benchmark: ring
Input: 128 10 500000
Used cores: 0,8,16,24,32,40,48,60,2,10,18,26,34,42,50,58,3,11,19,27,35,43,51,59,1,9,17,25,33,41,49,57
Iteration: 8
Footprint: 103112
Total execution time: 0:25.99
STW time: 562.196
Concurrent time: 19.5318631
-------------------------------------
Benchmark: ring
Input: 128 10 500000
Used cores: 0,8,16,24,32,40,48,60,2,10,18,26,34,42,50,58,3,11,19,27,35,43,51,59,1,9,17,25,33,41,49,57
Iteration: 9
Footprint: 101996
Total execution time: 0:24.31
STW time: 484.213
Concurrent time: 16.8291241
-------------------------------------
Benchmark: ring
Input: 128 10 500000
Used cores: 0,8,16,24,32,40,48,60,2,10,18,26,34,42,50,58,3,11,19,27,35,43,51,59,1,9,17,25,33,41,49,57
Iteration: 10
Footprint: 104896
Total execution time: 0:26.46
STW time: 564.795
Concurrent time: 19.7021037
-------------------------------------
Benchmark: ring
Input: 128 10 500000
Used cores: 0-63
Iteration: 1
Footprint: 104836
Total execution time: 0:19.56
STW time: 462.239
Concurrent time: 8.6176605
-------------------------------------
Benchmark: ring
Input: 128 10 500000
Used cores: 0-63
Iteration: 2
Footprint: 112164
Total execution time: 0:18.82
STW time: 405.407
Concurrent time: 10.3443266
-------------------------------------
Benchmark: ring
Input: 128 10 500000
Used cores: 0-63
Iteration: 3
Footprint: 100636
Total execution time: 0:18.39
STW time: 371.627
Concurrent time: 9.5337481
-------------------------------------
Benchmark: ring
Input: 128 10 500000
Used cores: 0-63
Iteration: 4
Footprint: 110892
Total execution time: 0:16.77
STW time: 308.233
Concurrent time: 9.7018354
-------------------------------------
Benchmark: ring
Input: 128 10 500000
Used cores: 0-63
Iteration: 5
Footprint: 101444
Total execution time: 0:20.26
STW time: 443.243
Concurrent time: 11.6611071
-------------------------------------
Benchmark: ring
Input: 128 10 500000
Used cores: 0-63
Iteration: 6
Footprint: 107696
Total execution time: 0:20.43
STW time: 444.751
Concurrent time: 11.0201858
-------------------------------------
Benchmark: ring
Input: 128 10 500000
Used cores: 0-63
Iteration: 7
Footprint: 95740
Total execution time: 0:20.76
STW time: 505.732
Concurrent time: 11.8328026
-------------------------------------
Benchmark: ring
Input: 128 10 500000
Used cores: 0-63
Iteration: 8
Footprint: 101992
Total execution time: 0:19.69
STW time: 426.316
Concurrent time: 10.3692360
-------------------------------------
Benchmark: ring
Input: 128 10 500000
Used cores: 0-63
Iteration: 9
Footprint: 101192
Total execution time: 0:21.89
STW time: 489.052
Concurrent time: 13.2061306
-------------------------------------
Benchmark: ring
Input: 128 10 500000
Used cores: 0-63
Iteration: 10
Footprint: 102232
Total execution time: 0:19.71
STW time: 432.019
Concurrent time: 10.4194169
-------------------------------------
