### Size: 4
*** Iteration 1
Done 0
"telemetry": [
  {
    "count_gc_passes": 0,
    "count_alloc": 27,
    "count_alloc_size": 1295,
    "count_alloc_actors": 69,
    "count_msg_app": 289,
    "count_msg_block": 0,
    "count_msg_unblock": 0,
    "count_msg_acquire": 21,
    "count_msg_release": 0,
    "count_msg_conf": 0,
    "count_msg_ack": 0,
    "time_in_gc": 0,
    "time_in_send_scan": 920254,
    "time_in_recv_scan": 1227622
  },
  {
    "count_gc_passes": 0,
    "count_alloc": 0,
    "count_alloc_size": 0,
    "count_alloc_actors": 0,
    "count_msg_app": 136,
    "count_msg_block": 0,
    "count_msg_unblock": 0,
    "count_msg_acquire": 11,
    "count_msg_release": 0,
    "count_msg_conf": 0,
    "count_msg_ack": 0,
    "time_in_gc": 0,
    "time_in_send_scan": 686066,
    "time_in_recv_scan": 1163634
  },
  {
    "count_gc_passes": 0,
    "count_alloc": 4,
    "count_alloc_size": 103,
    "count_alloc_actors": 0,
    "count_msg_app": 189,
    "count_msg_block": 0,
    "count_msg_unblock": 0,
    "count_msg_acquire": 18,
    "count_msg_release": 0,
    "count_msg_conf": 0,
    "count_msg_ack": 0,
    "time_in_gc": 0,
    "time_in_send_scan": 926555,
    "time_in_recv_scan": 1529029
  },
  {
    "count_gc_passes": 0,
    "count_alloc": 0,
    "count_alloc_size": 0,
    "count_alloc_actors": 0,
    "count_msg_app": 161,
    "count_msg_block": 0,
    "count_msg_unblock": 0,
    "count_msg_acquire": 14,
    "count_msg_release": 0,
    "count_msg_conf": 0,
    "count_msg_ack": 0,
    "time_in_gc": 0,
    "time_in_send_scan": 798749,
    "time_in_recv_scan": 1265250
  }
]
(time memory): (0.00 2632)

*** Iteration 2
Done 0
"telemetry": [
  {
    "count_gc_passes": 0,
    "count_alloc": 31,
    "count_alloc_size": 1398,
    "count_alloc_actors": 69,
    "count_msg_app": 305,
    "count_msg_block": 0,
    "count_msg_unblock": 0,
    "count_msg_acquire": 16,
    "count_msg_release": 0,
    "count_msg_conf": 0,
    "count_msg_ack": 0,
    "time_in_gc": 0,
    "time_in_send_scan": 877144,
    "time_in_recv_scan": 1277495
  },
  {
    "count_gc_passes": 0,
    "count_alloc": 0,
    "count_alloc_size": 0,
    "count_alloc_actors": 0,
    "count_msg_app": 157,
    "count_msg_block": 0,
    "count_msg_unblock": 0,
    "count_msg_acquire": 15,
    "count_msg_release": 0,
    "count_msg_conf": 0,
    "count_msg_ack": 0,
    "time_in_gc": 0,
    "time_in_send_scan": 767464,
    "time_in_recv_scan": 1446378
  },
  {
    "count_gc_passes": 0,
    "count_alloc": 0,
    "count_alloc_size": 0,
    "count_alloc_actors": 0,
    "count_msg_app": 134,
    "count_msg_block": 0,
    "count_msg_unblock": 0,
    "count_msg_acquire": 15,
    "count_msg_release": 0,
    "count_msg_conf": 0,
    "count_msg_ack": 0,
    "time_in_gc": 0,
    "time_in_send_scan": 659204,
    "time_in_recv_scan": 1087100
  },
  {
    "count_gc_passes": 0,
    "count_alloc": 0,
    "count_alloc_size": 0,
    "count_alloc_actors": 0,
    "count_msg_app": 179,
    "count_msg_block": 0,
    "count_msg_unblock": 0,
    "count_msg_acquire": 18,
    "count_msg_release": 0,
    "count_msg_conf": 0,
    "count_msg_ack": 0,
    "time_in_gc": 0,
    "time_in_send_scan": 884768,
    "time_in_recv_scan": 1411582
  }
]
(time memory): (0.00 2608)

*** Iteration 3
Done 0
"telemetry": [
  {
    "count_gc_passes": 0,
    "count_alloc": 31,
    "count_alloc_size": 1398,
    "count_alloc_actors": 69,
    "count_msg_app": 298,
    "count_msg_block": 0,
    "count_msg_unblock": 0,
    "count_msg_acquire": 14,
    "count_msg_release": 0,
    "count_msg_conf": 0,
    "count_msg_ack": 0,
    "time_in_gc": 0,
    "time_in_send_scan": 862996,
    "time_in_recv_scan": 1248326
  },
  {
    "count_gc_passes": 0,
    "count_alloc": 0,
    "count_alloc_size": 0,
    "count_alloc_actors": 0,
    "count_msg_app": 176,
    "count_msg_block": 0,
    "count_msg_unblock": 0,
    "count_msg_acquire": 19,
    "count_msg_release": 0,
    "count_msg_conf": 0,
    "count_msg_ack": 0,
    "time_in_gc": 0,
    "time_in_send_scan": 957380,
    "time_in_recv_scan": 1620978
  },
  {
    "count_gc_passes": 0,
    "count_alloc": 0,
    "count_alloc_size": 0,
    "count_alloc_actors": 0,
    "count_msg_app": 151,
    "count_msg_block": 0,
    "count_msg_unblock": 0,
    "count_msg_acquire": 19,
    "count_msg_release": 0,
    "count_msg_conf": 0,
    "count_msg_ack": 0,
    "time_in_gc": 0,
    "time_in_send_scan": 824825,
    "time_in_recv_scan": 1176861
  },
  {
    "count_gc_passes": 0,
    "count_alloc": 0,
    "count_alloc_size": 0,
    "count_alloc_actors": 0,
    "count_msg_app": 150,
    "count_msg_block": 0,
    "count_msg_unblock": 0,
    "count_msg_acquire": 12,
    "count_msg_release": 0,
    "count_msg_conf": 0,
    "count_msg_ack": 0,
    "time_in_gc": 0,
    "time_in_send_scan": 757169,
    "time_in_recv_scan": 1178343
  }
]
(time memory): (0.00 2604)

*** Iteration 4
Done 0
"telemetry": [
  {
    "count_gc_passes": 0,
    "count_alloc": 27,
    "count_alloc_size": 1295,
    "count_alloc_actors": 69,
    "count_msg_app": 302,
    "count_msg_block": 0,
    "count_msg_unblock": 0,
    "count_msg_acquire": 18,
    "count_msg_release": 0,
    "count_msg_conf": 0,
    "count_msg_ack": 0,
    "time_in_gc": 0,
    "time_in_send_scan": 868103,
    "time_in_recv_scan": 1259162
  },
  {
    "count_gc_passes": 0,
    "count_alloc": 0,
    "count_alloc_size": 0,
    "count_alloc_actors": 0,
    "count_msg_app": 149,
    "count_msg_block": 0,
    "count_msg_unblock": 0,
    "count_msg_acquire": 17,
    "count_msg_release": 0,
    "count_msg_conf": 0,
    "count_msg_ack": 0,
    "time_in_gc": 0,
    "time_in_send_scan": 732140,
    "time_in_recv_scan": 1315014
  },
  {
    "count_gc_passes": 0,
    "count_alloc": 4,
    "count_alloc_size": 103,
    "count_alloc_actors": 0,
    "count_msg_app": 161,
    "count_msg_block": 0,
    "count_msg_unblock": 0,
    "count_msg_acquire": 15,
    "count_msg_release": 0,
    "count_msg_conf": 0,
    "count_msg_ack": 0,
    "time_in_gc": 0,
    "time_in_send_scan": 799036,
    "time_in_recv_scan": 1258511
  },
  {
    "count_gc_passes": 0,
    "count_alloc": 0,
    "count_alloc_size": 0,
    "count_alloc_actors": 0,
    "count_msg_app": 163,
    "count_msg_block": 0,
    "count_msg_unblock": 0,
    "count_msg_acquire": 14,
    "count_msg_release": 0,
    "count_msg_conf": 0,
    "count_msg_ack": 0,
    "time_in_gc": 0,
    "time_in_send_scan": 758289,
    "time_in_recv_scan": 1225638
  }
]
(time memory): (0.00 2624)

*** Iteration 5
Done 0
"telemetry": [
  {
    "count_gc_passes": 0,
    "count_alloc": 27,
    "count_alloc_size": 1295,
    "count_alloc_actors": 69,
    "count_msg_app": 320,
    "count_msg_block": 0,
    "count_msg_unblock": 0,
    "count_msg_acquire": 16,
    "count_msg_release": 0,
    "count_msg_conf": 0,
    "count_msg_ack": 0,
    "time_in_gc": 0,
    "time_in_send_scan": 971336,
    "time_in_recv_scan": 1382608
  },
  {
    "count_gc_passes": 0,
    "count_alloc": 4,
    "count_alloc_size": 103,
    "count_alloc_actors": 0,
    "count_msg_app": 143,
    "count_msg_block": 0,
    "count_msg_unblock": 0,
    "count_msg_acquire": 14,
    "count_msg_release": 0,
    "count_msg_conf": 0,
    "count_msg_ack": 0,
    "time_in_gc": 0,
    "time_in_send_scan": 715664,
    "time_in_recv_scan": 1228021
  },
  {
    "count_gc_passes": 0,
    "count_alloc": 0,
    "count_alloc_size": 0,
    "count_alloc_actors": 0,
    "count_msg_app": 159,
    "count_msg_block": 0,
    "count_msg_unblock": 0,
    "count_msg_acquire": 12,
    "count_msg_release": 0,
    "count_msg_conf": 0,
    "count_msg_ack": 0,
    "time_in_gc": 0,
    "time_in_send_scan": 782469,
    "time_in_recv_scan": 1210813
  },
  {
    "count_gc_passes": 0,
    "count_alloc": 0,
    "count_alloc_size": 0,
    "count_alloc_actors": 0,
    "count_msg_app": 153,
    "count_msg_block": 0,
    "count_msg_unblock": 0,
    "count_msg_acquire": 22,
    "count_msg_release": 0,
    "count_msg_conf": 0,
    "count_msg_ack": 0,
    "time_in_gc": 0,
    "time_in_send_scan": 809550,
    "time_in_recv_scan": 1215506
  }
]
(time memory): (0.00 2768)

*** Iteration 6
Done 0
"telemetry": [
  {
    "count_gc_passes": 0,
    "count_alloc": 31,
    "count_alloc_size": 1398,
    "count_alloc_actors": 69,
    "count_msg_app": 284,
    "count_msg_block": 0,
    "count_msg_unblock": 0,
    "count_msg_acquire": 19,
    "count_msg_release": 0,
    "count_msg_conf": 0,
    "count_msg_ack": 0,
    "time_in_gc": 0,
    "time_in_send_scan": 800804,
    "time_in_recv_scan": 1154174
  },
  {
    "count_gc_passes": 0,
    "count_alloc": 0,
    "count_alloc_size": 0,
    "count_alloc_actors": 0,
    "count_msg_app": 152,
    "count_msg_block": 0,
    "count_msg_unblock": 0,
    "count_msg_acquire": 11,
    "count_msg_release": 0,
    "count_msg_conf": 0,
    "count_msg_ack": 0,
    "time_in_gc": 0,
    "time_in_send_scan": 699880,
    "time_in_recv_scan": 1331490
  },
  {
    "count_gc_passes": 0,
    "count_alloc": 0,
    "count_alloc_size": 0,
    "count_alloc_actors": 0,
    "count_msg_app": 180,
    "count_msg_block": 0,
    "count_msg_unblock": 0,
    "count_msg_acquire": 18,
    "count_msg_release": 0,
    "count_msg_conf": 0,
    "count_msg_ack": 0,
    "time_in_gc": 0,
    "time_in_send_scan": 858037,
    "time_in_recv_scan": 1425982
  },
  {
    "count_gc_passes": 0,
    "count_alloc": 0,
    "count_alloc_size": 0,
    "count_alloc_actors": 0,
    "count_msg_app": 159,
    "count_msg_block": 0,
    "count_msg_unblock": 0,
    "count_msg_acquire": 16,
    "count_msg_release": 0,
    "count_msg_conf": 0,
    "count_msg_ack": 0,
    "time_in_gc": 0,
    "time_in_send_scan": 751754,
    "time_in_recv_scan": 1280811
  }
]
(time memory): (0.00 2608)

*** Iteration 7
Done 0
"telemetry": [
  {
    "count_gc_passes": 0,
    "count_alloc": 27,
    "count_alloc_size": 1295,
    "count_alloc_actors": 69,
    "count_msg_app": 281,
    "count_msg_block": 0,
    "count_msg_unblock": 0,
    "count_msg_acquire": 12,
    "count_msg_release": 0,
    "count_msg_conf": 0,
    "count_msg_ack": 0,
    "time_in_gc": 0,
    "time_in_send_scan": 749082,
    "time_in_recv_scan": 1069124
  },
  {
    "count_gc_passes": 0,
    "count_alloc": 0,
    "count_alloc_size": 0,
    "count_alloc_actors": 0,
    "count_msg_app": 148,
    "count_msg_block": 0,
    "count_msg_unblock": 0,
    "count_msg_acquire": 18,
    "count_msg_release": 0,
    "count_msg_conf": 0,
    "count_msg_ack": 0,
    "time_in_gc": 0,
    "time_in_send_scan": 778586,
    "time_in_recv_scan": 1333658
  },
  {
    "count_gc_passes": 0,
    "count_alloc": 4,
    "count_alloc_size": 103,
    "count_alloc_actors": 0,
    "count_msg_app": 195,
    "count_msg_block": 0,
    "count_msg_unblock": 0,
    "count_msg_acquire": 14,
    "count_msg_release": 0,
    "count_msg_conf": 0,
    "count_msg_ack": 0,
    "time_in_gc": 0,
    "time_in_send_scan": 904795,
    "time_in_recv_scan": 1407491
  },
  {
    "count_gc_passes": 0,
    "count_alloc": 0,
    "count_alloc_size": 0,
    "count_alloc_actors": 0,
    "count_msg_app": 151,
    "count_msg_block": 0,
    "count_msg_unblock": 0,
    "count_msg_acquire": 20,
    "count_msg_release": 0,
    "count_msg_conf": 0,
    "count_msg_ack": 0,
    "time_in_gc": 0,
    "time_in_send_scan": 777018,
    "time_in_recv_scan": 1172044
  }
]
(time memory): (0.00 2672)

*** Iteration 8
Done 0
"telemetry": [
  {
    "count_gc_passes": 0,
    "count_alloc": 31,
    "count_alloc_size": 1398,
    "count_alloc_actors": 69,
    "count_msg_app": 273,
    "count_msg_block": 0,
    "count_msg_unblock": 0,
    "count_msg_acquire": 17,
    "count_msg_release": 0,
    "count_msg_conf": 0,
    "count_msg_ack": 0,
    "time_in_gc": 0,
    "time_in_send_scan": 797522,
    "time_in_recv_scan": 1149322
  },
  {
    "count_gc_passes": 0,
    "count_alloc": 0,
    "count_alloc_size": 0,
    "count_alloc_actors": 0,
    "count_msg_app": 147,
    "count_msg_block": 0,
    "count_msg_unblock": 0,
    "count_msg_acquire": 13,
    "count_msg_release": 0,
    "count_msg_conf": 0,
    "count_msg_ack": 0,
    "time_in_gc": 0,
    "time_in_send_scan": 720493,
    "time_in_recv_scan": 1354272
  },
  {
    "count_gc_passes": 0,
    "count_alloc": 0,
    "count_alloc_size": 0,
    "count_alloc_actors": 0,
    "count_msg_app": 199,
    "count_msg_block": 0,
    "count_msg_unblock": 0,
    "count_msg_acquire": 17,
    "count_msg_release": 0,
    "count_msg_conf": 0,
    "count_msg_ack": 0,
    "time_in_gc": 0,
    "time_in_send_scan": 984445,
    "time_in_recv_scan": 1574563
  },
  {
    "count_gc_passes": 0,
    "count_alloc": 0,
    "count_alloc_size": 0,
    "count_alloc_actors": 0,
    "count_msg_app": 156,
    "count_msg_block": 0,
    "count_msg_unblock": 0,
    "count_msg_acquire": 17,
    "count_msg_release": 0,
    "count_msg_conf": 0,
    "count_msg_ack": 0,
    "time_in_gc": 0,
    "time_in_send_scan": 805161,
    "time_in_recv_scan": 1265576
  }
]
(time memory): (0.00 2604)

*** Iteration 9
Done 0
"telemetry": [
  {
    "count_gc_passes": 0,
    "count_alloc": 31,
    "count_alloc_size": 1398,
    "count_alloc_actors": 69,
    "count_msg_app": 297,
    "count_msg_block": 0,
    "count_msg_unblock": 0,
    "count_msg_acquire": 16,
    "count_msg_release": 0,
    "count_msg_conf": 0,
    "count_msg_ack": 0,
    "time_in_gc": 0,
    "time_in_send_scan": 915276,
    "time_in_recv_scan": 1322919
  },
  {
    "count_gc_passes": 0,
    "count_alloc": 0,
    "count_alloc_size": 0,
    "count_alloc_actors": 0,
    "count_msg_app": 154,
    "count_msg_block": 0,
    "count_msg_unblock": 0,
    "count_msg_acquire": 19,
    "count_msg_release": 0,
    "count_msg_conf": 0,
    "count_msg_ack": 0,
    "time_in_gc": 0,
    "time_in_send_scan": 851421,
    "time_in_recv_scan": 1521275
  },
  {
    "count_gc_passes": 0,
    "count_alloc": 0,
    "count_alloc_size": 0,
    "count_alloc_actors": 0,
    "count_msg_app": 178,
    "count_msg_block": 0,
    "count_msg_unblock": 0,
    "count_msg_acquire": 18,
    "count_msg_release": 0,
    "count_msg_conf": 0,
    "count_msg_ack": 0,
    "time_in_gc": 0,
    "time_in_send_scan": 937550,
    "time_in_recv_scan": 1436293
  },
  {
    "count_gc_passes": 0,
    "count_alloc": 0,
    "count_alloc_size": 0,
    "count_alloc_actors": 0,
    "count_msg_app": 146,
    "count_msg_block": 0,
    "count_msg_unblock": 0,
    "count_msg_acquire": 11,
    "count_msg_release": 0,
    "count_msg_conf": 0,
    "count_msg_ack": 0,
    "time_in_gc": 0,
    "time_in_send_scan": 721946,
    "time_in_recv_scan": 1140636
  }
]
(time memory): (0.00 2736)

*** Iteration 10
Done 0
"telemetry": [
  {
    "count_gc_passes": 0,
    "count_alloc": 27,
    "count_alloc_size": 1295,
    "count_alloc_actors": 69,
    "count_msg_app": 286,
    "count_msg_block": 0,
    "count_msg_unblock": 0,
    "count_msg_acquire": 14,
    "count_msg_release": 0,
    "count_msg_conf": 0,
    "count_msg_ack": 0,
    "time_in_gc": 0,
    "time_in_send_scan": 807699,
    "time_in_recv_scan": 1135585
  },
  {
    "count_gc_passes": 0,
    "count_alloc": 4,
    "count_alloc_size": 103,
    "count_alloc_actors": 0,
    "count_msg_app": 168,
    "count_msg_block": 0,
    "count_msg_unblock": 0,
    "count_msg_acquire": 17,
    "count_msg_release": 0,
    "count_msg_conf": 0,
    "count_msg_ack": 0,
    "time_in_gc": 0,
    "time_in_send_scan": 831486,
    "time_in_recv_scan": 1513277
  },
  {
    "count_gc_passes": 0,
    "count_alloc": 0,
    "count_alloc_size": 0,
    "count_alloc_actors": 0,
    "count_msg_app": 155,
    "count_msg_block": 0,
    "count_msg_unblock": 0,
    "count_msg_acquire": 16,
    "count_msg_release": 0,
    "count_msg_conf": 0,
    "count_msg_ack": 0,
    "time_in_gc": 0,
    "time_in_send_scan": 800536,
    "time_in_recv_scan": 1254486
  },
  {
    "count_gc_passes": 0,
    "count_alloc": 0,
    "count_alloc_size": 0,
    "count_alloc_actors": 0,
    "count_msg_app": 166,
    "count_msg_block": 0,
    "count_msg_unblock": 0,
    "count_msg_acquire": 17,
    "count_msg_release": 0,
    "count_msg_conf": 0,
    "count_msg_ack": 0,
    "time_in_gc": 0,
    "time_in_send_scan": 819335,
    "time_in_recv_scan": 1291460
  }
]
(time memory): (0.00 2772)


### Size: 8
*** Iteration 1
Done 0
"telemetry": [
  {
    "count_gc_passes": 0,
    "count_alloc": 267,
    "count_alloc_size": 8975,
    "count_alloc_actors": 69,
    "count_msg_app": 301,
    "count_msg_block": 0,
    "count_msg_unblock": 0,
    "count_msg_acquire": 23,
    "count_msg_release": 0,
    "count_msg_conf": 0,
    "count_msg_ack": 0,
    "time_in_gc": 0,
    "time_in_send_scan": 13634308,
    "time_in_recv_scan": 15168018
  },
  {
    "count_gc_passes": 0,
    "count_alloc": 0,
    "count_alloc_size": 0,
    "count_alloc_actors": 0,
    "count_msg_app": 149,
    "count_msg_block": 0,
    "count_msg_unblock": 0,
    "count_msg_acquire": 13,
    "count_msg_release": 0,
    "count_msg_conf": 0,
    "count_msg_ack": 0,
    "time_in_gc": 0,
    "time_in_send_scan": 11293235,
    "time_in_recv_scan": 13269012
  },
  {
    "count_gc_passes": 0,
    "count_alloc": 0,
    "count_alloc_size": 0,
    "count_alloc_actors": 0,
    "count_msg_app": 187,
    "count_msg_block": 0,
    "count_msg_unblock": 0,
    "count_msg_acquire": 15,
    "count_msg_release": 0,
    "count_msg_conf": 0,
    "count_msg_ack": 0,
    "time_in_gc": 0,
    "time_in_send_scan": 14098694,
    "time_in_recv_scan": 16730097
  },
  {
    "count_gc_passes": 0,
    "count_alloc": 4,
    "count_alloc_size": 103,
    "count_alloc_actors": 0,
    "count_msg_app": 138,
    "count_msg_block": 0,
    "count_msg_unblock": 0,
    "count_msg_acquire": 13,
    "count_msg_release": 0,
    "count_msg_conf": 0,
    "count_msg_ack": 0,
    "time_in_gc": 0,
    "time_in_send_scan": 10341211,
    "time_in_recv_scan": 12292141
  }
]
(time memory): (0.05 3456)

*** Iteration 2
Done 0
"telemetry": [
  {
    "count_gc_passes": 0,
    "count_alloc": 267,
    "count_alloc_size": 8975,
    "count_alloc_actors": 69,
    "count_msg_app": 291,
    "count_msg_block": 0,
    "count_msg_unblock": 0,
    "count_msg_acquire": 14,
    "count_msg_release": 0,
    "count_msg_conf": 0,
    "count_msg_ack": 0,
    "time_in_gc": 0,
    "time_in_send_scan": 11988599,
    "time_in_recv_scan": 14069512
  },
  {
    "count_gc_passes": 0,
    "count_alloc": 4,
    "count_alloc_size": 103,
    "count_alloc_actors": 0,
    "count_msg_app": 171,
    "count_msg_block": 0,
    "count_msg_unblock": 0,
    "count_msg_acquire": 19,
    "count_msg_release": 0,
    "count_msg_conf": 0,
    "count_msg_ack": 0,
    "time_in_gc": 0,
    "time_in_send_scan": 13222222,
    "time_in_recv_scan": 15324350
  },
  {
    "count_gc_passes": 0,
    "count_alloc": 0,
    "count_alloc_size": 0,
    "count_alloc_actors": 0,
    "count_msg_app": 158,
    "count_msg_block": 0,
    "count_msg_unblock": 0,
    "count_msg_acquire": 17,
    "count_msg_release": 0,
    "count_msg_conf": 0,
    "count_msg_ack": 0,
    "time_in_gc": 0,
    "time_in_send_scan": 12356861,
    "time_in_recv_scan": 14563388
  },
  {
    "count_gc_passes": 0,
    "count_alloc": 0,
    "count_alloc_size": 0,
    "count_alloc_actors": 0,
    "count_msg_app": 155,
    "count_msg_block": 0,
    "count_msg_unblock": 0,
    "count_msg_acquire": 14,
    "count_msg_release": 0,
    "count_msg_conf": 0,
    "count_msg_ack": 0,
    "time_in_gc": 0,
    "time_in_send_scan": 11816777,
    "time_in_recv_scan": 13750546
  }
]
(time memory): (0.05 3532)

*** Iteration 3
Done 0
"telemetry": [
  {
    "count_gc_passes": 0,
    "count_alloc": 267,
    "count_alloc_size": 8975,
    "count_alloc_actors": 69,
    "count_msg_app": 290,
    "count_msg_block": 0,
    "count_msg_unblock": 0,
    "count_msg_acquire": 18,
    "count_msg_release": 0,
    "count_msg_conf": 0,
    "count_msg_ack": 0,
    "time_in_gc": 0,
    "time_in_send_scan": 12496717,
    "time_in_recv_scan": 14417795
  },
  {
    "count_gc_passes": 0,
    "count_alloc": 0,
    "count_alloc_size": 0,
    "count_alloc_actors": 0,
    "count_msg_app": 152,
    "count_msg_block": 0,
    "count_msg_unblock": 0,
    "count_msg_acquire": 14,
    "count_msg_release": 0,
    "count_msg_conf": 0,
    "count_msg_ack": 0,
    "time_in_gc": 0,
    "time_in_send_scan": 11512969,
    "time_in_recv_scan": 13895993
  },
  {
    "count_gc_passes": 0,
    "count_alloc": 4,
    "count_alloc_size": 103,
    "count_alloc_actors": 0,
    "count_msg_app": 178,
    "count_msg_block": 0,
    "count_msg_unblock": 0,
    "count_msg_acquire": 16,
    "count_msg_release": 0,
    "count_msg_conf": 0,
    "count_msg_ack": 0,
    "time_in_gc": 0,
    "time_in_send_scan": 13629695,
    "time_in_recv_scan": 16182570
  },
  {
    "count_gc_passes": 0,
    "count_alloc": 0,
    "count_alloc_size": 0,
    "count_alloc_actors": 0,
    "count_msg_app": 155,
    "count_msg_block": 0,
    "count_msg_unblock": 0,
    "count_msg_acquire": 16,
    "count_msg_release": 0,
    "count_msg_conf": 0,
    "count_msg_ack": 0,
    "time_in_gc": 0,
    "time_in_send_scan": 11949955,
    "time_in_recv_scan": 14197585
  }
]
(time memory): (0.05 3528)

*** Iteration 4
Done 0
"telemetry": [
  {
    "count_gc_passes": 0,
    "count_alloc": 271,
    "count_alloc_size": 9078,
    "count_alloc_actors": 69,
    "count_msg_app": 277,
    "count_msg_block": 0,
    "count_msg_unblock": 0,
    "count_msg_acquire": 16,
    "count_msg_release": 0,
    "count_msg_conf": 0,
    "count_msg_ack": 0,
    "time_in_gc": 0,
    "time_in_send_scan": 11474917,
    "time_in_recv_scan": 13275572
  },
  {
    "count_gc_passes": 0,
    "count_alloc": 0,
    "count_alloc_size": 0,
    "count_alloc_actors": 0,
    "count_msg_app": 165,
    "count_msg_block": 0,
    "count_msg_unblock": 0,
    "count_msg_acquire": 10,
    "count_msg_release": 0,
    "count_msg_conf": 0,
    "count_msg_ack": 0,
    "time_in_gc": 0,
    "time_in_send_scan": 12143877,
    "time_in_recv_scan": 14805406
  },
  {
    "count_gc_passes": 0,
    "count_alloc": 0,
    "count_alloc_size": 0,
    "count_alloc_actors": 0,
    "count_msg_app": 180,
    "count_msg_block": 0,
    "count_msg_unblock": 0,
    "count_msg_acquire": 18,
    "count_msg_release": 0,
    "count_msg_conf": 0,
    "count_msg_ack": 0,
    "time_in_gc": 0,
    "time_in_send_scan": 14282169,
    "time_in_recv_scan": 16436717
  },
  {
    "count_gc_passes": 0,
    "count_alloc": 0,
    "count_alloc_size": 0,
    "count_alloc_actors": 0,
    "count_msg_app": 153,
    "count_msg_block": 0,
    "count_msg_unblock": 0,
    "count_msg_acquire": 20,
    "count_msg_release": 0,
    "count_msg_conf": 0,
    "count_msg_ack": 0,
    "time_in_gc": 0,
    "time_in_send_scan": 12394017,
    "time_in_recv_scan": 14198063
  }
]
(time memory): (0.05 3424)

*** Iteration 5
Done 0
"telemetry": [
  {
    "count_gc_passes": 0,
    "count_alloc": 271,
    "count_alloc_size": 9078,
    "count_alloc_actors": 69,
    "count_msg_app": 270,
    "count_msg_block": 0,
    "count_msg_unblock": 0,
    "count_msg_acquire": 13,
    "count_msg_release": 0,
    "count_msg_conf": 0,
    "count_msg_ack": 0,
    "time_in_gc": 0,
    "time_in_send_scan": 10442939,
    "time_in_recv_scan": 12244797
  },
  {
    "count_gc_passes": 0,
    "count_alloc": 0,
    "count_alloc_size": 0,
    "count_alloc_actors": 0,
    "count_msg_app": 165,
    "count_msg_block": 0,
    "count_msg_unblock": 0,
    "count_msg_acquire": 18,
    "count_msg_release": 0,
    "count_msg_conf": 0,
    "count_msg_ack": 0,
    "time_in_gc": 0,
    "time_in_send_scan": 12663134,
    "time_in_recv_scan": 14475615
  },
  {
    "count_gc_passes": 0,
    "count_alloc": 0,
    "count_alloc_size": 0,
    "count_alloc_actors": 0,
    "count_msg_app": 184,
    "count_msg_block": 0,
    "count_msg_unblock": 0,
    "count_msg_acquire": 16,
    "count_msg_release": 0,
    "count_msg_conf": 0,
    "count_msg_ack": 0,
    "time_in_gc": 0,
    "time_in_send_scan": 14103104,
    "time_in_recv_scan": 16408010
  },
  {
    "count_gc_passes": 0,
    "count_alloc": 0,
    "count_alloc_size": 0,
    "count_alloc_actors": 0,
    "count_msg_app": 156,
    "count_msg_block": 0,
    "count_msg_unblock": 0,
    "count_msg_acquire": 17,
    "count_msg_release": 0,
    "count_msg_conf": 0,
    "count_msg_ack": 0,
    "time_in_gc": 0,
    "time_in_send_scan": 12091815,
    "time_in_recv_scan": 13730374
  }
]
(time memory): (0.05 3416)

*** Iteration 6
Done 0
"telemetry": [
  {
    "count_gc_passes": 0,
    "count_alloc": 267,
    "count_alloc_size": 8975,
    "count_alloc_actors": 69,
    "count_msg_app": 298,
    "count_msg_block": 0,
    "count_msg_unblock": 0,
    "count_msg_acquire": 14,
    "count_msg_release": 0,
    "count_msg_conf": 0,
    "count_msg_ack": 0,
    "time_in_gc": 0,
    "time_in_send_scan": 12424915,
    "time_in_recv_scan": 14510703
  },
  {
    "count_gc_passes": 0,
    "count_alloc": 4,
    "count_alloc_size": 103,
    "count_alloc_actors": 0,
    "count_msg_app": 160,
    "count_msg_block": 0,
    "count_msg_unblock": 0,
    "count_msg_acquire": 20,
    "count_msg_release": 0,
    "count_msg_conf": 0,
    "count_msg_ack": 0,
    "time_in_gc": 0,
    "time_in_send_scan": 12502099,
    "time_in_recv_scan": 14430238
  },
  {
    "count_gc_passes": 0,
    "count_alloc": 0,
    "count_alloc_size": 0,
    "count_alloc_actors": 0,
    "count_msg_app": 169,
    "count_msg_block": 0,
    "count_msg_unblock": 0,
    "count_msg_acquire": 21,
    "count_msg_release": 0,
    "count_msg_conf": 0,
    "count_msg_ack": 0,
    "time_in_gc": 0,
    "time_in_send_scan": 13454632,
    "time_in_recv_scan": 15528818
  },
  {
    "count_gc_passes": 0,
    "count_alloc": 0,
    "count_alloc_size": 0,
    "count_alloc_actors": 0,
    "count_msg_app": 148,
    "count_msg_block": 0,
    "count_msg_unblock": 0,
    "count_msg_acquire": 9,
    "count_msg_release": 0,
    "count_msg_conf": 0,
    "count_msg_ack": 0,
    "time_in_gc": 0,
    "time_in_send_scan": 10840874,
    "time_in_recv_scan": 13099888
  }
]
(time memory): (0.05 3536)

*** Iteration 7
Done 0
"telemetry": [
  {
    "count_gc_passes": 0,
    "count_alloc": 271,
    "count_alloc_size": 9078,
    "count_alloc_actors": 69,
    "count_msg_app": 313,
    "count_msg_block": 0,
    "count_msg_unblock": 0,
    "count_msg_acquire": 16,
    "count_msg_release": 0,
    "count_msg_conf": 0,
    "count_msg_ack": 0,
    "time_in_gc": 0,
    "time_in_send_scan": 13545194,
    "time_in_recv_scan": 15763144
  },
  {
    "count_gc_passes": 0,
    "count_alloc": 0,
    "count_alloc_size": 0,
    "count_alloc_actors": 0,
    "count_msg_app": 139,
    "count_msg_block": 0,
    "count_msg_unblock": 0,
    "count_msg_acquire": 11,
    "count_msg_release": 0,
    "count_msg_conf": 0,
    "count_msg_ack": 0,
    "time_in_gc": 0,
    "time_in_send_scan": 10189242,
    "time_in_recv_scan": 12574956
  },
  {
    "count_gc_passes": 0,
    "count_alloc": 0,
    "count_alloc_size": 0,
    "count_alloc_actors": 0,
    "count_msg_app": 192,
    "count_msg_block": 0,
    "count_msg_unblock": 0,
    "count_msg_acquire": 21,
    "count_msg_release": 0,
    "count_msg_conf": 0,
    "count_msg_ack": 0,
    "time_in_gc": 0,
    "time_in_send_scan": 14973141,
    "time_in_recv_scan": 17449094
  },
  {
    "count_gc_passes": 0,
    "count_alloc": 0,
    "count_alloc_size": 0,
    "count_alloc_actors": 0,
    "count_msg_app": 131,
    "count_msg_block": 0,
    "count_msg_unblock": 0,
    "count_msg_acquire": 16,
    "count_msg_release": 0,
    "count_msg_conf": 0,
    "count_msg_ack": 0,
    "time_in_gc": 0,
    "time_in_send_scan": 10255663,
    "time_in_recv_scan": 11955255
  }
]
(time memory): (0.05 3508)

*** Iteration 8
Done 0
"telemetry": [
  {
    "count_gc_passes": 0,
    "count_alloc": 271,
    "count_alloc_size": 9078,
    "count_alloc_actors": 69,
    "count_msg_app": 283,
    "count_msg_block": 0,
    "count_msg_unblock": 0,
    "count_msg_acquire": 14,
    "count_msg_release": 0,
    "count_msg_conf": 0,
    "count_msg_ack": 0,
    "time_in_gc": 0,
    "time_in_send_scan": 11295826,
    "time_in_recv_scan": 12969628
  },
  {
    "count_gc_passes": 0,
    "count_alloc": 0,
    "count_alloc_size": 0,
    "count_alloc_actors": 0,
    "count_msg_app": 167,
    "count_msg_block": 0,
    "count_msg_unblock": 0,
    "count_msg_acquire": 22,
    "count_msg_release": 0,
    "count_msg_conf": 0,
    "count_msg_ack": 0,
    "time_in_gc": 0,
    "time_in_send_scan": 13022980,
    "time_in_recv_scan": 15105200
  },
  {
    "count_gc_passes": 0,
    "count_alloc": 0,
    "count_alloc_size": 0,
    "count_alloc_actors": 0,
    "count_msg_app": 170,
    "count_msg_block": 0,
    "count_msg_unblock": 0,
    "count_msg_acquire": 13,
    "count_msg_release": 0,
    "count_msg_conf": 0,
    "count_msg_ack": 0,
    "time_in_gc": 0,
    "time_in_send_scan": 12465257,
    "time_in_recv_scan": 15108966
  },
  {
    "count_gc_passes": 0,
    "count_alloc": 0,
    "count_alloc_size": 0,
    "count_alloc_actors": 0,
    "count_msg_app": 155,
    "count_msg_block": 0,
    "count_msg_unblock": 0,
    "count_msg_acquire": 15,
    "count_msg_release": 0,
    "count_msg_conf": 0,
    "count_msg_ack": 0,
    "time_in_gc": 0,
    "time_in_send_scan": 11623021,
    "time_in_recv_scan": 13188477
  }
]
(time memory): (0.04 3344)

*** Iteration 9
Done 0
"telemetry": [
  {
    "count_gc_passes": 0,
    "count_alloc": 271,
    "count_alloc_size": 9078,
    "count_alloc_actors": 69,
    "count_msg_app": 285,
    "count_msg_block": 0,
    "count_msg_unblock": 0,
    "count_msg_acquire": 13,
    "count_msg_release": 0,
    "count_msg_conf": 0,
    "count_msg_ack": 0,
    "time_in_gc": 0,
    "time_in_send_scan": 11441017,
    "time_in_recv_scan": 13327610
  },
  {
    "count_gc_passes": 0,
    "count_alloc": 0,
    "count_alloc_size": 0,
    "count_alloc_actors": 0,
    "count_msg_app": 164,
    "count_msg_block": 0,
    "count_msg_unblock": 0,
    "count_msg_acquire": 18,
    "count_msg_release": 0,
    "count_msg_conf": 0,
    "count_msg_ack": 0,
    "time_in_gc": 0,
    "time_in_send_scan": 12602020,
    "time_in_recv_scan": 14595582
  },
  {
    "count_gc_passes": 0,
    "count_alloc": 0,
    "count_alloc_size": 0,
    "count_alloc_actors": 0,
    "count_msg_app": 190,
    "count_msg_block": 0,
    "count_msg_unblock": 0,
    "count_msg_acquire": 19,
    "count_msg_release": 0,
    "count_msg_conf": 0,
    "count_msg_ack": 0,
    "time_in_gc": 0,
    "time_in_send_scan": 14602962,
    "time_in_recv_scan": 17025708
  },
  {
    "count_gc_passes": 0,
    "count_alloc": 0,
    "count_alloc_size": 0,
    "count_alloc_actors": 0,
    "count_msg_app": 136,
    "count_msg_block": 0,
    "count_msg_unblock": 0,
    "count_msg_acquire": 14,
    "count_msg_release": 0,
    "count_msg_conf": 0,
    "count_msg_ack": 0,
    "time_in_gc": 0,
    "time_in_send_scan": 10264624,
    "time_in_recv_scan": 12094443
  }
]
(time memory): (0.04 3492)

*** Iteration 10
Done 0
"telemetry": [
  {
    "count_gc_passes": 0,
    "count_alloc": 271,
    "count_alloc_size": 9078,
    "count_alloc_actors": 69,
    "count_msg_app": 304,
    "count_msg_block": 0,
    "count_msg_unblock": 0,
    "count_msg_acquire": 14,
    "count_msg_release": 0,
    "count_msg_conf": 0,
    "count_msg_ack": 0,
    "time_in_gc": 0,
    "time_in_send_scan": 12737936,
    "time_in_recv_scan": 14823536
  },
  {
    "count_gc_passes": 0,
    "count_alloc": 0,
    "count_alloc_size": 0,
    "count_alloc_actors": 0,
    "count_msg_app": 155,
    "count_msg_block": 0,
    "count_msg_unblock": 0,
    "count_msg_acquire": 15,
    "count_msg_release": 0,
    "count_msg_conf": 0,
    "count_msg_ack": 0,
    "time_in_gc": 0,
    "time_in_send_scan": 11705649,
    "time_in_recv_scan": 13570424
  },
  {
    "count_gc_passes": 0,
    "count_alloc": 0,
    "count_alloc_size": 0,
    "count_alloc_actors": 0,
    "count_msg_app": 159,
    "count_msg_block": 0,
    "count_msg_unblock": 0,
    "count_msg_acquire": 15,
    "count_msg_release": 0,
    "count_msg_conf": 0,
    "count_msg_ack": 0,
    "time_in_gc": 0,
    "time_in_send_scan": 12205461,
    "time_in_recv_scan": 14411331
  },
  {
    "count_gc_passes": 0,
    "count_alloc": 0,
    "count_alloc_size": 0,
    "count_alloc_actors": 0,
    "count_msg_app": 157,
    "count_msg_block": 0,
    "count_msg_unblock": 0,
    "count_msg_acquire": 20,
    "count_msg_release": 0,
    "count_msg_conf": 0,
    "count_msg_ack": 0,
    "time_in_gc": 0,
    "time_in_send_scan": 12393470,
    "time_in_recv_scan": 14150682
  }
]
(time memory): (0.04 3472)


### Size: 12
*** Iteration 1
Done 0
"telemetry": [
  {
    "count_gc_passes": 0,
    "count_alloc": 4107,
    "count_alloc_size": 131856,
    "count_alloc_actors": 69,
    "count_msg_app": 391,
    "count_msg_block": 0,
    "count_msg_unblock": 0,
    "count_msg_acquire": 20,
    "count_msg_release": 0,
    "count_msg_conf": 0,
    "count_msg_ack": 0,
    "time_in_gc": 0,
    "time_in_send_scan": 336749278,
    "time_in_recv_scan": 464738469
  },
  {
    "count_gc_passes": 0,
    "count_alloc": 4,
    "count_alloc_size": 103,
    "count_alloc_actors": 0,
    "count_msg_app": 307,
    "count_msg_block": 0,
    "count_msg_unblock": 0,
    "count_msg_acquire": 26,
    "count_msg_release": 0,
    "count_msg_conf": 0,
    "count_msg_ack": 0,
    "time_in_gc": 0,
    "time_in_send_scan": 397812821,
    "time_in_recv_scan": 560626105
  },
  {
    "count_gc_passes": 0,
    "count_alloc": 0,
    "count_alloc_size": 0,
    "count_alloc_actors": 0,
    "count_msg_app": 77,
    "count_msg_block": 0,
    "count_msg_unblock": 0,
    "count_msg_acquire": 18,
    "count_msg_release": 0,
    "count_msg_conf": 0,
    "count_msg_ack": 0,
    "time_in_gc": 0,
    "time_in_send_scan": 119914087,
    "time_in_recv_scan": 146473552
  },
  {
    "count_gc_passes": 0,
    "count_alloc": 0,
    "count_alloc_size": 0,
    "count_alloc_actors": 0,
    "count_msg_app": 0,
    "count_msg_block": 0,
    "count_msg_unblock": 0,
    "count_msg_acquire": 0,
    "count_msg_release": 0,
    "count_msg_conf": 0,
    "count_msg_ack": 0,
    "time_in_gc": 0,
    "time_in_send_scan": 0,
    "time_in_recv_scan": 16690
  }
]
(time memory): (0.88 29628)

*** Iteration 2
Done 0
"telemetry": [
  {
    "count_gc_passes": 0,
    "count_alloc": 4111,
    "count_alloc_size": 131959,
    "count_alloc_actors": 69,
    "count_msg_app": 432,
    "count_msg_block": 0,
    "count_msg_unblock": 0,
    "count_msg_acquire": 27,
    "count_msg_release": 0,
    "count_msg_conf": 0,
    "count_msg_ack": 0,
    "time_in_gc": 0,
    "time_in_send_scan": 399095991,
    "time_in_recv_scan": 541931386
  },
  {
    "count_gc_passes": 0,
    "count_alloc": 0,
    "count_alloc_size": 0,
    "count_alloc_actors": 0,
    "count_msg_app": 0,
    "count_msg_block": 0,
    "count_msg_unblock": 0,
    "count_msg_acquire": 0,
    "count_msg_release": 0,
    "count_msg_conf": 0,
    "count_msg_ack": 0,
    "time_in_gc": 0,
    "time_in_send_scan": 0,
    "time_in_recv_scan": 95051
  },
  {
    "count_gc_passes": 0,
    "count_alloc": 0,
    "count_alloc_size": 0,
    "count_alloc_actors": 0,
    "count_msg_app": 14,
    "count_msg_block": 0,
    "count_msg_unblock": 0,
    "count_msg_acquire": 14,
    "count_msg_release": 0,
    "count_msg_conf": 0,
    "count_msg_ack": 0,
    "time_in_gc": 0,
    "time_in_send_scan": 39793983,
    "time_in_recv_scan": 29947937
  },
  {
    "count_gc_passes": 0,
    "count_alloc": 0,
    "count_alloc_size": 0,
    "count_alloc_actors": 0,
    "count_msg_app": 329,
    "count_msg_block": 0,
    "count_msg_unblock": 0,
    "count_msg_acquire": 23,
    "count_msg_release": 0,
    "count_msg_conf": 0,
    "count_msg_ack": 0,
    "time_in_gc": 0,
    "time_in_send_scan": 418137601,
    "time_in_recv_scan": 589732716
  }
]
(time memory): (0.88 29244)

*** Iteration 3
Done 0
"telemetry": [
  {
    "count_gc_passes": 0,
    "count_alloc": 4107,
    "count_alloc_size": 131856,
    "count_alloc_actors": 69,
    "count_msg_app": 168,
    "count_msg_block": 0,
    "count_msg_unblock": 0,
    "count_msg_acquire": 21,
    "count_msg_release": 0,
    "count_msg_conf": 0,
    "count_msg_ack": 0,
    "time_in_gc": 0,
    "time_in_send_scan": 77561029,
    "time_in_recv_scan": 70731170
  },
  {
    "count_gc_passes": 0,
    "count_alloc": 0,
    "count_alloc_size": 0,
    "count_alloc_actors": 0,
    "count_msg_app": 36,
    "count_msg_block": 0,
    "count_msg_unblock": 0,
    "count_msg_acquire": 28,
    "count_msg_release": 0,
    "count_msg_conf": 0,
    "count_msg_ack": 0,
    "time_in_gc": 0,
    "time_in_send_scan": 92162447,
    "time_in_recv_scan": 77611580
  },
  {
    "count_gc_passes": 0,
    "count_alloc": 4,
    "count_alloc_size": 103,
    "count_alloc_actors": 0,
    "count_msg_app": 307,
    "count_msg_block": 0,
    "count_msg_unblock": 0,
    "count_msg_acquire": 0,
    "count_msg_release": 0,
    "count_msg_conf": 0,
    "count_msg_ack": 0,
    "time_in_gc": 0,
    "time_in_send_scan": 350792998,
    "time_in_recv_scan": 547438813
  },
  {
    "count_gc_passes": 0,
    "count_alloc": 0,
    "count_alloc_size": 0,
    "count_alloc_actors": 0,
    "count_msg_app": 264,
    "count_msg_block": 0,
    "count_msg_unblock": 0,
    "count_msg_acquire": 15,
    "count_msg_release": 0,
    "count_msg_conf": 0,
    "count_msg_ack": 0,
    "time_in_gc": 0,
    "time_in_send_scan": 325681011,
    "time_in_recv_scan": 469636481
  }
]
(time memory): (0.88 29744)

*** Iteration 4
Done 0
"telemetry": [
  {
    "count_gc_passes": 0,
    "count_alloc": 4107,
    "count_alloc_size": 131856,
    "count_alloc_actors": 69,
    "count_msg_app": 245,
    "count_msg_block": 0,
    "count_msg_unblock": 0,
    "count_msg_acquire": 20,
    "count_msg_release": 0,
    "count_msg_conf": 0,
    "count_msg_ack": 0,
    "time_in_gc": 0,
    "time_in_send_scan": 165894752,
    "time_in_recv_scan": 205551185
  },
  {
    "count_gc_passes": 0,
    "count_alloc": 0,
    "count_alloc_size": 0,
    "count_alloc_actors": 0,
    "count_msg_app": 171,
    "count_msg_block": 0,
    "count_msg_unblock": 0,
    "count_msg_acquire": 32,
    "count_msg_release": 0,
    "count_msg_conf": 0,
    "count_msg_ack": 0,
    "time_in_gc": 0,
    "time_in_send_scan": 254166873,
    "time_in_recv_scan": 319600499
  },
  {
    "count_gc_passes": 0,
    "count_alloc": 4,
    "count_alloc_size": 103,
    "count_alloc_actors": 0,
    "count_msg_app": 359,
    "count_msg_block": 0,
    "count_msg_unblock": 0,
    "count_msg_acquire": 12,
    "count_msg_release": 0,
    "count_msg_conf": 0,
    "count_msg_ack": 0,
    "time_in_gc": 0,
    "time_in_send_scan": 439833222,
    "time_in_recv_scan": 652133368
  },
  {
    "count_gc_passes": 0,
    "count_alloc": 0,
    "count_alloc_size": 0,
    "count_alloc_actors": 0,
    "count_msg_app": 0,
    "count_msg_block": 0,
    "count_msg_unblock": 0,
    "count_msg_acquire": 0,
    "count_msg_release": 0,
    "count_msg_conf": 0,
    "count_msg_ack": 0,
    "time_in_gc": 0,
    "time_in_send_scan": 0,
    "time_in_recv_scan": 46709
  }
]
(time memory): (0.89 29368)

*** Iteration 5
Done 0
"telemetry": [
  {
    "count_gc_passes": 0,
    "count_alloc": 4111,
    "count_alloc_size": 131959,
    "count_alloc_actors": 69,
    "count_msg_app": 437,
    "count_msg_block": 0,
    "count_msg_unblock": 0,
    "count_msg_acquire": 17,
    "count_msg_release": 0,
    "count_msg_conf": 0,
    "count_msg_ack": 0,
    "time_in_gc": 0,
    "time_in_send_scan": 377965132,
    "time_in_recv_scan": 534213510
  },
  {
    "count_gc_passes": 0,
    "count_alloc": 0,
    "count_alloc_size": 0,
    "count_alloc_actors": 0,
    "count_msg_app": 298,
    "count_msg_block": 0,
    "count_msg_unblock": 0,
    "count_msg_acquire": 14,
    "count_msg_release": 0,
    "count_msg_conf": 0,
    "count_msg_ack": 0,
    "time_in_gc": 0,
    "time_in_send_scan": 359751060,
    "time_in_recv_scan": 522212758
  },
  {
    "count_gc_passes": 0,
    "count_alloc": 0,
    "count_alloc_size": 0,
    "count_alloc_actors": 0,
    "count_msg_app": 27,
    "count_msg_block": 0,
    "count_msg_unblock": 0,
    "count_msg_acquire": 20,
    "count_msg_release": 0,
    "count_msg_conf": 0,
    "count_msg_ack": 0,
    "time_in_gc": 0,
    "time_in_send_scan": 67599978,
    "time_in_recv_scan": 55811497
  },
  {
    "count_gc_passes": 0,
    "count_alloc": 0,
    "count_alloc_size": 0,
    "count_alloc_actors": 0,
    "count_msg_app": 13,
    "count_msg_block": 0,
    "count_msg_unblock": 0,
    "count_msg_acquire": 13,
    "count_msg_release": 0,
    "count_msg_conf": 0,
    "count_msg_ack": 0,
    "time_in_gc": 0,
    "time_in_send_scan": 39202796,
    "time_in_recv_scan": 29818078
  }
]
(time memory): (0.87 32224)

*** Iteration 6
Done 0
"telemetry": [
  {
    "count_gc_passes": 0,
    "count_alloc": 4111,
    "count_alloc_size": 131959,
    "count_alloc_actors": 69,
    "count_msg_app": 346,
    "count_msg_block": 0,
    "count_msg_unblock": 0,
    "count_msg_acquire": 20,
    "count_msg_release": 0,
    "count_msg_conf": 0,
    "count_msg_ack": 0,
    "time_in_gc": 0,
    "time_in_send_scan": 277209731,
    "time_in_recv_scan": 382542236
  },
  {
    "count_gc_passes": 0,
    "count_alloc": 0,
    "count_alloc_size": 0,
    "count_alloc_actors": 0,
    "count_msg_app": 0,
    "count_msg_block": 0,
    "count_msg_unblock": 0,
    "count_msg_acquire": 0,
    "count_msg_release": 0,
    "count_msg_conf": 0,
    "count_msg_ack": 0,
    "time_in_gc": 0,
    "time_in_send_scan": 0,
    "time_in_recv_scan": 174156
  },
  {
    "count_gc_passes": 0,
    "count_alloc": 0,
    "count_alloc_size": 0,
    "count_alloc_actors": 0,
    "count_msg_app": 357,
    "count_msg_block": 0,
    "count_msg_unblock": 0,
    "count_msg_acquire": 21,
    "count_msg_release": 0,
    "count_msg_conf": 0,
    "count_msg_ack": 0,
    "time_in_gc": 0,
    "time_in_send_scan": 449382425,
    "time_in_recv_scan": 659241167
  },
  {
    "count_gc_passes": 0,
    "count_alloc": 0,
    "count_alloc_size": 0,
    "count_alloc_actors": 0,
    "count_msg_app": 72,
    "count_msg_block": 0,
    "count_msg_unblock": 0,
    "count_msg_acquire": 23,
    "count_msg_release": 0,
    "count_msg_conf": 0,
    "count_msg_ack": 0,
    "time_in_gc": 0,
    "time_in_send_scan": 124021360,
    "time_in_recv_scan": 137762345
  }
]
(time memory): (0.89 29244)

*** Iteration 7
Done 0
"telemetry": [
  {
    "count_gc_passes": 0,
    "count_alloc": 4107,
    "count_alloc_size": 131856,
    "count_alloc_actors": 69,
    "count_msg_app": 386,
    "count_msg_block": 0,
    "count_msg_unblock": 0,
    "count_msg_acquire": 12,
    "count_msg_release": 0,
    "count_msg_conf": 0,
    "count_msg_ack": 0,
    "time_in_gc": 0,
    "time_in_send_scan": 312298183,
    "time_in_recv_scan": 445550331
  },
  {
    "count_gc_passes": 0,
    "count_alloc": 4,
    "count_alloc_size": 103,
    "count_alloc_actors": 0,
    "count_msg_app": 85,
    "count_msg_block": 0,
    "count_msg_unblock": 0,
    "count_msg_acquire": 10,
    "count_msg_release": 0,
    "count_msg_conf": 0,
    "count_msg_ack": 0,
    "time_in_gc": 0,
    "time_in_send_scan": 113348278,
    "time_in_recv_scan": 152724657
  },
  {
    "count_gc_passes": 0,
    "count_alloc": 0,
    "count_alloc_size": 0,
    "count_alloc_actors": 0,
    "count_msg_app": 14,
    "count_msg_block": 0,
    "count_msg_unblock": 0,
    "count_msg_acquire": 13,
    "count_msg_release": 0,
    "count_msg_conf": 0,
    "count_msg_ack": 0,
    "time_in_gc": 0,
    "time_in_send_scan": 37425066,
    "time_in_recv_scan": 29347664
  },
  {
    "count_gc_passes": 0,
    "count_alloc": 0,
    "count_alloc_size": 0,
    "count_alloc_actors": 0,
    "count_msg_app": 290,
    "count_msg_block": 0,
    "count_msg_unblock": 0,
    "count_msg_acquire": 29,
    "count_msg_release": 0,
    "count_msg_conf": 0,
    "count_msg_ack": 0,
    "time_in_gc": 0,
    "time_in_send_scan": 385291216,
    "time_in_recv_scan": 530834050
  }
]
(time memory): (0.88 30128)

*** Iteration 8
Done 0
"telemetry": [
  {
    "count_gc_passes": 0,
    "count_alloc": 4111,
    "count_alloc_size": 131959,
    "count_alloc_actors": 69,
    "count_msg_app": 442,
    "count_msg_block": 0,
    "count_msg_unblock": 0,
    "count_msg_acquire": 20,
    "count_msg_release": 0,
    "count_msg_conf": 0,
    "count_msg_ack": 0,
    "time_in_gc": 0,
    "time_in_send_scan": 397206693,
    "time_in_recv_scan": 562103566
  },
  {
    "count_gc_passes": 0,
    "count_alloc": 0,
    "count_alloc_size": 0,
    "count_alloc_actors": 0,
    "count_msg_app": 0,
    "count_msg_block": 0,
    "count_msg_unblock": 0,
    "count_msg_acquire": 0,
    "count_msg_release": 0,
    "count_msg_conf": 0,
    "count_msg_ack": 0,
    "time_in_gc": 0,
    "time_in_send_scan": 0,
    "time_in_recv_scan": 165888
  },
  {
    "count_gc_passes": 0,
    "count_alloc": 0,
    "count_alloc_size": 0,
    "count_alloc_actors": 0,
    "count_msg_app": 16,
    "count_msg_block": 0,
    "count_msg_unblock": 0,
    "count_msg_acquire": 16,
    "count_msg_release": 0,
    "count_msg_conf": 0,
    "count_msg_ack": 0,
    "time_in_gc": 0,
    "time_in_send_scan": 46632757,
    "time_in_recv_scan": 34822703
  },
  {
    "count_gc_passes": 0,
    "count_alloc": 0,
    "count_alloc_size": 0,
    "count_alloc_actors": 0,
    "count_msg_app": 317,
    "count_msg_block": 0,
    "count_msg_unblock": 0,
    "count_msg_acquire": 28,
    "count_msg_release": 0,
    "count_msg_conf": 0,
    "count_msg_ack": 0,
    "time_in_gc": 0,
    "time_in_send_scan": 417987309,
    "time_in_recv_scan": 576170443
  }
]
(time memory): (0.89 28984)

*** Iteration 9
Done 0
"telemetry": [
  {
    "count_gc_passes": 0,
    "count_alloc": 4107,
    "count_alloc_size": 131856,
    "count_alloc_actors": 69,
    "count_msg_app": 428,
    "count_msg_block": 0,
    "count_msg_unblock": 0,
    "count_msg_acquire": 18,
    "count_msg_release": 0,
    "count_msg_conf": 0,
    "count_msg_ack": 0,
    "time_in_gc": 0,
    "time_in_send_scan": 373753624,
    "time_in_recv_scan": 533525609
  },
  {
    "count_gc_passes": 0,
    "count_alloc": 0,
    "count_alloc_size": 0,
    "count_alloc_actors": 0,
    "count_msg_app": 0,
    "count_msg_block": 0,
    "count_msg_unblock": 0,
    "count_msg_acquire": 0,
    "count_msg_release": 0,
    "count_msg_conf": 0,
    "count_msg_ack": 0,
    "time_in_gc": 0,
    "time_in_send_scan": 0,
    "time_in_recv_scan": 165945
  },
  {
    "count_gc_passes": 0,
    "count_alloc": 0,
    "count_alloc_size": 0,
    "count_alloc_actors": 0,
    "count_msg_app": 161,
    "count_msg_block": 0,
    "count_msg_unblock": 0,
    "count_msg_acquire": 19,
    "count_msg_release": 0,
    "count_msg_conf": 0,
    "count_msg_ack": 0,
    "time_in_gc": 0,
    "time_in_send_scan": 219382087,
    "time_in_recv_scan": 293867091
  },
  {
    "count_gc_passes": 0,
    "count_alloc": 4,
    "count_alloc_size": 103,
    "count_alloc_actors": 0,
    "count_msg_app": 186,
    "count_msg_block": 0,
    "count_msg_unblock": 0,
    "count_msg_acquire": 27,
    "count_msg_release": 0,
    "count_msg_conf": 0,
    "count_msg_ack": 0,
    "time_in_gc": 0,
    "time_in_send_scan": 260238190,
    "time_in_recv_scan": 340937648
  }
]
(time memory): (0.88 29384)

*** Iteration 10
Done 0
"telemetry": [
  {
    "count_gc_passes": 0,
    "count_alloc": 4111,
    "count_alloc_size": 131959,
    "count_alloc_actors": 69,
    "count_msg_app": 355,
    "count_msg_block": 0,
    "count_msg_unblock": 0,
    "count_msg_acquire": 0,
    "count_msg_release": 0,
    "count_msg_conf": 0,
    "count_msg_ack": 0,
    "time_in_gc": 0,
    "time_in_send_scan": 255299558,
    "time_in_recv_scan": 381855520
  },
  {
    "count_gc_passes": 0,
    "count_alloc": 0,
    "count_alloc_size": 0,
    "count_alloc_actors": 0,
    "count_msg_app": 212,
    "count_msg_block": 0,
    "count_msg_unblock": 0,
    "count_msg_acquire": 23,
    "count_msg_release": 0,
    "count_msg_conf": 0,
    "count_msg_ack": 0,
    "time_in_gc": 0,
    "time_in_send_scan": 284893549,
    "time_in_recv_scan": 382121032
  },
  {
    "count_gc_passes": 0,
    "count_alloc": 0,
    "count_alloc_size": 0,
    "count_alloc_actors": 0,
    "count_msg_app": 23,
    "count_msg_block": 0,
    "count_msg_unblock": 0,
    "count_msg_acquire": 21,
    "count_msg_release": 0,
    "count_msg_conf": 0,
    "count_msg_ack": 0,
    "time_in_gc": 0,
    "time_in_send_scan": 63119492,
    "time_in_recv_scan": 49287220
  },
  {
    "count_gc_passes": 0,
    "count_alloc": 0,
    "count_alloc_size": 0,
    "count_alloc_actors": 0,
    "count_msg_app": 185,
    "count_msg_block": 0,
    "count_msg_unblock": 0,
    "count_msg_acquire": 20,
    "count_msg_release": 0,
    "count_msg_conf": 0,
    "count_msg_ack": 0,
    "time_in_gc": 0,
    "time_in_send_scan": 245821515,
    "time_in_recv_scan": 337583037
  }
]
(time memory): (0.87 29292)


### Size: 16
*** Iteration 1
Done 0
"telemetry": [
  {
    "count_gc_passes": 0,
    "count_alloc": 65547,
    "count_alloc_size": 2097936,
    "count_alloc_actors": 69,
    "count_msg_app": 294,
    "count_msg_block": 0,
    "count_msg_unblock": 0,
    "count_msg_acquire": 18,
    "count_msg_release": 0,
    "count_msg_conf": 0,
    "count_msg_ack": 0,
    "time_in_gc": 0,
    "time_in_send_scan": 4726090738,
    "time_in_recv_scan": 5386029701
  },
  {
    "count_gc_passes": 0,
    "count_alloc": 0,
    "count_alloc_size": 0,
    "count_alloc_actors": 0,
    "count_msg_app": 141,
    "count_msg_block": 0,
    "count_msg_unblock": 0,
    "count_msg_acquire": 15,
    "count_msg_release": 0,
    "count_msg_conf": 0,
    "count_msg_ack": 0,
    "time_in_gc": 0,
    "time_in_send_scan": 4180881109,
    "time_in_recv_scan": 4769903381
  },
  {
    "count_gc_passes": 0,
    "count_alloc": 0,
    "count_alloc_size": 0,
    "count_alloc_actors": 0,
    "count_msg_app": 124,
    "count_msg_block": 0,
    "count_msg_unblock": 0,
    "count_msg_acquire": 15,
    "count_msg_release": 0,
    "count_msg_conf": 0,
    "count_msg_ack": 0,
    "time_in_gc": 0,
    "time_in_send_scan": 3778215795,
    "time_in_recv_scan": 4208166815
  },
  {
    "count_gc_passes": 0,
    "count_alloc": 4,
    "count_alloc_size": 103,
    "count_alloc_actors": 0,
    "count_msg_app": 216,
    "count_msg_block": 0,
    "count_msg_unblock": 0,
    "count_msg_acquire": 16,
    "count_msg_release": 0,
    "count_msg_conf": 0,
    "count_msg_ack": 0,
    "time_in_gc": 0,
    "time_in_send_scan": 6109744782,
    "time_in_recv_scan": 7323814832
  }
]
(time memory): (17.63 284532)

*** Iteration 2
Done 0
"telemetry": [
  {
    "count_gc_passes": 0,
    "count_alloc": 65551,
    "count_alloc_size": 2098039,
    "count_alloc_actors": 69,
    "count_msg_app": 184,
    "count_msg_block": 0,
    "count_msg_unblock": 0,
    "count_msg_acquire": 13,
    "count_msg_release": 0,
    "count_msg_conf": 0,
    "count_msg_ack": 0,
    "time_in_gc": 0,
    "time_in_send_scan": 1737301625,
    "time_in_recv_scan": 1759848174
  },
  {
    "count_gc_passes": 0,
    "count_alloc": 0,
    "count_alloc_size": 0,
    "count_alloc_actors": 0,
    "count_msg_app": 339,
    "count_msg_block": 0,
    "count_msg_unblock": 0,
    "count_msg_acquire": 15,
    "count_msg_release": 0,
    "count_msg_conf": 0,
    "count_msg_ack": 0,
    "time_in_gc": 0,
    "time_in_send_scan": 9263073452,
    "time_in_recv_scan": 11183425253
  },
  {
    "count_gc_passes": 0,
    "count_alloc": 0,
    "count_alloc_size": 0,
    "count_alloc_actors": 0,
    "count_msg_app": 19,
    "count_msg_block": 0,
    "count_msg_unblock": 0,
    "count_msg_acquire": 19,
    "count_msg_release": 0,
    "count_msg_conf": 0,
    "count_msg_ack": 0,
    "time_in_gc": 0,
    "time_in_send_scan": 1224754909,
    "time_in_recv_scan": 741884414
  },
  {
    "count_gc_passes": 0,
    "count_alloc": 0,
    "count_alloc_size": 0,
    "count_alloc_actors": 0,
    "count_msg_app": 233,
    "count_msg_block": 0,
    "count_msg_unblock": 0,
    "count_msg_acquire": 17,
    "count_msg_release": 0,
    "count_msg_conf": 0,
    "count_msg_ack": 0,
    "time_in_gc": 0,
    "time_in_send_scan": 6712441784,
    "time_in_recv_scan": 7771739766
  }
]
(time memory): (17.59 285432)

*** Iteration 3
Done 0
"telemetry": [
  {
    "count_gc_passes": 0,
    "count_alloc": 65547,
    "count_alloc_size": 2097936,
    "count_alloc_actors": 69,
    "count_msg_app": 374,
    "count_msg_block": 0,
    "count_msg_unblock": 0,
    "count_msg_acquire": 15,
    "count_msg_release": 0,
    "count_msg_conf": 0,
    "count_msg_ack": 0,
    "time_in_gc": 0,
    "time_in_send_scan": 6641156877,
    "time_in_recv_scan": 7913345934
  },
  {
    "count_gc_passes": 0,
    "count_alloc": 4,
    "count_alloc_size": 103,
    "count_alloc_actors": 0,
    "count_msg_app": 125,
    "count_msg_block": 0,
    "count_msg_unblock": 0,
    "count_msg_acquire": 16,
    "count_msg_release": 0,
    "count_msg_conf": 0,
    "count_msg_ack": 0,
    "time_in_gc": 0,
    "time_in_send_scan": 3823299145,
    "time_in_recv_scan": 4244040638
  },
  {
    "count_gc_passes": 0,
    "count_alloc": 0,
    "count_alloc_size": 0,
    "count_alloc_actors": 0,
    "count_msg_app": 17,
    "count_msg_block": 0,
    "count_msg_unblock": 0,
    "count_msg_acquire": 17,
    "count_msg_release": 0,
    "count_msg_conf": 0,
    "count_msg_ack": 0,
    "time_in_gc": 0,
    "time_in_send_scan": 1100142456,
    "time_in_recv_scan": 664433524
  },
  {
    "count_gc_passes": 0,
    "count_alloc": 0,
    "count_alloc_size": 0,
    "count_alloc_actors": 0,
    "count_msg_app": 259,
    "count_msg_block": 0,
    "count_msg_unblock": 0,
    "count_msg_acquire": 16,
    "count_msg_release": 0,
    "count_msg_conf": 0,
    "count_msg_ack": 0,
    "time_in_gc": 0,
    "time_in_send_scan": 7313253552,
    "time_in_recv_scan": 8628271304
  }
]
(time memory): (17.56 284532)

*** Iteration 4
Done 0
"telemetry": [
  {
    "count_gc_passes": 0,
    "count_alloc": 65551,
    "count_alloc_size": 2098039,
    "count_alloc_actors": 69,
    "count_msg_app": 222,
    "count_msg_block": 0,
    "count_msg_unblock": 0,
    "count_msg_acquire": 18,
    "count_msg_release": 0,
    "count_msg_conf": 0,
    "count_msg_ack": 0,
    "time_in_gc": 0,
    "time_in_send_scan": 2876053985,
    "time_in_recv_scan": 3052439697
  },
  {
    "count_gc_passes": 0,
    "count_alloc": 0,
    "count_alloc_size": 0,
    "count_alloc_actors": 0,
    "count_msg_app": 55,
    "count_msg_block": 0,
    "count_msg_unblock": 0,
    "count_msg_acquire": 14,
    "count_msg_release": 0,
    "count_msg_conf": 0,
    "count_msg_ack": 0,
    "time_in_gc": 0,
    "time_in_send_scan": 1983034469,
    "time_in_recv_scan": 1914591522
  },
  {
    "count_gc_passes": 0,
    "count_alloc": 0,
    "count_alloc_size": 0,
    "count_alloc_actors": 0,
    "count_msg_app": 480,
    "count_msg_block": 0,
    "count_msg_unblock": 0,
    "count_msg_acquire": 14,
    "count_msg_release": 0,
    "count_msg_conf": 0,
    "count_msg_ack": 0,
    "time_in_gc": 0,
    "time_in_send_scan": 12916814578,
    "time_in_recv_scan": 16056454079
  },
  {
    "count_gc_passes": 0,
    "count_alloc": 0,
    "count_alloc_size": 0,
    "count_alloc_actors": 0,
    "count_msg_app": 18,
    "count_msg_block": 0,
    "count_msg_unblock": 0,
    "count_msg_acquire": 18,
    "count_msg_release": 0,
    "count_msg_conf": 0,
    "count_msg_ack": 0,
    "time_in_gc": 0,
    "time_in_send_scan": 1160787913,
    "time_in_recv_scan": 695726606
  }
]
(time memory): (17.70 284404)

*** Iteration 5
Done 0
"telemetry": [
  {
    "count_gc_passes": 0,
    "count_alloc": 65547,
    "count_alloc_size": 2097936,
    "count_alloc_actors": 69,
    "count_msg_app": 305,
    "count_msg_block": 0,
    "count_msg_unblock": 0,
    "count_msg_acquire": 16,
    "count_msg_release": 0,
    "count_msg_conf": 0,
    "count_msg_ack": 0,
    "time_in_gc": 0,
    "time_in_send_scan": 4971427625,
    "time_in_recv_scan": 5773584156
  },
  {
    "count_gc_passes": 0,
    "count_alloc": 0,
    "count_alloc_size": 0,
    "count_alloc_actors": 0,
    "count_msg_app": 229,
    "count_msg_block": 0,
    "count_msg_unblock": 0,
    "count_msg_acquire": 14,
    "count_msg_release": 0,
    "count_msg_conf": 0,
    "count_msg_ack": 0,
    "time_in_gc": 0,
    "time_in_send_scan": 6509706837,
    "time_in_recv_scan": 7633607779
  },
  {
    "count_gc_passes": 0,
    "count_alloc": 0,
    "count_alloc_size": 0,
    "count_alloc_actors": 0,
    "count_msg_app": 54,
    "count_msg_block": 0,
    "count_msg_unblock": 0,
    "count_msg_acquire": 10,
    "count_msg_release": 0,
    "count_msg_conf": 0,
    "count_msg_ack": 0,
    "time_in_gc": 0,
    "time_in_send_scan": 1815575143,
    "time_in_recv_scan": 1868337162
  },
  {
    "count_gc_passes": 0,
    "count_alloc": 4,
    "count_alloc_size": 103,
    "count_alloc_actors": 0,
    "count_msg_app": 187,
    "count_msg_block": 0,
    "count_msg_unblock": 0,
    "count_msg_acquire": 24,
    "count_msg_release": 0,
    "count_msg_conf": 0,
    "count_msg_ack": 0,
    "time_in_gc": 0,
    "time_in_send_scan": 5758099919,
    "time_in_recv_scan": 6214126280
  }
]
(time memory): (17.65 284508)

*** Iteration 6
Done 0
"telemetry": [
  {
    "count_gc_passes": 0,
    "count_alloc": 65547,
    "count_alloc_size": 2097936,
    "count_alloc_actors": 69,
    "count_msg_app": 149,
    "count_msg_block": 0,
    "count_msg_unblock": 0,
    "count_msg_acquire": 15,
    "count_msg_release": 0,
    "count_msg_conf": 0,
    "count_msg_ack": 0,
    "time_in_gc": 0,
    "time_in_send_scan": 908608731,
    "time_in_recv_scan": 564432228
  },
  {
    "count_gc_passes": 0,
    "count_alloc": 4,
    "count_alloc_size": 103,
    "count_alloc_actors": 0,
    "count_msg_app": 63,
    "count_msg_block": 0,
    "count_msg_unblock": 0,
    "count_msg_acquire": 17,
    "count_msg_release": 0,
    "count_msg_conf": 0,
    "count_msg_ack": 0,
    "time_in_gc": 0,
    "time_in_send_scan": 2267567635,
    "time_in_recv_scan": 2200092907
  },
  {
    "count_gc_passes": 0,
    "count_alloc": 0,
    "count_alloc_size": 0,
    "count_alloc_actors": 0,
    "count_msg_app": 118,
    "count_msg_block": 0,
    "count_msg_unblock": 0,
    "count_msg_acquire": 18,
    "count_msg_release": 0,
    "count_msg_conf": 0,
    "count_msg_ack": 0,
    "time_in_gc": 0,
    "time_in_send_scan": 3732319856,
    "time_in_recv_scan": 3995340051
  },
  {
    "count_gc_passes": 0,
    "count_alloc": 0,
    "count_alloc_size": 0,
    "count_alloc_actors": 0,
    "count_msg_app": 445,
    "count_msg_block": 0,
    "count_msg_unblock": 0,
    "count_msg_acquire": 14,
    "count_msg_release": 0,
    "count_msg_conf": 0,
    "count_msg_ack": 0,
    "time_in_gc": 0,
    "time_in_send_scan": 12181825683,
    "time_in_recv_scan": 14614848834
  }
]
(time memory): (17.62 285524)

*** Iteration 7
Done 0
"telemetry": [
  {
    "count_gc_passes": 0,
    "count_alloc": 65547,
    "count_alloc_size": 2097936,
    "count_alloc_actors": 69,
    "count_msg_app": 262,
    "count_msg_block": 0,
    "count_msg_unblock": 0,
    "count_msg_acquire": 16,
    "count_msg_release": 0,
    "count_msg_conf": 0,
    "count_msg_ack": 0,
    "time_in_gc": 0,
    "time_in_send_scan": 3846172864,
    "time_in_recv_scan": 4390127873
  },
  {
    "count_gc_passes": 0,
    "count_alloc": 4,
    "count_alloc_size": 103,
    "count_alloc_actors": 0,
    "count_msg_app": 285,
    "count_msg_block": 0,
    "count_msg_unblock": 0,
    "count_msg_acquire": 16,
    "count_msg_release": 0,
    "count_msg_conf": 0,
    "count_msg_ack": 0,
    "time_in_gc": 0,
    "time_in_send_scan": 7942751041,
    "time_in_recv_scan": 9787222071
  },
  {
    "count_gc_passes": 0,
    "count_alloc": 0,
    "count_alloc_size": 0,
    "count_alloc_actors": 0,
    "count_msg_app": 18,
    "count_msg_block": 0,
    "count_msg_unblock": 0,
    "count_msg_acquire": 18,
    "count_msg_release": 0,
    "count_msg_conf": 0,
    "count_msg_ack": 0,
    "time_in_gc": 0,
    "time_in_send_scan": 1161529452,
    "time_in_recv_scan": 698924079
  },
  {
    "count_gc_passes": 0,
    "count_alloc": 0,
    "count_alloc_size": 0,
    "count_alloc_actors": 0,
    "count_msg_app": 210,
    "count_msg_block": 0,
    "count_msg_unblock": 0,
    "count_msg_acquire": 14,
    "count_msg_release": 0,
    "count_msg_conf": 0,
    "count_msg_ack": 0,
    "time_in_gc": 0,
    "time_in_send_scan": 5978690070,
    "time_in_recv_scan": 7064369034
  }
]
(time memory): (17.79 284404)

*** Iteration 8
Done 0
"telemetry": [
  {
    "count_gc_passes": 0,
    "count_alloc": 65547,
    "count_alloc_size": 2097936,
    "count_alloc_actors": 69,
    "count_msg_app": 156,
    "count_msg_block": 0,
    "count_msg_unblock": 0,
    "count_msg_acquire": 22,
    "count_msg_release": 0,
    "count_msg_conf": 0,
    "count_msg_ack": 0,
    "time_in_gc": 0,
    "time_in_send_scan": 1329976736,
    "time_in_recv_scan": 839956749
  },
  {
    "count_gc_passes": 0,
    "count_alloc": 0,
    "count_alloc_size": 0,
    "count_alloc_actors": 0,
    "count_msg_app": 96,
    "count_msg_block": 0,
    "count_msg_unblock": 0,
    "count_msg_acquire": 11,
    "count_msg_release": 0,
    "count_msg_conf": 0,
    "count_msg_ack": 0,
    "time_in_gc": 0,
    "time_in_send_scan": 2851099999,
    "time_in_recv_scan": 3160728470
  },
  {
    "count_gc_passes": 0,
    "count_alloc": 0,
    "count_alloc_size": 0,
    "count_alloc_actors": 0,
    "count_msg_app": 141,
    "count_msg_block": 0,
    "count_msg_unblock": 0,
    "count_msg_acquire": 19,
    "count_msg_release": 0,
    "count_msg_conf": 0,
    "count_msg_ack": 0,
    "time_in_gc": 0,
    "time_in_send_scan": 4394302678,
    "time_in_recv_scan": 4770706183
  },
  {
    "count_gc_passes": 0,
    "count_alloc": 4,
    "count_alloc_size": 103,
    "count_alloc_actors": 0,
    "count_msg_app": 382,
    "count_msg_block": 0,
    "count_msg_unblock": 0,
    "count_msg_acquire": 12,
    "count_msg_release": 0,
    "count_msg_conf": 0,
    "count_msg_ack": 0,
    "time_in_gc": 0,
    "time_in_send_scan": 10191133376,
    "time_in_recv_scan": 12882659954
  }
]
(time memory): (17.60 285424)

*** Iteration 9
Done 0
"telemetry": [
  {
    "count_gc_passes": 0,
    "count_alloc": 65551,
    "count_alloc_size": 2098039,
    "count_alloc_actors": 69,
    "count_msg_app": 454,
    "count_msg_block": 0,
    "count_msg_unblock": 0,
    "count_msg_acquire": 15,
    "count_msg_release": 0,
    "count_msg_conf": 0,
    "count_msg_ack": 0,
    "time_in_gc": 0,
    "time_in_send_scan": 8764149941,
    "time_in_recv_scan": 10787112936
  },
  {
    "count_gc_passes": 0,
    "count_alloc": 0,
    "count_alloc_size": 0,
    "count_alloc_actors": 0,
    "count_msg_app": 12,
    "count_msg_block": 0,
    "count_msg_unblock": 0,
    "count_msg_acquire": 12,
    "count_msg_release": 0,
    "count_msg_conf": 0,
    "count_msg_ack": 0,
    "time_in_gc": 0,
    "time_in_send_scan": 774347564,
    "time_in_recv_scan": 468309782
  },
  {
    "count_gc_passes": 0,
    "count_alloc": 0,
    "count_alloc_size": 0,
    "count_alloc_actors": 0,
    "count_msg_app": 145,
    "count_msg_block": 0,
    "count_msg_unblock": 0,
    "count_msg_acquire": 18,
    "count_msg_release": 0,
    "count_msg_conf": 0,
    "count_msg_ack": 0,
    "time_in_gc": 0,
    "time_in_send_scan": 4490287583,
    "time_in_recv_scan": 4886639193
  },
  {
    "count_gc_passes": 0,
    "count_alloc": 0,
    "count_alloc_size": 0,
    "count_alloc_actors": 0,
    "count_msg_app": 164,
    "count_msg_block": 0,
    "count_msg_unblock": 0,
    "count_msg_acquire": 19,
    "count_msg_release": 0,
    "count_msg_conf": 0,
    "count_msg_ack": 0,
    "time_in_gc": 0,
    "time_in_send_scan": 4947058777,
    "time_in_recv_scan": 5469621795
  }
]
(time memory): (17.67 284404)

*** Iteration 10
Done 0
"telemetry": [
  {
    "count_gc_passes": 0,
    "count_alloc": 65547,
    "count_alloc_size": 2097936,
    "count_alloc_actors": 69,
    "count_msg_app": 283,
    "count_msg_block": 0,
    "count_msg_unblock": 0,
    "count_msg_acquire": 11,
    "count_msg_release": 0,
    "count_msg_conf": 0,
    "count_msg_ack": 0,
    "time_in_gc": 0,
    "time_in_send_scan": 4336935932,
    "time_in_recv_scan": 5185903476
  },
  {
    "count_gc_passes": 0,
    "count_alloc": 0,
    "count_alloc_size": 0,
    "count_alloc_actors": 0,
    "count_msg_app": 63,
    "count_msg_block": 0,
    "count_msg_unblock": 0,
    "count_msg_acquire": 14,
    "count_msg_release": 0,
    "count_msg_conf": 0,
    "count_msg_ack": 0,
    "time_in_gc": 0,
    "time_in_send_scan": 2159069858,
    "time_in_recv_scan": 2118654475
  },
  {
    "count_gc_passes": 0,
    "count_alloc": 4,
    "count_alloc_size": 103,
    "count_alloc_actors": 0,
    "count_msg_app": 411,
    "count_msg_block": 0,
    "count_msg_unblock": 0,
    "count_msg_acquire": 21,
    "count_msg_release": 0,
    "count_msg_conf": 0,
    "count_msg_ack": 0,
    "time_in_gc": 0,
    "time_in_send_scan": 11656214069,
    "time_in_recv_scan": 13751952159
  },
  {
    "count_gc_passes": 0,
    "count_alloc": 0,
    "count_alloc_size": 0,
    "count_alloc_actors": 0,
    "count_msg_app": 18,
    "count_msg_block": 0,
    "count_msg_unblock": 0,
    "count_msg_acquire": 18,
    "count_msg_release": 0,
    "count_msg_conf": 0,
    "count_msg_ack": 0,
    "time_in_gc": 0,
    "time_in_send_scan": 1159584115,
    "time_in_recv_scan": 692596172
  }
]
(time memory): (17.99 284372)

