### Size: 4
*** Iteration 1
Done 0
"telemetry": [
  {
    "count_gc_passes": 1,
    "count_alloc": 27,
    "count_alloc_size": 1295,
    "count_alloc_actors": 69,
    "count_msg_app": 286,
    "count_msg_block": 0,
    "count_msg_unblock": 0,
    "count_msg_acquire": 12,
    "count_msg_release": 64,
    "count_msg_conf": 0,
    "count_msg_ack": 0,
    "time_in_gc": 28214,
    "time_in_send_scan": 816955,
    "time_in_recv_scan": 1307354
  },
  {
    "count_gc_passes": 0,
    "count_alloc": 0,
    "count_alloc_size": 0,
    "count_alloc_actors": 0,
    "count_msg_app": 151,
    "count_msg_block": 0,
    "count_msg_unblock": 0,
    "count_msg_acquire": 20,
    "count_msg_release": 0,
    "count_msg_conf": 0,
    "count_msg_ack": 0,
    "time_in_gc": 0,
    "time_in_send_scan": 818877,
    "time_in_recv_scan": 1407301
  },
  {
    "count_gc_passes": 0,
    "count_alloc": 0,
    "count_alloc_size": 0,
    "count_alloc_actors": 0,
    "count_msg_app": 157,
    "count_msg_block": 0,
    "count_msg_unblock": 0,
    "count_msg_acquire": 19,
    "count_msg_release": 0,
    "count_msg_conf": 0,
    "count_msg_ack": 0,
    "time_in_gc": 0,
    "time_in_send_scan": 867230,
    "time_in_recv_scan": 1222878
  },
  {
    "count_gc_passes": 0,
    "count_alloc": 4,
    "count_alloc_size": 103,
    "count_alloc_actors": 0,
    "count_msg_app": 181,
    "count_msg_block": 0,
    "count_msg_unblock": 0,
    "count_msg_acquire": 13,
    "count_msg_release": 0,
    "count_msg_conf": 0,
    "count_msg_ack": 0,
    "time_in_gc": 0,
    "time_in_send_scan": 936210,
    "time_in_recv_scan": 1331250
  }
]
(time memory): (0.00 2636)

*** Iteration 2
Done 0
"telemetry": [
  {
    "count_gc_passes": 1,
    "count_alloc": 31,
    "count_alloc_size": 1398,
    "count_alloc_actors": 69,
    "count_msg_app": 292,
    "count_msg_block": 0,
    "count_msg_unblock": 0,
    "count_msg_acquire": 16,
    "count_msg_release": 64,
    "count_msg_conf": 0,
    "count_msg_ack": 0,
    "time_in_gc": 78410,
    "time_in_send_scan": 887572,
    "time_in_recv_scan": 1228294
  },
  {
    "count_gc_passes": 0,
    "count_alloc": 0,
    "count_alloc_size": 0,
    "count_alloc_actors": 0,
    "count_msg_app": 155,
    "count_msg_block": 0,
    "count_msg_unblock": 0,
    "count_msg_acquire": 23,
    "count_msg_release": 0,
    "count_msg_conf": 0,
    "count_msg_ack": 0,
    "time_in_gc": 0,
    "time_in_send_scan": 881628,
    "time_in_recv_scan": 1441629
  },
  {
    "count_gc_passes": 0,
    "count_alloc": 0,
    "count_alloc_size": 0,
    "count_alloc_actors": 0,
    "count_msg_app": 158,
    "count_msg_block": 0,
    "count_msg_unblock": 0,
    "count_msg_acquire": 10,
    "count_msg_release": 0,
    "count_msg_conf": 0,
    "count_msg_ack": 0,
    "time_in_gc": 0,
    "time_in_send_scan": 787854,
    "time_in_recv_scan": 1366070
  },
  {
    "count_gc_passes": 0,
    "count_alloc": 0,
    "count_alloc_size": 0,
    "count_alloc_actors": 0,
    "count_msg_app": 170,
    "count_msg_block": 0,
    "count_msg_unblock": 0,
    "count_msg_acquire": 15,
    "count_msg_release": 0,
    "count_msg_conf": 0,
    "count_msg_ack": 0,
    "time_in_gc": 0,
    "time_in_send_scan": 885880,
    "time_in_recv_scan": 1373907
  }
]
(time memory): (0.00 2732)

*** Iteration 3
Done 0
"telemetry": [
  {
    "count_gc_passes": 1,
    "count_alloc": 27,
    "count_alloc_size": 1295,
    "count_alloc_actors": 69,
    "count_msg_app": 289,
    "count_msg_block": 0,
    "count_msg_unblock": 0,
    "count_msg_acquire": 14,
    "count_msg_release": 64,
    "count_msg_conf": 0,
    "count_msg_ack": 0,
    "time_in_gc": 55169,
    "time_in_send_scan": 791090,
    "time_in_recv_scan": 1128978
  },
  {
    "count_gc_passes": 0,
    "count_alloc": 0,
    "count_alloc_size": 0,
    "count_alloc_actors": 0,
    "count_msg_app": 149,
    "count_msg_block": 0,
    "count_msg_unblock": 0,
    "count_msg_acquire": 15,
    "count_msg_release": 0,
    "count_msg_conf": 0,
    "count_msg_ack": 0,
    "time_in_gc": 0,
    "time_in_send_scan": 735628,
    "time_in_recv_scan": 1385665
  },
  {
    "count_gc_passes": 0,
    "count_alloc": 0,
    "count_alloc_size": 0,
    "count_alloc_actors": 0,
    "count_msg_app": 156,
    "count_msg_block": 0,
    "count_msg_unblock": 0,
    "count_msg_acquire": 13,
    "count_msg_release": 0,
    "count_msg_conf": 0,
    "count_msg_ack": 0,
    "time_in_gc": 0,
    "time_in_send_scan": 764654,
    "time_in_recv_scan": 1188585
  },
  {
    "count_gc_passes": 0,
    "count_alloc": 4,
    "count_alloc_size": 103,
    "count_alloc_actors": 0,
    "count_msg_app": 181,
    "count_msg_block": 0,
    "count_msg_unblock": 0,
    "count_msg_acquire": 22,
    "count_msg_release": 0,
    "count_msg_conf": 0,
    "count_msg_ack": 0,
    "time_in_gc": 0,
    "time_in_send_scan": 919611,
    "time_in_recv_scan": 1348669
  }
]
(time memory): (0.00 2640)

*** Iteration 4
Done 0
"telemetry": [
  {
    "count_gc_passes": 1,
    "count_alloc": 31,
    "count_alloc_size": 1398,
    "count_alloc_actors": 69,
    "count_msg_app": 300,
    "count_msg_block": 0,
    "count_msg_unblock": 0,
    "count_msg_acquire": 12,
    "count_msg_release": 64,
    "count_msg_conf": 0,
    "count_msg_ack": 0,
    "time_in_gc": 65198,
    "time_in_send_scan": 865559,
    "time_in_recv_scan": 1236644
  },
  {
    "count_gc_passes": 0,
    "count_alloc": 0,
    "count_alloc_size": 0,
    "count_alloc_actors": 0,
    "count_msg_app": 170,
    "count_msg_block": 0,
    "count_msg_unblock": 0,
    "count_msg_acquire": 19,
    "count_msg_release": 0,
    "count_msg_conf": 0,
    "count_msg_ack": 0,
    "time_in_gc": 0,
    "time_in_send_scan": 895243,
    "time_in_recv_scan": 1440170
  },
  {
    "count_gc_passes": 0,
    "count_alloc": 0,
    "count_alloc_size": 0,
    "count_alloc_actors": 0,
    "count_msg_app": 157,
    "count_msg_block": 0,
    "count_msg_unblock": 0,
    "count_msg_acquire": 18,
    "count_msg_release": 0,
    "count_msg_conf": 0,
    "count_msg_ack": 0,
    "time_in_gc": 0,
    "time_in_send_scan": 806800,
    "time_in_recv_scan": 1273049
  },
  {
    "count_gc_passes": 0,
    "count_alloc": 0,
    "count_alloc_size": 0,
    "count_alloc_actors": 0,
    "count_msg_app": 148,
    "count_msg_block": 0,
    "count_msg_unblock": 0,
    "count_msg_acquire": 15,
    "count_msg_release": 0,
    "count_msg_conf": 0,
    "count_msg_ack": 0,
    "time_in_gc": 0,
    "time_in_send_scan": 770667,
    "time_in_recv_scan": 1192499
  }
]
(time memory): (0.00 2736)

*** Iteration 5
Done 0
"telemetry": [
  {
    "count_gc_passes": 1,
    "count_alloc": 27,
    "count_alloc_size": 1295,
    "count_alloc_actors": 69,
    "count_msg_app": 309,
    "count_msg_block": 0,
    "count_msg_unblock": 0,
    "count_msg_acquire": 12,
    "count_msg_release": 64,
    "count_msg_conf": 0,
    "count_msg_ack": 0,
    "time_in_gc": 70677,
    "time_in_send_scan": 868362,
    "time_in_recv_scan": 1218827
  },
  {
    "count_gc_passes": 0,
    "count_alloc": 0,
    "count_alloc_size": 0,
    "count_alloc_actors": 0,
    "count_msg_app": 159,
    "count_msg_block": 0,
    "count_msg_unblock": 0,
    "count_msg_acquire": 17,
    "count_msg_release": 0,
    "count_msg_conf": 0,
    "count_msg_ack": 0,
    "time_in_gc": 0,
    "time_in_send_scan": 794776,
    "time_in_recv_scan": 1246520
  },
  {
    "count_gc_passes": 0,
    "count_alloc": 4,
    "count_alloc_size": 103,
    "count_alloc_actors": 0,
    "count_msg_app": 169,
    "count_msg_block": 0,
    "count_msg_unblock": 0,
    "count_msg_acquire": 22,
    "count_msg_release": 0,
    "count_msg_conf": 0,
    "count_msg_ack": 0,
    "time_in_gc": 0,
    "time_in_send_scan": 882244,
    "time_in_recv_scan": 1266058
  },
  {
    "count_gc_passes": 0,
    "count_alloc": 0,
    "count_alloc_size": 0,
    "count_alloc_actors": 0,
    "count_msg_app": 138,
    "count_msg_block": 0,
    "count_msg_unblock": 0,
    "count_msg_acquire": 13,
    "count_msg_release": 0,
    "count_msg_conf": 0,
    "count_msg_ack": 0,
    "time_in_gc": 0,
    "time_in_send_scan": 668065,
    "time_in_recv_scan": 1039721
  }
]
(time memory): (0.00 2644)

*** Iteration 6
Done 0
"telemetry": [
  {
    "count_gc_passes": 1,
    "count_alloc": 31,
    "count_alloc_size": 1398,
    "count_alloc_actors": 69,
    "count_msg_app": 304,
    "count_msg_block": 0,
    "count_msg_unblock": 0,
    "count_msg_acquire": 13,
    "count_msg_release": 64,
    "count_msg_conf": 0,
    "count_msg_ack": 0,
    "time_in_gc": 52758,
    "time_in_send_scan": 853482,
    "time_in_recv_scan": 1244403
  },
  {
    "count_gc_passes": 0,
    "count_alloc": 0,
    "count_alloc_size": 0,
    "count_alloc_actors": 0,
    "count_msg_app": 147,
    "count_msg_block": 0,
    "count_msg_unblock": 0,
    "count_msg_acquire": 18,
    "count_msg_release": 0,
    "count_msg_conf": 0,
    "count_msg_ack": 0,
    "time_in_gc": 0,
    "time_in_send_scan": 734292,
    "time_in_recv_scan": 1348303
  },
  {
    "count_gc_passes": 0,
    "count_alloc": 0,
    "count_alloc_size": 0,
    "count_alloc_actors": 0,
    "count_msg_app": 170,
    "count_msg_block": 0,
    "count_msg_unblock": 0,
    "count_msg_acquire": 17,
    "count_msg_release": 0,
    "count_msg_conf": 0,
    "count_msg_ack": 0,
    "time_in_gc": 0,
    "time_in_send_scan": 851449,
    "time_in_recv_scan": 1309862
  },
  {
    "count_gc_passes": 0,
    "count_alloc": 0,
    "count_alloc_size": 0,
    "count_alloc_actors": 0,
    "count_msg_app": 154,
    "count_msg_block": 0,
    "count_msg_unblock": 0,
    "count_msg_acquire": 16,
    "count_msg_release": 0,
    "count_msg_conf": 0,
    "count_msg_ack": 0,
    "time_in_gc": 0,
    "time_in_send_scan": 755564,
    "time_in_recv_scan": 1210245
  }
]
(time memory): (0.00 2608)

*** Iteration 7
Done 0
"telemetry": [
  {
    "count_gc_passes": 1,
    "count_alloc": 27,
    "count_alloc_size": 1295,
    "count_alloc_actors": 69,
    "count_msg_app": 306,
    "count_msg_block": 0,
    "count_msg_unblock": 0,
    "count_msg_acquire": 11,
    "count_msg_release": 64,
    "count_msg_conf": 0,
    "count_msg_ack": 0,
    "time_in_gc": 39383,
    "time_in_send_scan": 856186,
    "time_in_recv_scan": 1240666
  },
  {
    "count_gc_passes": 0,
    "count_alloc": 0,
    "count_alloc_size": 0,
    "count_alloc_actors": 0,
    "count_msg_app": 152,
    "count_msg_block": 0,
    "count_msg_unblock": 0,
    "count_msg_acquire": 21,
    "count_msg_release": 0,
    "count_msg_conf": 0,
    "count_msg_ack": 0,
    "time_in_gc": 0,
    "time_in_send_scan": 815751,
    "time_in_recv_scan": 1336801
  },
  {
    "count_gc_passes": 0,
    "count_alloc": 4,
    "count_alloc_size": 103,
    "count_alloc_actors": 0,
    "count_msg_app": 153,
    "count_msg_block": 0,
    "count_msg_unblock": 0,
    "count_msg_acquire": 18,
    "count_msg_release": 0,
    "count_msg_conf": 0,
    "count_msg_ack": 0,
    "time_in_gc": 0,
    "time_in_send_scan": 790623,
    "time_in_recv_scan": 1152404
  },
  {
    "count_gc_passes": 0,
    "count_alloc": 0,
    "count_alloc_size": 0,
    "count_alloc_actors": 0,
    "count_msg_app": 164,
    "count_msg_block": 0,
    "count_msg_unblock": 0,
    "count_msg_acquire": 14,
    "count_msg_release": 0,
    "count_msg_conf": 0,
    "count_msg_ack": 0,
    "time_in_gc": 0,
    "time_in_send_scan": 804791,
    "time_in_recv_scan": 1170411
  }
]
(time memory): (0.00 2640)

*** Iteration 8
Done 0
"telemetry": [
  {
    "count_gc_passes": 1,
    "count_alloc": 31,
    "count_alloc_size": 1398,
    "count_alloc_actors": 69,
    "count_msg_app": 297,
    "count_msg_block": 0,
    "count_msg_unblock": 0,
    "count_msg_acquire": 16,
    "count_msg_release": 64,
    "count_msg_conf": 0,
    "count_msg_ack": 0,
    "time_in_gc": 32493,
    "time_in_send_scan": 865713,
    "time_in_recv_scan": 1320749
  },
  {
    "count_gc_passes": 0,
    "count_alloc": 0,
    "count_alloc_size": 0,
    "count_alloc_actors": 0,
    "count_msg_app": 164,
    "count_msg_block": 0,
    "count_msg_unblock": 0,
    "count_msg_acquire": 15,
    "count_msg_release": 0,
    "count_msg_conf": 0,
    "count_msg_ack": 0,
    "time_in_gc": 0,
    "time_in_send_scan": 795929,
    "time_in_recv_scan": 1341803
  },
  {
    "count_gc_passes": 0,
    "count_alloc": 0,
    "count_alloc_size": 0,
    "count_alloc_actors": 0,
    "count_msg_app": 160,
    "count_msg_block": 0,
    "count_msg_unblock": 0,
    "count_msg_acquire": 15,
    "count_msg_release": 0,
    "count_msg_conf": 0,
    "count_msg_ack": 0,
    "time_in_gc": 0,
    "time_in_send_scan": 809534,
    "time_in_recv_scan": 1256691
  },
  {
    "count_gc_passes": 0,
    "count_alloc": 0,
    "count_alloc_size": 0,
    "count_alloc_actors": 0,
    "count_msg_app": 154,
    "count_msg_block": 0,
    "count_msg_unblock": 0,
    "count_msg_acquire": 18,
    "count_msg_release": 0,
    "count_msg_conf": 0,
    "count_msg_ack": 0,
    "time_in_gc": 0,
    "time_in_send_scan": 787321,
    "time_in_recv_scan": 1204673
  }
]
(time memory): (0.00 2728)

*** Iteration 9
Done 0
"telemetry": [
  {
    "count_gc_passes": 1,
    "count_alloc": 27,
    "count_alloc_size": 1295,
    "count_alloc_actors": 69,
    "count_msg_app": 298,
    "count_msg_block": 0,
    "count_msg_unblock": 0,
    "count_msg_acquire": 18,
    "count_msg_release": 64,
    "count_msg_conf": 0,
    "count_msg_ack": 0,
    "time_in_gc": 73460,
    "time_in_send_scan": 886000,
    "time_in_recv_scan": 1265995
  },
  {
    "count_gc_passes": 0,
    "count_alloc": 4,
    "count_alloc_size": 103,
    "count_alloc_actors": 0,
    "count_msg_app": 139,
    "count_msg_block": 0,
    "count_msg_unblock": 0,
    "count_msg_acquire": 16,
    "count_msg_release": 0,
    "count_msg_conf": 0,
    "count_msg_ack": 0,
    "time_in_gc": 0,
    "time_in_send_scan": 703002,
    "time_in_recv_scan": 1285642
  },
  {
    "count_gc_passes": 0,
    "count_alloc": 0,
    "count_alloc_size": 0,
    "count_alloc_actors": 0,
    "count_msg_app": 165,
    "count_msg_block": 0,
    "count_msg_unblock": 0,
    "count_msg_acquire": 12,
    "count_msg_release": 0,
    "count_msg_conf": 0,
    "count_msg_ack": 0,
    "time_in_gc": 0,
    "time_in_send_scan": 803119,
    "time_in_recv_scan": 1301180
  },
  {
    "count_gc_passes": 0,
    "count_alloc": 0,
    "count_alloc_size": 0,
    "count_alloc_actors": 0,
    "count_msg_app": 173,
    "count_msg_block": 0,
    "count_msg_unblock": 0,
    "count_msg_acquire": 18,
    "count_msg_release": 0,
    "count_msg_conf": 0,
    "count_msg_ack": 0,
    "time_in_gc": 0,
    "time_in_send_scan": 874886,
    "time_in_recv_scan": 1379886
  }
]
(time memory): (0.00 2636)

*** Iteration 10
Done 0
"telemetry": [
  {
    "count_gc_passes": 1,
    "count_alloc": 27,
    "count_alloc_size": 1295,
    "count_alloc_actors": 69,
    "count_msg_app": 292,
    "count_msg_block": 0,
    "count_msg_unblock": 0,
    "count_msg_acquire": 12,
    "count_msg_release": 64,
    "count_msg_conf": 0,
    "count_msg_ack": 0,
    "time_in_gc": 72471,
    "time_in_send_scan": 813314,
    "time_in_recv_scan": 1121904
  },
  {
    "count_gc_passes": 0,
    "count_alloc": 0,
    "count_alloc_size": 0,
    "count_alloc_actors": 0,
    "count_msg_app": 146,
    "count_msg_block": 0,
    "count_msg_unblock": 0,
    "count_msg_acquire": 22,
    "count_msg_release": 0,
    "count_msg_conf": 0,
    "count_msg_ack": 0,
    "time_in_gc": 0,
    "time_in_send_scan": 775316,
    "time_in_recv_scan": 1248058
  },
  {
    "count_gc_passes": 0,
    "count_alloc": 4,
    "count_alloc_size": 103,
    "count_alloc_actors": 0,
    "count_msg_app": 179,
    "count_msg_block": 0,
    "count_msg_unblock": 0,
    "count_msg_acquire": 14,
    "count_msg_release": 0,
    "count_msg_conf": 0,
    "count_msg_ack": 0,
    "time_in_gc": 0,
    "time_in_send_scan": 855475,
    "time_in_recv_scan": 1364177
  },
  {
    "count_gc_passes": 0,
    "count_alloc": 0,
    "count_alloc_size": 0,
    "count_alloc_actors": 0,
    "count_msg_app": 158,
    "count_msg_block": 0,
    "count_msg_unblock": 0,
    "count_msg_acquire": 16,
    "count_msg_release": 0,
    "count_msg_conf": 0,
    "count_msg_ack": 0,
    "time_in_gc": 0,
    "time_in_send_scan": 776274,
    "time_in_recv_scan": 1188541
  }
]
(time memory): (0.00 2768)


### Size: 8
*** Iteration 1
Done 0
"telemetry": [
  {
    "count_gc_passes": 1,
    "count_alloc": 267,
    "count_alloc_size": 8975,
    "count_alloc_actors": 69,
    "count_msg_app": 319,
    "count_msg_block": 0,
    "count_msg_unblock": 0,
    "count_msg_acquire": 18,
    "count_msg_release": 64,
    "count_msg_conf": 0,
    "count_msg_ack": 0,
    "time_in_gc": 106471,
    "time_in_send_scan": 14706738,
    "time_in_recv_scan": 16083628
  },
  {
    "count_gc_passes": 0,
    "count_alloc": 4,
    "count_alloc_size": 103,
    "count_alloc_actors": 0,
    "count_msg_app": 161,
    "count_msg_block": 0,
    "count_msg_unblock": 0,
    "count_msg_acquire": 15,
    "count_msg_release": 0,
    "count_msg_conf": 0,
    "count_msg_ack": 0,
    "time_in_gc": 0,
    "time_in_send_scan": 12458776,
    "time_in_recv_scan": 14488081
  },
  {
    "count_gc_passes": 0,
    "count_alloc": 0,
    "count_alloc_size": 0,
    "count_alloc_actors": 0,
    "count_msg_app": 165,
    "count_msg_block": 0,
    "count_msg_unblock": 0,
    "count_msg_acquire": 14,
    "count_msg_release": 0,
    "count_msg_conf": 0,
    "count_msg_ack": 0,
    "time_in_gc": 0,
    "time_in_send_scan": 12883345,
    "time_in_recv_scan": 14560045
  },
  {
    "count_gc_passes": 0,
    "count_alloc": 0,
    "count_alloc_size": 0,
    "count_alloc_actors": 0,
    "count_msg_app": 130,
    "count_msg_block": 0,
    "count_msg_unblock": 0,
    "count_msg_acquire": 17,
    "count_msg_release": 0,
    "count_msg_conf": 0,
    "count_msg_ack": 0,
    "time_in_gc": 0,
    "time_in_send_scan": 10525035,
    "time_in_recv_scan": 11957657
  }
]
(time memory): (0.05 3576)

*** Iteration 2
Done 0
"telemetry": [
  {
    "count_gc_passes": 1,
    "count_alloc": 271,
    "count_alloc_size": 9078,
    "count_alloc_actors": 69,
    "count_msg_app": 306,
    "count_msg_block": 0,
    "count_msg_unblock": 0,
    "count_msg_acquire": 18,
    "count_msg_release": 64,
    "count_msg_conf": 0,
    "count_msg_ack": 0,
    "time_in_gc": 102715,
    "time_in_send_scan": 13335287,
    "time_in_recv_scan": 14917891
  },
  {
    "count_gc_passes": 0,
    "count_alloc": 0,
    "count_alloc_size": 0,
    "count_alloc_actors": 0,
    "count_msg_app": 160,
    "count_msg_block": 0,
    "count_msg_unblock": 0,
    "count_msg_acquire": 11,
    "count_msg_release": 0,
    "count_msg_conf": 0,
    "count_msg_ack": 0,
    "time_in_gc": 0,
    "time_in_send_scan": 11670315,
    "time_in_recv_scan": 13635794
  },
  {
    "count_gc_passes": 0,
    "count_alloc": 0,
    "count_alloc_size": 0,
    "count_alloc_actors": 0,
    "count_msg_app": 161,
    "count_msg_block": 0,
    "count_msg_unblock": 0,
    "count_msg_acquire": 18,
    "count_msg_release": 0,
    "count_msg_conf": 0,
    "count_msg_ack": 0,
    "time_in_gc": 0,
    "time_in_send_scan": 12515182,
    "time_in_recv_scan": 13937188
  },
  {
    "count_gc_passes": 0,
    "count_alloc": 0,
    "count_alloc_size": 0,
    "count_alloc_actors": 0,
    "count_msg_app": 148,
    "count_msg_block": 0,
    "count_msg_unblock": 0,
    "count_msg_acquire": 17,
    "count_msg_release": 0,
    "count_msg_conf": 0,
    "count_msg_ack": 0,
    "time_in_gc": 0,
    "time_in_send_scan": 11557335,
    "time_in_recv_scan": 12980860
  }
]
(time memory): (0.04 3416)

*** Iteration 3
Done 0
"telemetry": [
  {
    "count_gc_passes": 1,
    "count_alloc": 267,
    "count_alloc_size": 8975,
    "count_alloc_actors": 69,
    "count_msg_app": 309,
    "count_msg_block": 0,
    "count_msg_unblock": 0,
    "count_msg_acquire": 16,
    "count_msg_release": 64,
    "count_msg_conf": 0,
    "count_msg_ack": 0,
    "time_in_gc": 106187,
    "time_in_send_scan": 13671731,
    "time_in_recv_scan": 15192857
  },
  {
    "count_gc_passes": 0,
    "count_alloc": 0,
    "count_alloc_size": 0,
    "count_alloc_actors": 0,
    "count_msg_app": 155,
    "count_msg_block": 0,
    "count_msg_unblock": 0,
    "count_msg_acquire": 15,
    "count_msg_release": 0,
    "count_msg_conf": 0,
    "count_msg_ack": 0,
    "time_in_gc": 0,
    "time_in_send_scan": 11998776,
    "time_in_recv_scan": 13615994
  },
  {
    "count_gc_passes": 0,
    "count_alloc": 0,
    "count_alloc_size": 0,
    "count_alloc_actors": 0,
    "count_msg_app": 146,
    "count_msg_block": 0,
    "count_msg_unblock": 0,
    "count_msg_acquire": 10,
    "count_msg_release": 0,
    "count_msg_conf": 0,
    "count_msg_ack": 0,
    "time_in_gc": 0,
    "time_in_send_scan": 11164112,
    "time_in_recv_scan": 13227257
  },
  {
    "count_gc_passes": 0,
    "count_alloc": 4,
    "count_alloc_size": 103,
    "count_alloc_actors": 0,
    "count_msg_app": 165,
    "count_msg_block": 0,
    "count_msg_unblock": 0,
    "count_msg_acquire": 23,
    "count_msg_release": 0,
    "count_msg_conf": 0,
    "count_msg_ack": 0,
    "time_in_gc": 0,
    "time_in_send_scan": 13368762,
    "time_in_recv_scan": 14658774
  }
]
(time memory): (0.05 3572)

*** Iteration 4
Done 0
"telemetry": [
  {
    "count_gc_passes": 1,
    "count_alloc": 267,
    "count_alloc_size": 8975,
    "count_alloc_actors": 69,
    "count_msg_app": 288,
    "count_msg_block": 0,
    "count_msg_unblock": 0,
    "count_msg_acquire": 15,
    "count_msg_release": 64,
    "count_msg_conf": 0,
    "count_msg_ack": 0,
    "time_in_gc": 105969,
    "time_in_send_scan": 12056377,
    "time_in_recv_scan": 13669335
  },
  {
    "count_gc_passes": 0,
    "count_alloc": 0,
    "count_alloc_size": 0,
    "count_alloc_actors": 0,
    "count_msg_app": 180,
    "count_msg_block": 0,
    "count_msg_unblock": 0,
    "count_msg_acquire": 17,
    "count_msg_release": 0,
    "count_msg_conf": 0,
    "count_msg_ack": 0,
    "time_in_gc": 0,
    "time_in_send_scan": 13803500,
    "time_in_recv_scan": 15880666
  },
  {
    "count_gc_passes": 0,
    "count_alloc": 4,
    "count_alloc_size": 103,
    "count_alloc_actors": 0,
    "count_msg_app": 160,
    "count_msg_block": 0,
    "count_msg_unblock": 0,
    "count_msg_acquire": 14,
    "count_msg_release": 0,
    "count_msg_conf": 0,
    "count_msg_ack": 0,
    "time_in_gc": 0,
    "time_in_send_scan": 12223070,
    "time_in_recv_scan": 14281231
  },
  {
    "count_gc_passes": 0,
    "count_alloc": 0,
    "count_alloc_size": 0,
    "count_alloc_actors": 0,
    "count_msg_app": 147,
    "count_msg_block": 0,
    "count_msg_unblock": 0,
    "count_msg_acquire": 18,
    "count_msg_release": 0,
    "count_msg_conf": 0,
    "count_msg_ack": 0,
    "time_in_gc": 0,
    "time_in_send_scan": 11658873,
    "time_in_recv_scan": 13140989
  }
]
(time memory): (0.05 3416)

*** Iteration 5
Done 0
"telemetry": [
  {
    "count_gc_passes": 1,
    "count_alloc": 267,
    "count_alloc_size": 8975,
    "count_alloc_actors": 69,
    "count_msg_app": 338,
    "count_msg_block": 0,
    "count_msg_unblock": 0,
    "count_msg_acquire": 21,
    "count_msg_release": 64,
    "count_msg_conf": 0,
    "count_msg_ack": 0,
    "time_in_gc": 107255,
    "time_in_send_scan": 16346406,
    "time_in_recv_scan": 18027001
  },
  {
    "count_gc_passes": 0,
    "count_alloc": 0,
    "count_alloc_size": 0,
    "count_alloc_actors": 0,
    "count_msg_app": 137,
    "count_msg_block": 0,
    "count_msg_unblock": 0,
    "count_msg_acquire": 11,
    "count_msg_release": 0,
    "count_msg_conf": 0,
    "count_msg_ack": 0,
    "time_in_gc": 0,
    "time_in_send_scan": 10559315,
    "time_in_recv_scan": 12388248
  },
  {
    "count_gc_passes": 0,
    "count_alloc": 0,
    "count_alloc_size": 0,
    "count_alloc_actors": 0,
    "count_msg_app": 164,
    "count_msg_block": 0,
    "count_msg_unblock": 0,
    "count_msg_acquire": 15,
    "count_msg_release": 0,
    "count_msg_conf": 0,
    "count_msg_ack": 0,
    "time_in_gc": 0,
    "time_in_send_scan": 12925787,
    "time_in_recv_scan": 14941397
  },
  {
    "count_gc_passes": 0,
    "count_alloc": 4,
    "count_alloc_size": 103,
    "count_alloc_actors": 0,
    "count_msg_app": 136,
    "count_msg_block": 0,
    "count_msg_unblock": 0,
    "count_msg_acquire": 17,
    "count_msg_release": 0,
    "count_msg_conf": 0,
    "count_msg_ack": 0,
    "time_in_gc": 0,
    "time_in_send_scan": 11031764,
    "time_in_recv_scan": 12544065
  }
]
(time memory): (0.05 3588)

*** Iteration 6
Done 0
"telemetry": [
  {
    "count_gc_passes": 1,
    "count_alloc": 267,
    "count_alloc_size": 8975,
    "count_alloc_actors": 69,
    "count_msg_app": 298,
    "count_msg_block": 0,
    "count_msg_unblock": 0,
    "count_msg_acquire": 14,
    "count_msg_release": 64,
    "count_msg_conf": 0,
    "count_msg_ack": 0,
    "time_in_gc": 105191,
    "time_in_send_scan": 12513254,
    "time_in_recv_scan": 14590760
  },
  {
    "count_gc_passes": 0,
    "count_alloc": 4,
    "count_alloc_size": 103,
    "count_alloc_actors": 0,
    "count_msg_app": 160,
    "count_msg_block": 0,
    "count_msg_unblock": 0,
    "count_msg_acquire": 14,
    "count_msg_release": 0,
    "count_msg_conf": 0,
    "count_msg_ack": 0,
    "time_in_gc": 0,
    "time_in_send_scan": 12006921,
    "time_in_recv_scan": 14060332
  },
  {
    "count_gc_passes": 0,
    "count_alloc": 0,
    "count_alloc_size": 0,
    "count_alloc_actors": 0,
    "count_msg_app": 164,
    "count_msg_block": 0,
    "count_msg_unblock": 0,
    "count_msg_acquire": 20,
    "count_msg_release": 0,
    "count_msg_conf": 0,
    "count_msg_ack": 0,
    "time_in_gc": 0,
    "time_in_send_scan": 13166054,
    "time_in_recv_scan": 14754086
  },
  {
    "count_gc_passes": 0,
    "count_alloc": 0,
    "count_alloc_size": 0,
    "count_alloc_actors": 0,
    "count_msg_app": 153,
    "count_msg_block": 0,
    "count_msg_unblock": 0,
    "count_msg_acquire": 16,
    "count_msg_release": 0,
    "count_msg_conf": 0,
    "count_msg_ack": 0,
    "time_in_gc": 0,
    "time_in_send_scan": 11822493,
    "time_in_recv_scan": 13449572
  }
]
(time memory): (0.05 3392)

*** Iteration 7
Done 0
"telemetry": [
  {
    "count_gc_passes": 1,
    "count_alloc": 267,
    "count_alloc_size": 8975,
    "count_alloc_actors": 69,
    "count_msg_app": 305,
    "count_msg_block": 0,
    "count_msg_unblock": 0,
    "count_msg_acquire": 19,
    "count_msg_release": 64,
    "count_msg_conf": 0,
    "count_msg_ack": 0,
    "time_in_gc": 105164,
    "time_in_send_scan": 13434241,
    "time_in_recv_scan": 14995225
  },
  {
    "count_gc_passes": 0,
    "count_alloc": 0,
    "count_alloc_size": 0,
    "count_alloc_actors": 0,
    "count_msg_app": 162,
    "count_msg_block": 0,
    "count_msg_unblock": 0,
    "count_msg_acquire": 13,
    "count_msg_release": 0,
    "count_msg_conf": 0,
    "count_msg_ack": 0,
    "time_in_gc": 0,
    "time_in_send_scan": 12122240,
    "time_in_recv_scan": 14299181
  },
  {
    "count_gc_passes": 0,
    "count_alloc": 0,
    "count_alloc_size": 0,
    "count_alloc_actors": 0,
    "count_msg_app": 170,
    "count_msg_block": 0,
    "count_msg_unblock": 0,
    "count_msg_acquire": 15,
    "count_msg_release": 0,
    "count_msg_conf": 0,
    "count_msg_ack": 0,
    "time_in_gc": 0,
    "time_in_send_scan": 12961083,
    "time_in_recv_scan": 14789545
  },
  {
    "count_gc_passes": 0,
    "count_alloc": 4,
    "count_alloc_size": 103,
    "count_alloc_actors": 0,
    "count_msg_app": 138,
    "count_msg_block": 0,
    "count_msg_unblock": 0,
    "count_msg_acquire": 17,
    "count_msg_release": 0,
    "count_msg_conf": 0,
    "count_msg_ack": 0,
    "time_in_gc": 0,
    "time_in_send_scan": 10704213,
    "time_in_recv_scan": 12446487
  }
]
(time memory): (0.04 3388)

*** Iteration 8
Done 0
"telemetry": [
  {
    "count_gc_passes": 1,
    "count_alloc": 267,
    "count_alloc_size": 8975,
    "count_alloc_actors": 69,
    "count_msg_app": 287,
    "count_msg_block": 0,
    "count_msg_unblock": 0,
    "count_msg_acquire": 11,
    "count_msg_release": 64,
    "count_msg_conf": 0,
    "count_msg_ack": 0,
    "time_in_gc": 104240,
    "time_in_send_scan": 11456557,
    "time_in_recv_scan": 12964984
  },
  {
    "count_gc_passes": 0,
    "count_alloc": 4,
    "count_alloc_size": 103,
    "count_alloc_actors": 0,
    "count_msg_app": 170,
    "count_msg_block": 0,
    "count_msg_unblock": 0,
    "count_msg_acquire": 18,
    "count_msg_release": 0,
    "count_msg_conf": 0,
    "count_msg_ack": 0,
    "time_in_gc": 0,
    "time_in_send_scan": 12845589,
    "time_in_recv_scan": 14986114
  },
  {
    "count_gc_passes": 0,
    "count_alloc": 0,
    "count_alloc_size": 0,
    "count_alloc_actors": 0,
    "count_msg_app": 157,
    "count_msg_block": 0,
    "count_msg_unblock": 0,
    "count_msg_acquire": 19,
    "count_msg_release": 0,
    "count_msg_conf": 0,
    "count_msg_ack": 0,
    "time_in_gc": 0,
    "time_in_send_scan": 12317270,
    "time_in_recv_scan": 13890294
  },
  {
    "count_gc_passes": 0,
    "count_alloc": 0,
    "count_alloc_size": 0,
    "count_alloc_actors": 0,
    "count_msg_app": 161,
    "count_msg_block": 0,
    "count_msg_unblock": 0,
    "count_msg_acquire": 16,
    "count_msg_release": 0,
    "count_msg_conf": 0,
    "count_msg_ack": 0,
    "time_in_gc": 0,
    "time_in_send_scan": 12309788,
    "time_in_recv_scan": 13977387
  }
]
(time memory): (0.04 3568)

*** Iteration 9
Done 0
"telemetry": [
  {
    "count_gc_passes": 1,
    "count_alloc": 271,
    "count_alloc_size": 9078,
    "count_alloc_actors": 69,
    "count_msg_app": 296,
    "count_msg_block": 0,
    "count_msg_unblock": 0,
    "count_msg_acquire": 18,
    "count_msg_release": 64,
    "count_msg_conf": 0,
    "count_msg_ack": 0,
    "time_in_gc": 102573,
    "time_in_send_scan": 12826099,
    "time_in_recv_scan": 14267607
  },
  {
    "count_gc_passes": 0,
    "count_alloc": 0,
    "count_alloc_size": 0,
    "count_alloc_actors": 0,
    "count_msg_app": 173,
    "count_msg_block": 0,
    "count_msg_unblock": 0,
    "count_msg_acquire": 15,
    "count_msg_release": 0,
    "count_msg_conf": 0,
    "count_msg_ack": 0,
    "time_in_gc": 0,
    "time_in_send_scan": 13109290,
    "time_in_recv_scan": 15306580
  },
  {
    "count_gc_passes": 0,
    "count_alloc": 0,
    "count_alloc_size": 0,
    "count_alloc_actors": 0,
    "count_msg_app": 153,
    "count_msg_block": 0,
    "count_msg_unblock": 0,
    "count_msg_acquire": 16,
    "count_msg_release": 0,
    "count_msg_conf": 0,
    "count_msg_ack": 0,
    "time_in_gc": 0,
    "time_in_send_scan": 12006500,
    "time_in_recv_scan": 13761764
  },
  {
    "count_gc_passes": 0,
    "count_alloc": 0,
    "count_alloc_size": 0,
    "count_alloc_actors": 0,
    "count_msg_app": 153,
    "count_msg_block": 0,
    "count_msg_unblock": 0,
    "count_msg_acquire": 15,
    "count_msg_release": 0,
    "count_msg_conf": 0,
    "count_msg_ack": 0,
    "time_in_gc": 0,
    "time_in_send_scan": 11820243,
    "time_in_recv_scan": 13588547
  }
]
(time memory): (0.05 3388)

*** Iteration 10
Done 0
"telemetry": [
  {
    "count_gc_passes": 1,
    "count_alloc": 267,
    "count_alloc_size": 8975,
    "count_alloc_actors": 69,
    "count_msg_app": 294,
    "count_msg_block": 0,
    "count_msg_unblock": 0,
    "count_msg_acquire": 16,
    "count_msg_release": 64,
    "count_msg_conf": 0,
    "count_msg_ack": 0,
    "time_in_gc": 103903,
    "time_in_send_scan": 12965585,
    "time_in_recv_scan": 14112047
  },
  {
    "count_gc_passes": 0,
    "count_alloc": 0,
    "count_alloc_size": 0,
    "count_alloc_actors": 0,
    "count_msg_app": 157,
    "count_msg_block": 0,
    "count_msg_unblock": 0,
    "count_msg_acquire": 11,
    "count_msg_release": 0,
    "count_msg_conf": 0,
    "count_msg_ack": 0,
    "time_in_gc": 0,
    "time_in_send_scan": 12159087,
    "time_in_recv_scan": 13958168
  },
  {
    "count_gc_passes": 0,
    "count_alloc": 0,
    "count_alloc_size": 0,
    "count_alloc_actors": 0,
    "count_msg_app": 177,
    "count_msg_block": 0,
    "count_msg_unblock": 0,
    "count_msg_acquire": 20,
    "count_msg_release": 0,
    "count_msg_conf": 0,
    "count_msg_ack": 0,
    "time_in_gc": 0,
    "time_in_send_scan": 14595283,
    "time_in_recv_scan": 16136721
  },
  {
    "count_gc_passes": 0,
    "count_alloc": 4,
    "count_alloc_size": 103,
    "count_alloc_actors": 0,
    "count_msg_app": 147,
    "count_msg_block": 0,
    "count_msg_unblock": 0,
    "count_msg_acquire": 17,
    "count_msg_release": 0,
    "count_msg_conf": 0,
    "count_msg_ack": 0,
    "time_in_gc": 0,
    "time_in_send_scan": 12094974,
    "time_in_recv_scan": 13506491
  }
]
(time memory): (0.05 3504)


### Size: 12
*** Iteration 1
Done 0
"telemetry": [
  {
    "count_gc_passes": 180,
    "count_alloc": 4107,
    "count_alloc_size": 131856,
    "count_alloc_actors": 69,
    "count_msg_app": 313,
    "count_msg_block": 0,
    "count_msg_unblock": 0,
    "count_msg_acquire": 179,
    "count_msg_release": 243,
    "count_msg_conf": 0,
    "count_msg_ack": 0,
    "time_in_gc": 146704505,
    "time_in_send_scan": 544632189,
    "time_in_recv_scan": 394019117
  },
  {
    "count_gc_passes": 228,
    "count_alloc": 4,
    "count_alloc_size": 103,
    "count_alloc_actors": 0,
    "count_msg_app": 228,
    "count_msg_block": 0,
    "count_msg_unblock": 0,
    "count_msg_acquire": 227,
    "count_msg_release": 228,
    "count_msg_conf": 0,
    "count_msg_ack": 0,
    "time_in_gc": 186890062,
    "time_in_send_scan": 692405805,
    "time_in_recv_scan": 509883457
  },
  {
    "count_gc_passes": 234,
    "count_alloc": 0,
    "count_alloc_size": 0,
    "count_alloc_actors": 0,
    "count_msg_app": 234,
    "count_msg_block": 0,
    "count_msg_unblock": 0,
    "count_msg_acquire": 234,
    "count_msg_release": 234,
    "count_msg_conf": 0,
    "count_msg_ack": 0,
    "time_in_gc": 191398921,
    "time_in_send_scan": 718943617,
    "time_in_recv_scan": 528578300
  },
  {
    "count_gc_passes": 0,
    "count_alloc": 0,
    "count_alloc_size": 0,
    "count_alloc_actors": 0,
    "count_msg_app": 0,
    "count_msg_block": 0,
    "count_msg_unblock": 0,
    "count_msg_acquire": 0,
    "count_msg_release": 0,
    "count_msg_conf": 0,
    "count_msg_ack": 0,
    "time_in_gc": 0,
    "time_in_send_scan": 0,
    "time_in_recv_scan": 23901
  }
]
(time memory): (1.50 25808)

*** Iteration 2
Done 0
"telemetry": [
  {
    "count_gc_passes": 222,
    "count_alloc": 4107,
    "count_alloc_size": 131856,
    "count_alloc_actors": 69,
    "count_msg_app": 355,
    "count_msg_block": 0,
    "count_msg_unblock": 0,
    "count_msg_acquire": 221,
    "count_msg_release": 285,
    "count_msg_conf": 0,
    "count_msg_ack": 0,
    "time_in_gc": 185062861,
    "time_in_send_scan": 690273623,
    "time_in_recv_scan": 499238338
  },
  {
    "count_gc_passes": 7,
    "count_alloc": 0,
    "count_alloc_size": 0,
    "count_alloc_actors": 0,
    "count_msg_app": 7,
    "count_msg_block": 0,
    "count_msg_unblock": 0,
    "count_msg_acquire": 7,
    "count_msg_release": 7,
    "count_msg_conf": 0,
    "count_msg_ack": 0,
    "time_in_gc": 5253127,
    "time_in_send_scan": 20268743,
    "time_in_recv_scan": 15292437
  },
  {
    "count_gc_passes": 206,
    "count_alloc": 4,
    "count_alloc_size": 103,
    "count_alloc_actors": 0,
    "count_msg_app": 206,
    "count_msg_block": 0,
    "count_msg_unblock": 0,
    "count_msg_acquire": 205,
    "count_msg_release": 206,
    "count_msg_conf": 0,
    "count_msg_ack": 0,
    "time_in_gc": 170397606,
    "time_in_send_scan": 629135561,
    "time_in_recv_scan": 462938178
  },
  {
    "count_gc_passes": 207,
    "count_alloc": 0,
    "count_alloc_size": 0,
    "count_alloc_actors": 0,
    "count_msg_app": 207,
    "count_msg_block": 0,
    "count_msg_unblock": 0,
    "count_msg_acquire": 207,
    "count_msg_release": 207,
    "count_msg_conf": 0,
    "count_msg_ack": 0,
    "time_in_gc": 172142744,
    "time_in_send_scan": 635335924,
    "time_in_recv_scan": 460855869
  }
]
(time memory): (1.51 26044)

*** Iteration 3
Done 0
"telemetry": [
  {
    "count_gc_passes": 1,
    "count_alloc": 4107,
    "count_alloc_size": 131856,
    "count_alloc_actors": 69,
    "count_msg_app": 134,
    "count_msg_block": 0,
    "count_msg_unblock": 0,
    "count_msg_acquire": 0,
    "count_msg_release": 64,
    "count_msg_conf": 0,
    "count_msg_ack": 0,
    "time_in_gc": 857791,
    "time_in_send_scan": 2317143,
    "time_in_recv_scan": 2898
  },
  {
    "count_gc_passes": 210,
    "count_alloc": 0,
    "count_alloc_size": 0,
    "count_alloc_actors": 0,
    "count_msg_app": 210,
    "count_msg_block": 0,
    "count_msg_unblock": 0,
    "count_msg_acquire": 210,
    "count_msg_release": 210,
    "count_msg_conf": 0,
    "count_msg_ack": 0,
    "time_in_gc": 166694034,
    "time_in_send_scan": 607680878,
    "time_in_recv_scan": 453959516
  },
  {
    "count_gc_passes": 211,
    "count_alloc": 0,
    "count_alloc_size": 0,
    "count_alloc_actors": 0,
    "count_msg_app": 211,
    "count_msg_block": 0,
    "count_msg_unblock": 0,
    "count_msg_acquire": 211,
    "count_msg_release": 211,
    "count_msg_conf": 0,
    "count_msg_ack": 0,
    "time_in_gc": 167857576,
    "time_in_send_scan": 616146466,
    "time_in_recv_scan": 460009231
  },
  {
    "count_gc_passes": 220,
    "count_alloc": 4,
    "count_alloc_size": 103,
    "count_alloc_actors": 0,
    "count_msg_app": 220,
    "count_msg_block": 0,
    "count_msg_unblock": 0,
    "count_msg_acquire": 219,
    "count_msg_release": 220,
    "count_msg_conf": 0,
    "count_msg_ack": 0,
    "time_in_gc": 174445936,
    "time_in_send_scan": 638223305,
    "time_in_recv_scan": 477506416
  }
]
(time memory): (1.46 25784)

*** Iteration 4
Done 0
"telemetry": [
  {
    "count_gc_passes": 1,
    "count_alloc": 4107,
    "count_alloc_size": 131856,
    "count_alloc_actors": 69,
    "count_msg_app": 134,
    "count_msg_block": 0,
    "count_msg_unblock": 0,
    "count_msg_acquire": 0,
    "count_msg_release": 64,
    "count_msg_conf": 0,
    "count_msg_ack": 0,
    "time_in_gc": 846391,
    "time_in_send_scan": 2284974,
    "time_in_recv_scan": 2869
  },
  {
    "count_gc_passes": 220,
    "count_alloc": 0,
    "count_alloc_size": 0,
    "count_alloc_actors": 0,
    "count_msg_app": 220,
    "count_msg_block": 0,
    "count_msg_unblock": 0,
    "count_msg_acquire": 220,
    "count_msg_release": 220,
    "count_msg_conf": 0,
    "count_msg_ack": 0,
    "time_in_gc": 176703569,
    "time_in_send_scan": 643526547,
    "time_in_recv_scan": 481526789
  },
  {
    "count_gc_passes": 206,
    "count_alloc": 4,
    "count_alloc_size": 103,
    "count_alloc_actors": 0,
    "count_msg_app": 206,
    "count_msg_block": 0,
    "count_msg_unblock": 0,
    "count_msg_acquire": 205,
    "count_msg_release": 206,
    "count_msg_conf": 0,
    "count_msg_ack": 0,
    "time_in_gc": 165274747,
    "time_in_send_scan": 598589500,
    "time_in_recv_scan": 450888193
  },
  {
    "count_gc_passes": 215,
    "count_alloc": 0,
    "count_alloc_size": 0,
    "count_alloc_actors": 0,
    "count_msg_app": 215,
    "count_msg_block": 0,
    "count_msg_unblock": 0,
    "count_msg_acquire": 215,
    "count_msg_release": 215,
    "count_msg_conf": 0,
    "count_msg_ack": 0,
    "time_in_gc": 173222938,
    "time_in_send_scan": 624393483,
    "time_in_recv_scan": 466064868
  }
]
(time memory): (1.46 25980)

*** Iteration 5
Done 0
"telemetry": [
  {
    "count_gc_passes": 197,
    "count_alloc": 4107,
    "count_alloc_size": 131856,
    "count_alloc_actors": 69,
    "count_msg_app": 330,
    "count_msg_block": 0,
    "count_msg_unblock": 0,
    "count_msg_acquire": 196,
    "count_msg_release": 260,
    "count_msg_conf": 0,
    "count_msg_ack": 0,
    "time_in_gc": 160294951,
    "time_in_send_scan": 593162629,
    "time_in_recv_scan": 432513133
  },
  {
    "count_gc_passes": 226,
    "count_alloc": 4,
    "count_alloc_size": 103,
    "count_alloc_actors": 0,
    "count_msg_app": 226,
    "count_msg_block": 0,
    "count_msg_unblock": 0,
    "count_msg_acquire": 225,
    "count_msg_release": 226,
    "count_msg_conf": 0,
    "count_msg_ack": 0,
    "time_in_gc": 184514205,
    "time_in_send_scan": 687490277,
    "time_in_recv_scan": 508299509
  },
  {
    "count_gc_passes": 219,
    "count_alloc": 0,
    "count_alloc_size": 0,
    "count_alloc_actors": 0,
    "count_msg_app": 219,
    "count_msg_block": 0,
    "count_msg_unblock": 0,
    "count_msg_acquire": 219,
    "count_msg_release": 219,
    "count_msg_conf": 0,
    "count_msg_ack": 0,
    "time_in_gc": 178294854,
    "time_in_send_scan": 664779861,
    "time_in_recv_scan": 492837128
  },
  {
    "count_gc_passes": 0,
    "count_alloc": 0,
    "count_alloc_size": 0,
    "count_alloc_actors": 0,
    "count_msg_app": 0,
    "count_msg_block": 0,
    "count_msg_unblock": 0,
    "count_msg_acquire": 0,
    "count_msg_release": 0,
    "count_msg_conf": 0,
    "count_msg_ack": 0,
    "time_in_gc": 0,
    "time_in_send_scan": 0,
    "time_in_recv_scan": 20099
  }
]
(time memory): (1.50 25704)

*** Iteration 6
Done 0
"telemetry": [
  {
    "count_gc_passes": 1,
    "count_alloc": 4107,
    "count_alloc_size": 131856,
    "count_alloc_actors": 69,
    "count_msg_app": 134,
    "count_msg_block": 0,
    "count_msg_unblock": 0,
    "count_msg_acquire": 0,
    "count_msg_release": 64,
    "count_msg_conf": 0,
    "count_msg_ack": 0,
    "time_in_gc": 848859,
    "time_in_send_scan": 2284243,
    "time_in_recv_scan": 3105
  },
  {
    "count_gc_passes": 223,
    "count_alloc": 4,
    "count_alloc_size": 103,
    "count_alloc_actors": 0,
    "count_msg_app": 223,
    "count_msg_block": 0,
    "count_msg_unblock": 0,
    "count_msg_acquire": 222,
    "count_msg_release": 223,
    "count_msg_conf": 0,
    "count_msg_ack": 0,
    "time_in_gc": 181421156,
    "time_in_send_scan": 652961153,
    "time_in_recv_scan": 489762252
  },
  {
    "count_gc_passes": 197,
    "count_alloc": 0,
    "count_alloc_size": 0,
    "count_alloc_actors": 0,
    "count_msg_app": 197,
    "count_msg_block": 0,
    "count_msg_unblock": 0,
    "count_msg_acquire": 197,
    "count_msg_release": 197,
    "count_msg_conf": 0,
    "count_msg_ack": 0,
    "time_in_gc": 158063269,
    "time_in_send_scan": 573929718,
    "time_in_recv_scan": 428185505
  },
  {
    "count_gc_passes": 221,
    "count_alloc": 0,
    "count_alloc_size": 0,
    "count_alloc_actors": 0,
    "count_msg_app": 221,
    "count_msg_block": 0,
    "count_msg_unblock": 0,
    "count_msg_acquire": 221,
    "count_msg_release": 221,
    "count_msg_conf": 0,
    "count_msg_ack": 0,
    "time_in_gc": 177949576,
    "time_in_send_scan": 652359927,
    "time_in_recv_scan": 484503772
  }
]
(time memory): (1.47 25968)

*** Iteration 7
Done 0
"telemetry": [
  {
    "count_gc_passes": 222,
    "count_alloc": 4107,
    "count_alloc_size": 131856,
    "count_alloc_actors": 69,
    "count_msg_app": 355,
    "count_msg_block": 0,
    "count_msg_unblock": 0,
    "count_msg_acquire": 221,
    "count_msg_release": 285,
    "count_msg_conf": 0,
    "count_msg_ack": 0,
    "time_in_gc": 179360892,
    "time_in_send_scan": 666595823,
    "time_in_recv_scan": 487728973
  },
  {
    "count_gc_passes": 0,
    "count_alloc": 0,
    "count_alloc_size": 0,
    "count_alloc_actors": 0,
    "count_msg_app": 0,
    "count_msg_block": 0,
    "count_msg_unblock": 0,
    "count_msg_acquire": 0,
    "count_msg_release": 0,
    "count_msg_conf": 0,
    "count_msg_ack": 0,
    "time_in_gc": 0,
    "time_in_send_scan": 0,
    "time_in_recv_scan": 289437
  },
  {
    "count_gc_passes": 190,
    "count_alloc": 0,
    "count_alloc_size": 0,
    "count_alloc_actors": 0,
    "count_msg_app": 190,
    "count_msg_block": 0,
    "count_msg_unblock": 0,
    "count_msg_acquire": 190,
    "count_msg_release": 190,
    "count_msg_conf": 0,
    "count_msg_ack": 0,
    "time_in_gc": 152395738,
    "time_in_send_scan": 563299102,
    "time_in_recv_scan": 418629276
  },
  {
    "count_gc_passes": 230,
    "count_alloc": 4,
    "count_alloc_size": 103,
    "count_alloc_actors": 0,
    "count_msg_app": 230,
    "count_msg_block": 0,
    "count_msg_unblock": 0,
    "count_msg_acquire": 229,
    "count_msg_release": 230,
    "count_msg_conf": 0,
    "count_msg_ack": 0,
    "time_in_gc": 186337387,
    "time_in_send_scan": 690618142,
    "time_in_recv_scan": 510447849
  }
]
(time memory): (1.48 25856)

*** Iteration 8
Done 0
"telemetry": [
  {
    "count_gc_passes": 74,
    "count_alloc": 4107,
    "count_alloc_size": 131856,
    "count_alloc_actors": 69,
    "count_msg_app": 207,
    "count_msg_block": 0,
    "count_msg_unblock": 0,
    "count_msg_acquire": 73,
    "count_msg_release": 137,
    "count_msg_conf": 0,
    "count_msg_ack": 0,
    "time_in_gc": 59606690,
    "time_in_send_scan": 219627949,
    "time_in_recv_scan": 161333331
  },
  {
    "count_gc_passes": 219,
    "count_alloc": 0,
    "count_alloc_size": 0,
    "count_alloc_actors": 0,
    "count_msg_app": 219,
    "count_msg_block": 0,
    "count_msg_unblock": 0,
    "count_msg_acquire": 219,
    "count_msg_release": 219,
    "count_msg_conf": 0,
    "count_msg_ack": 0,
    "time_in_gc": 179174113,
    "time_in_send_scan": 656672765,
    "time_in_recv_scan": 480324938
  },
  {
    "count_gc_passes": 179,
    "count_alloc": 4,
    "count_alloc_size": 103,
    "count_alloc_actors": 0,
    "count_msg_app": 179,
    "count_msg_block": 0,
    "count_msg_unblock": 0,
    "count_msg_acquire": 178,
    "count_msg_release": 179,
    "count_msg_conf": 0,
    "count_msg_ack": 0,
    "time_in_gc": 146782266,
    "time_in_send_scan": 534401529,
    "time_in_recv_scan": 397087495
  },
  {
    "count_gc_passes": 170,
    "count_alloc": 0,
    "count_alloc_size": 0,
    "count_alloc_actors": 0,
    "count_msg_app": 170,
    "count_msg_block": 0,
    "count_msg_unblock": 0,
    "count_msg_acquire": 170,
    "count_msg_release": 170,
    "count_msg_conf": 0,
    "count_msg_ack": 0,
    "time_in_gc": 138087173,
    "time_in_send_scan": 512748341,
    "time_in_recv_scan": 375664042
  }
]
(time memory): (1.46 28128)

*** Iteration 9
Done 0
"telemetry": [
  {
    "count_gc_passes": 188,
    "count_alloc": 4107,
    "count_alloc_size": 131856,
    "count_alloc_actors": 69,
    "count_msg_app": 321,
    "count_msg_block": 0,
    "count_msg_unblock": 0,
    "count_msg_acquire": 187,
    "count_msg_release": 251,
    "count_msg_conf": 0,
    "count_msg_ack": 0,
    "time_in_gc": 152956534,
    "time_in_send_scan": 570883726,
    "time_in_recv_scan": 415921305
  },
  {
    "count_gc_passes": 60,
    "count_alloc": 0,
    "count_alloc_size": 0,
    "count_alloc_actors": 0,
    "count_msg_app": 60,
    "count_msg_block": 0,
    "count_msg_unblock": 0,
    "count_msg_acquire": 60,
    "count_msg_release": 60,
    "count_msg_conf": 0,
    "count_msg_ack": 0,
    "time_in_gc": 47610983,
    "time_in_send_scan": 180116438,
    "time_in_recv_scan": 131902162
  },
  {
    "count_gc_passes": 207,
    "count_alloc": 0,
    "count_alloc_size": 0,
    "count_alloc_actors": 0,
    "count_msg_app": 207,
    "count_msg_block": 0,
    "count_msg_unblock": 0,
    "count_msg_acquire": 207,
    "count_msg_release": 207,
    "count_msg_conf": 0,
    "count_msg_ack": 0,
    "time_in_gc": 169629714,
    "time_in_send_scan": 634786780,
    "time_in_recv_scan": 467751213
  },
  {
    "count_gc_passes": 187,
    "count_alloc": 4,
    "count_alloc_size": 103,
    "count_alloc_actors": 0,
    "count_msg_app": 187,
    "count_msg_block": 0,
    "count_msg_unblock": 0,
    "count_msg_acquire": 186,
    "count_msg_release": 187,
    "count_msg_conf": 0,
    "count_msg_ack": 0,
    "time_in_gc": 154706579,
    "time_in_send_scan": 571794156,
    "time_in_recv_scan": 416258812
  }
]
(time memory): (1.48 27616)

*** Iteration 10
Done 0
"telemetry": [
  {
    "count_gc_passes": 211,
    "count_alloc": 4107,
    "count_alloc_size": 131856,
    "count_alloc_actors": 69,
    "count_msg_app": 344,
    "count_msg_block": 0,
    "count_msg_unblock": 0,
    "count_msg_acquire": 210,
    "count_msg_release": 274,
    "count_msg_conf": 0,
    "count_msg_ack": 0,
    "time_in_gc": 170523110,
    "time_in_send_scan": 634472662,
    "time_in_recv_scan": 463608710
  },
  {
    "count_gc_passes": 23,
    "count_alloc": 0,
    "count_alloc_size": 0,
    "count_alloc_actors": 0,
    "count_msg_app": 23,
    "count_msg_block": 0,
    "count_msg_unblock": 0,
    "count_msg_acquire": 23,
    "count_msg_release": 23,
    "count_msg_conf": 0,
    "count_msg_ack": 0,
    "time_in_gc": 16863754,
    "time_in_send_scan": 67090048,
    "time_in_recv_scan": 50116925
  },
  {
    "count_gc_passes": 205,
    "count_alloc": 0,
    "count_alloc_size": 0,
    "count_alloc_actors": 0,
    "count_msg_app": 205,
    "count_msg_block": 0,
    "count_msg_unblock": 0,
    "count_msg_acquire": 205,
    "count_msg_release": 205,
    "count_msg_conf": 0,
    "count_msg_ack": 0,
    "time_in_gc": 168555624,
    "time_in_send_scan": 620018055,
    "time_in_recv_scan": 458042666
  },
  {
    "count_gc_passes": 203,
    "count_alloc": 4,
    "count_alloc_size": 103,
    "count_alloc_actors": 0,
    "count_msg_app": 203,
    "count_msg_block": 0,
    "count_msg_unblock": 0,
    "count_msg_acquire": 202,
    "count_msg_release": 203,
    "count_msg_conf": 0,
    "count_msg_ack": 0,
    "time_in_gc": 164374816,
    "time_in_send_scan": 605287668,
    "time_in_recv_scan": 447022099
  }
]
(time memory): (1.46 27052)


### Size: 16
*** Iteration 1
Done 0
"telemetry": [
  {
    "count_gc_passes": 165,
    "count_alloc": 65547,
    "count_alloc_size": 2097936,
    "count_alloc_actors": 69,
    "count_msg_app": 298,
    "count_msg_block": 0,
    "count_msg_unblock": 0,
    "count_msg_acquire": 164,
    "count_msg_release": 228,
    "count_msg_conf": 0,
    "count_msg_ack": 0,
    "time_in_gc": 3391249378,
    "time_in_send_scan": 11734247000,
    "time_in_recv_scan": 7361279620
  },
  {
    "count_gc_passes": 150,
    "count_alloc": 0,
    "count_alloc_size": 0,
    "count_alloc_actors": 0,
    "count_msg_app": 150,
    "count_msg_block": 0,
    "count_msg_unblock": 0,
    "count_msg_acquire": 150,
    "count_msg_release": 150,
    "count_msg_conf": 0,
    "count_msg_ack": 0,
    "time_in_gc": 3087391220,
    "time_in_send_scan": 10642476730,
    "time_in_recv_scan": 6863930878
  },
  {
    "count_gc_passes": 158,
    "count_alloc": 0,
    "count_alloc_size": 0,
    "count_alloc_actors": 0,
    "count_msg_app": 158,
    "count_msg_block": 0,
    "count_msg_unblock": 0,
    "count_msg_acquire": 158,
    "count_msg_release": 158,
    "count_msg_conf": 0,
    "count_msg_ack": 0,
    "time_in_gc": 3252161310,
    "time_in_send_scan": 11319552024,
    "time_in_recv_scan": 7148510916
  },
  {
    "count_gc_passes": 169,
    "count_alloc": 4,
    "count_alloc_size": 103,
    "count_alloc_actors": 0,
    "count_msg_app": 169,
    "count_msg_block": 0,
    "count_msg_unblock": 0,
    "count_msg_acquire": 168,
    "count_msg_release": 169,
    "count_msg_conf": 0,
    "count_msg_ack": 0,
    "time_in_gc": 3481873378,
    "time_in_send_scan": 11952601491,
    "time_in_recv_scan": 7570707740
  }
]
(time memory): (32.53 285272)

*** Iteration 2
Done 0
"telemetry": [
  {
    "count_gc_passes": 156,
    "count_alloc": 65547,
    "count_alloc_size": 2097936,
    "count_alloc_actors": 69,
    "count_msg_app": 289,
    "count_msg_block": 0,
    "count_msg_unblock": 0,
    "count_msg_acquire": 155,
    "count_msg_release": 219,
    "count_msg_conf": 0,
    "count_msg_ack": 0,
    "time_in_gc": 3207578118,
    "time_in_send_scan": 11104139646,
    "time_in_recv_scan": 6939149623
  },
  {
    "count_gc_passes": 158,
    "count_alloc": 0,
    "count_alloc_size": 0,
    "count_alloc_actors": 0,
    "count_msg_app": 158,
    "count_msg_block": 0,
    "count_msg_unblock": 0,
    "count_msg_acquire": 158,
    "count_msg_release": 158,
    "count_msg_conf": 0,
    "count_msg_ack": 0,
    "time_in_gc": 3258947031,
    "time_in_send_scan": 11210619937,
    "time_in_recv_scan": 7093286646
  },
  {
    "count_gc_passes": 168,
    "count_alloc": 4,
    "count_alloc_size": 103,
    "count_alloc_actors": 0,
    "count_msg_app": 168,
    "count_msg_block": 0,
    "count_msg_unblock": 0,
    "count_msg_acquire": 167,
    "count_msg_release": 168,
    "count_msg_conf": 0,
    "count_msg_ack": 0,
    "time_in_gc": 3466793138,
    "time_in_send_scan": 11928482450,
    "time_in_recv_scan": 7545370156
  },
  {
    "count_gc_passes": 160,
    "count_alloc": 0,
    "count_alloc_size": 0,
    "count_alloc_actors": 0,
    "count_msg_app": 160,
    "count_msg_block": 0,
    "count_msg_unblock": 0,
    "count_msg_acquire": 160,
    "count_msg_release": 160,
    "count_msg_conf": 0,
    "count_msg_ack": 0,
    "time_in_gc": 3300347537,
    "time_in_send_scan": 11375411029,
    "time_in_recv_scan": 7331426552
  }
]
(time memory): (32.50 238272)

*** Iteration 3
Done 0
"telemetry": [
  {
    "count_gc_passes": 165,
    "count_alloc": 65547,
    "count_alloc_size": 2097936,
    "count_alloc_actors": 69,
    "count_msg_app": 298,
    "count_msg_block": 0,
    "count_msg_unblock": 0,
    "count_msg_acquire": 164,
    "count_msg_release": 228,
    "count_msg_conf": 0,
    "count_msg_ack": 0,
    "time_in_gc": 3296955862,
    "time_in_send_scan": 11533411229,
    "time_in_recv_scan": 7287004135
  },
  {
    "count_gc_passes": 155,
    "count_alloc": 4,
    "count_alloc_size": 103,
    "count_alloc_actors": 0,
    "count_msg_app": 155,
    "count_msg_block": 0,
    "count_msg_unblock": 0,
    "count_msg_acquire": 154,
    "count_msg_release": 155,
    "count_msg_conf": 0,
    "count_msg_ack": 0,
    "time_in_gc": 3107398000,
    "time_in_send_scan": 10755044215,
    "time_in_recv_scan": 6886622007
  },
  {
    "count_gc_passes": 161,
    "count_alloc": 0,
    "count_alloc_size": 0,
    "count_alloc_actors": 0,
    "count_msg_app": 161,
    "count_msg_block": 0,
    "count_msg_unblock": 0,
    "count_msg_acquire": 161,
    "count_msg_release": 161,
    "count_msg_conf": 0,
    "count_msg_ack": 0,
    "time_in_gc": 3228024957,
    "time_in_send_scan": 11272214612,
    "time_in_recv_scan": 7190920089
  },
  {
    "count_gc_passes": 161,
    "count_alloc": 0,
    "count_alloc_size": 0,
    "count_alloc_actors": 0,
    "count_msg_app": 161,
    "count_msg_block": 0,
    "count_msg_unblock": 0,
    "count_msg_acquire": 161,
    "count_msg_release": 161,
    "count_msg_conf": 0,
    "count_msg_ack": 0,
    "time_in_gc": 3225481010,
    "time_in_send_scan": 11215330882,
    "time_in_recv_scan": 7136288017
  }
]
(time memory): (31.95 231608)

*** Iteration 4
Done 0
"telemetry": [
  {
    "count_gc_passes": 152,
    "count_alloc": 65547,
    "count_alloc_size": 2097936,
    "count_alloc_actors": 69,
    "count_msg_app": 285,
    "count_msg_block": 0,
    "count_msg_unblock": 0,
    "count_msg_acquire": 151,
    "count_msg_release": 215,
    "count_msg_conf": 0,
    "count_msg_ack": 0,
    "time_in_gc": 3036768093,
    "time_in_send_scan": 10592302222,
    "time_in_recv_scan": 6715486182
  },
  {
    "count_gc_passes": 173,
    "count_alloc": 0,
    "count_alloc_size": 0,
    "count_alloc_actors": 0,
    "count_msg_app": 173,
    "count_msg_block": 0,
    "count_msg_unblock": 0,
    "count_msg_acquire": 173,
    "count_msg_release": 173,
    "count_msg_conf": 0,
    "count_msg_ack": 0,
    "time_in_gc": 3472412572,
    "time_in_send_scan": 12118141075,
    "time_in_recv_scan": 7696376362
  },
  {
    "count_gc_passes": 166,
    "count_alloc": 4,
    "count_alloc_size": 103,
    "count_alloc_actors": 0,
    "count_msg_app": 166,
    "count_msg_block": 0,
    "count_msg_unblock": 0,
    "count_msg_acquire": 165,
    "count_msg_release": 166,
    "count_msg_conf": 0,
    "count_msg_ack": 0,
    "time_in_gc": 3326202980,
    "time_in_send_scan": 11583551472,
    "time_in_recv_scan": 7423995001
  },
  {
    "count_gc_passes": 151,
    "count_alloc": 0,
    "count_alloc_size": 0,
    "count_alloc_actors": 0,
    "count_msg_app": 151,
    "count_msg_block": 0,
    "count_msg_unblock": 0,
    "count_msg_acquire": 151,
    "count_msg_release": 151,
    "count_msg_conf": 0,
    "count_msg_ack": 0,
    "time_in_gc": 3029432379,
    "time_in_send_scan": 10537367424,
    "time_in_recv_scan": 6714068815
  }
]
(time memory): (32.00 239368)

*** Iteration 5
Done 0
"telemetry": [
  {
    "count_gc_passes": 164,
    "count_alloc": 65551,
    "count_alloc_size": 2098039,
    "count_alloc_actors": 69,
    "count_msg_app": 297,
    "count_msg_block": 0,
    "count_msg_unblock": 0,
    "count_msg_acquire": 162,
    "count_msg_release": 227,
    "count_msg_conf": 0,
    "count_msg_ack": 0,
    "time_in_gc": 3367584359,
    "time_in_send_scan": 11563008301,
    "time_in_recv_scan": 7297907567
  },
  {
    "count_gc_passes": 157,
    "count_alloc": 0,
    "count_alloc_size": 0,
    "count_alloc_actors": 0,
    "count_msg_app": 157,
    "count_msg_block": 0,
    "count_msg_unblock": 0,
    "count_msg_acquire": 157,
    "count_msg_release": 157,
    "count_msg_conf": 0,
    "count_msg_ack": 0,
    "time_in_gc": 3234367133,
    "time_in_send_scan": 11124646456,
    "time_in_recv_scan": 7179553633
  },
  {
    "count_gc_passes": 157,
    "count_alloc": 0,
    "count_alloc_size": 0,
    "count_alloc_actors": 0,
    "count_msg_app": 157,
    "count_msg_block": 0,
    "count_msg_unblock": 0,
    "count_msg_acquire": 157,
    "count_msg_release": 157,
    "count_msg_conf": 0,
    "count_msg_ack": 0,
    "time_in_gc": 3233825170,
    "time_in_send_scan": 11167137641,
    "time_in_recv_scan": 7104448289
  },
  {
    "count_gc_passes": 164,
    "count_alloc": 0,
    "count_alloc_size": 0,
    "count_alloc_actors": 0,
    "count_msg_app": 164,
    "count_msg_block": 0,
    "count_msg_unblock": 0,
    "count_msg_acquire": 164,
    "count_msg_release": 164,
    "count_msg_conf": 0,
    "count_msg_ack": 0,
    "time_in_gc": 3379891624,
    "time_in_send_scan": 11654728804,
    "time_in_recv_scan": 7354518951
  }
]
(time memory): (32.46 244636)

*** Iteration 6
Done 0
"telemetry": [
  {
    "count_gc_passes": 158,
    "count_alloc": 65547,
    "count_alloc_size": 2097936,
    "count_alloc_actors": 69,
    "count_msg_app": 291,
    "count_msg_block": 0,
    "count_msg_unblock": 0,
    "count_msg_acquire": 157,
    "count_msg_release": 221,
    "count_msg_conf": 0,
    "count_msg_ack": 0,
    "time_in_gc": 3321681387,
    "time_in_send_scan": 11338702831,
    "time_in_recv_scan": 7118637711
  },
  {
    "count_gc_passes": 161,
    "count_alloc": 0,
    "count_alloc_size": 0,
    "count_alloc_actors": 0,
    "count_msg_app": 161,
    "count_msg_block": 0,
    "count_msg_unblock": 0,
    "count_msg_acquire": 161,
    "count_msg_release": 161,
    "count_msg_conf": 0,
    "count_msg_ack": 0,
    "time_in_gc": 3393895585,
    "time_in_send_scan": 11585347203,
    "time_in_recv_scan": 7367853660
  },
  {
    "count_gc_passes": 168,
    "count_alloc": 0,
    "count_alloc_size": 0,
    "count_alloc_actors": 0,
    "count_msg_app": 168,
    "count_msg_block": 0,
    "count_msg_unblock": 0,
    "count_msg_acquire": 168,
    "count_msg_release": 168,
    "count_msg_conf": 0,
    "count_msg_ack": 0,
    "time_in_gc": 3545382655,
    "time_in_send_scan": 12157660727,
    "time_in_recv_scan": 7585503324
  },
  {
    "count_gc_passes": 155,
    "count_alloc": 4,
    "count_alloc_size": 103,
    "count_alloc_actors": 0,
    "count_msg_app": 155,
    "count_msg_block": 0,
    "count_msg_unblock": 0,
    "count_msg_acquire": 154,
    "count_msg_release": 155,
    "count_msg_conf": 0,
    "count_msg_ack": 0,
    "time_in_gc": 3266529647,
    "time_in_send_scan": 11022707674,
    "time_in_recv_scan": 7075114044
  }
]
(time memory): (32.81 272156)

*** Iteration 7
Done 0
"telemetry": [
  {
    "count_gc_passes": 165,
    "count_alloc": 65547,
    "count_alloc_size": 2097936,
    "count_alloc_actors": 69,
    "count_msg_app": 298,
    "count_msg_block": 0,
    "count_msg_unblock": 0,
    "count_msg_acquire": 164,
    "count_msg_release": 228,
    "count_msg_conf": 0,
    "count_msg_ack": 0,
    "time_in_gc": 3393545998,
    "time_in_send_scan": 11743485777,
    "time_in_recv_scan": 7360724776
  },
  {
    "count_gc_passes": 158,
    "count_alloc": 0,
    "count_alloc_size": 0,
    "count_alloc_actors": 0,
    "count_msg_app": 158,
    "count_msg_block": 0,
    "count_msg_unblock": 0,
    "count_msg_acquire": 158,
    "count_msg_release": 158,
    "count_msg_conf": 0,
    "count_msg_ack": 0,
    "time_in_gc": 3255472482,
    "time_in_send_scan": 11242997420,
    "time_in_recv_scan": 7094231047
  },
  {
    "count_gc_passes": 159,
    "count_alloc": 4,
    "count_alloc_size": 103,
    "count_alloc_actors": 0,
    "count_msg_app": 159,
    "count_msg_block": 0,
    "count_msg_unblock": 0,
    "count_msg_acquire": 158,
    "count_msg_release": 159,
    "count_msg_conf": 0,
    "count_msg_ack": 0,
    "time_in_gc": 3274359101,
    "time_in_send_scan": 11256220007,
    "time_in_recv_scan": 7308346793
  },
  {
    "count_gc_passes": 160,
    "count_alloc": 0,
    "count_alloc_size": 0,
    "count_alloc_actors": 0,
    "count_msg_app": 160,
    "count_msg_block": 0,
    "count_msg_unblock": 0,
    "count_msg_acquire": 160,
    "count_msg_release": 160,
    "count_msg_conf": 0,
    "count_msg_ack": 0,
    "time_in_gc": 3296844803,
    "time_in_send_scan": 11378980618,
    "time_in_recv_scan": 7155758166
  }
]
(time memory): (32.50 244308)

*** Iteration 8
Done 0
"telemetry": [
  {
    "count_gc_passes": 152,
    "count_alloc": 65547,
    "count_alloc_size": 2097936,
    "count_alloc_actors": 69,
    "count_msg_app": 285,
    "count_msg_block": 0,
    "count_msg_unblock": 0,
    "count_msg_acquire": 151,
    "count_msg_release": 215,
    "count_msg_conf": 0,
    "count_msg_ack": 0,
    "time_in_gc": 3133735108,
    "time_in_send_scan": 10726125814,
    "time_in_recv_scan": 6759498277
  },
  {
    "count_gc_passes": 159,
    "count_alloc": 0,
    "count_alloc_size": 0,
    "count_alloc_actors": 0,
    "count_msg_app": 159,
    "count_msg_block": 0,
    "count_msg_unblock": 0,
    "count_msg_acquire": 159,
    "count_msg_release": 159,
    "count_msg_conf": 0,
    "count_msg_ack": 0,
    "time_in_gc": 3282850971,
    "time_in_send_scan": 11270190521,
    "time_in_recv_scan": 7243556440
  },
  {
    "count_gc_passes": 155,
    "count_alloc": 0,
    "count_alloc_size": 0,
    "count_alloc_actors": 0,
    "count_msg_app": 155,
    "count_msg_block": 0,
    "count_msg_unblock": 0,
    "count_msg_acquire": 155,
    "count_msg_release": 155,
    "count_msg_conf": 0,
    "count_msg_ack": 0,
    "time_in_gc": 3202443079,
    "time_in_send_scan": 11129694106,
    "time_in_recv_scan": 7000221376
  },
  {
    "count_gc_passes": 176,
    "count_alloc": 4,
    "count_alloc_size": 103,
    "count_alloc_actors": 0,
    "count_msg_app": 176,
    "count_msg_block": 0,
    "count_msg_unblock": 0,
    "count_msg_acquire": 175,
    "count_msg_release": 176,
    "count_msg_conf": 0,
    "count_msg_ack": 0,
    "time_in_gc": 3649029894,
    "time_in_send_scan": 12517956214,
    "time_in_recv_scan": 7929632781
  }
]
(time memory): (32.52 257652)

*** Iteration 9
Done 0
"telemetry": [
  {
    "count_gc_passes": 158,
    "count_alloc": 65547,
    "count_alloc_size": 2097936,
    "count_alloc_actors": 69,
    "count_msg_app": 291,
    "count_msg_block": 0,
    "count_msg_unblock": 0,
    "count_msg_acquire": 157,
    "count_msg_release": 221,
    "count_msg_conf": 0,
    "count_msg_ack": 0,
    "time_in_gc": 3314342234,
    "time_in_send_scan": 11379354163,
    "time_in_recv_scan": 7120399902
  },
  {
    "count_gc_passes": 153,
    "count_alloc": 4,
    "count_alloc_size": 103,
    "count_alloc_actors": 0,
    "count_msg_app": 153,
    "count_msg_block": 0,
    "count_msg_unblock": 0,
    "count_msg_acquire": 152,
    "count_msg_release": 153,
    "count_msg_conf": 0,
    "count_msg_ack": 0,
    "time_in_gc": 3219286965,
    "time_in_send_scan": 10900811601,
    "time_in_recv_scan": 7027095237
  },
  {
    "count_gc_passes": 163,
    "count_alloc": 0,
    "count_alloc_size": 0,
    "count_alloc_actors": 0,
    "count_msg_app": 163,
    "count_msg_block": 0,
    "count_msg_unblock": 0,
    "count_msg_acquire": 163,
    "count_msg_release": 163,
    "count_msg_conf": 0,
    "count_msg_ack": 0,
    "time_in_gc": 3437234076,
    "time_in_send_scan": 11902874831,
    "time_in_recv_scan": 7469405268
  },
  {
    "count_gc_passes": 168,
    "count_alloc": 0,
    "count_alloc_size": 0,
    "count_alloc_actors": 0,
    "count_msg_app": 168,
    "count_msg_block": 0,
    "count_msg_unblock": 0,
    "count_msg_acquire": 168,
    "count_msg_release": 168,
    "count_msg_conf": 0,
    "count_msg_ack": 0,
    "time_in_gc": 3544746141,
    "time_in_send_scan": 12095656964,
    "time_in_recv_scan": 7720529142
  }
]
(time memory): (32.97 300800)

*** Iteration 10
Done 0
"telemetry": [
  {
    "count_gc_passes": 158,
    "count_alloc": 65547,
    "count_alloc_size": 2097936,
    "count_alloc_actors": 69,
    "count_msg_app": 291,
    "count_msg_block": 0,
    "count_msg_unblock": 0,
    "count_msg_acquire": 157,
    "count_msg_release": 221,
    "count_msg_conf": 0,
    "count_msg_ack": 0,
    "time_in_gc": 3312560137,
    "time_in_send_scan": 11307139140,
    "time_in_recv_scan": 7122642035
  },
  {
    "count_gc_passes": 158,
    "count_alloc": 0,
    "count_alloc_size": 0,
    "count_alloc_actors": 0,
    "count_msg_app": 158,
    "count_msg_block": 0,
    "count_msg_unblock": 0,
    "count_msg_acquire": 158,
    "count_msg_release": 158,
    "count_msg_conf": 0,
    "count_msg_ack": 0,
    "time_in_gc": 3332358898,
    "time_in_send_scan": 11448610783,
    "time_in_recv_scan": 7300673016
  },
  {
    "count_gc_passes": 153,
    "count_alloc": 4,
    "count_alloc_size": 103,
    "count_alloc_actors": 0,
    "count_msg_app": 153,
    "count_msg_block": 0,
    "count_msg_unblock": 0,
    "count_msg_acquire": 152,
    "count_msg_release": 153,
    "count_msg_conf": 0,
    "count_msg_ack": 0,
    "time_in_gc": 3219731530,
    "time_in_send_scan": 11059049088,
    "time_in_recv_scan": 7102108946
  },
  {
    "count_gc_passes": 173,
    "count_alloc": 0,
    "count_alloc_size": 0,
    "count_alloc_actors": 0,
    "count_msg_app": 173,
    "count_msg_block": 0,
    "count_msg_unblock": 0,
    "count_msg_acquire": 173,
    "count_msg_release": 173,
    "count_msg_conf": 0,
    "count_msg_ack": 0,
    "time_in_gc": 3649416125,
    "time_in_send_scan": 12520171543,
    "time_in_recv_scan": 8040886357
  }
]
(time memory): (33.09 252444)


