### Cores: 0,8,16,24
*** Iteration 1
(time memory): (9.88 108992)
Time spent in send (excluding size & copy): 0:00.008 901 Time spent in size: 0:00.002 204 Time spent in copy: 0:00.003 413 Time spent in send (excluding size & copy): 0:02.594 955 Time spent in size: 0:00.785 911 Time spent in copy: 0:00.799 682

*** Iteration 2
(time memory): (9.69 94112)
Time spent in send (excluding size & copy): 0:02.459 461 Time spent in size: 0:00.686 336 Time spent in copy: 0:00.714 570

*** Iteration 3
(time memory): (9.90 97120)
Time spent in send (excluding size & copy): 0:02.517 682 Time spent in size: 0:00.651 926 Time spent in copy: 0:00.695 430

*** Iteration 4
(time memory): (9.67 120528)
Time spent in send (excluding size & copy): 0:02.428 039 Time spent in size: 0:00.689 812 Time spent in copy: 0:00.717 392

*** Iteration 5
(time memory): (9.95 105092)
Time spent in send (excluding size & copy): 0:02.682 357 Time spent in size: 0:00.765 755 Time spent in copy: 0:00.782 298


### Cores: 0,8,16,24,32,40,48,60
*** Iteration 1
(time memory): (11.24 386948)
Time spent in send (excluding size & copy): 0:03.318 660 Time spent in size: 0:00.830 280 Time spent in copy: 0:00.887 613

*** Iteration 2
(time memory): (10.58 228280)
Time spent in send (excluding size & copy): 0:03.995 352 Time spent in size: 0:01.139 431 Time spent in copy: 0:01.112 344

*** Iteration 3
(time memory): (10.78 361048)
Time spent in send (excluding size & copy): 0:03.870 169 Time spent in size: 0:01.154 073 Time spent in copy: 0:01.114 030

*** Iteration 4
(time memory): (10.60 423132)
Time spent in send (excluding size & copy): 0:03.146 802 Time spent in size: 0:00.816 290 Time spent in copy: 0:00.859 757

*** Iteration 5
(time memory): (11.23 468544)
Time spent in send (excluding size & copy): 0:03.889 935 Time spent in size: 0:01.132 428 Time spent in copy: 0:01.099 186


### Cores: 0,8,16,24,32,40,48,60,2,10,18,26,34,42,50,58
*** Iteration 1
(time memory): (31.41 519232)
Time spent in send (excluding size & copy): 0:19.341 044 Time spent in size: 0:00.372 249 Time spent in copy: 0:00.379 855

*** Iteration 2
(time memory): (35.29 342104)
Time spent in send (excluding size & copy): 0:24.175 550 Time spent in size: 0:00.284 631 Time spent in copy: 0:00.307 199

*** Iteration 3
(time memory): (41.75 584780)
Time spent in send (excluding size & copy): 0:28.689 813 Time spent in size: 0:00.263 593 Time spent in copy: 0:00.278 527

*** Iteration 4
(time memory): (44.15 618448)
Time spent in send (excluding size & copy): 0:31.742 867 Time spent in size: 0:00.300 437 Time spent in copy: 0:00.268 355

*** Iteration 5
(time memory): (45.21 561532)
Time spent in send (excluding size & copy): 0:32.603 418 Time spent in size: 0:00.281 601 Time spent in copy: 0:00.267 801


### Cores: 0,8,16,24,32,40,48,60,2,10,18,26,34,42,50,58,3,11,19,27,35,43,51,59,1,9,17,25,33,41,49,57
*** Iteration 1
(time memory): (53.23 520708)
Time spent in send (excluding size & copy): 0:42.489 340 Time spent in size: 0:00.064 700 Time spent in copy: 0:00.135 399

*** Iteration 2
(time memory): (52.93 570020)
Time spent in send (excluding size & copy): 0:42.082 390 Time spent in size: 0:00.064 297 Time spent in copy: 0:00.136 802

*** Iteration 3
(time memory): (53.30 411516)
Time spent in send (excluding size & copy): 0:42.130 124 Time spent in size: 0:00.051 541 Time spent in copy: 0:00.129 144

*** Iteration 4
(time memory): (53.74 208208)
Time spent in send (excluding size & copy): 0:43.199 351 Time spent in size: 0:00.064 732 Time spent in copy: 0:00.138 138

*** Iteration 5
(time memory): (53.03 572348)
Time spent in send (excluding size & copy): 0:41.596 133 Time spent in size: 0:00.065 952 Time spent in copy: 0:00.148 759


### Cores: 0-63
*** Iteration 1
(time memory): (78.67 572896)
Time spent in send (excluding size & copy): 1:01.509 706 Time spent in size: 0:00.367 300 Time spent in copy: 0:00.511 598

*** Iteration 2
(time memory): (78.73 421156)
Time spent in send (excluding size & copy): 1:01.820 607 Time spent in size: 0:00.388 508 Time spent in copy: 0:00.535 907

*** Iteration 3
(time memory): (78.67 397080)
Time spent in send (excluding size & copy): 1:01.813 471 Time spent in size: 0:00.450 894 Time spent in copy: 0:00.494 953

*** Iteration 4
(time memory): (78.80 445236)
Time spent in send (excluding size & copy): 1:01.631 824 Time spent in size: 0:00.480 872 Time spent in copy: 0:00.522 660

*** Iteration 5
(time memory): (78.55 627308)
Time spent in send (excluding size & copy): 1:02.692 438 Time spent in size: 0:00.479 646 Time spent in copy: 0:00.522 853


