### Cores: 0,8,16,24
*** Iteration 1
(time memory): (10.53 243796)

*** Iteration 2
(time memory): (10.40 241812)

*** Iteration 3
(time memory): (10.62 216916)

*** Iteration 4
(time memory): (11.21 238336)

*** Iteration 5
(time memory): (10.01 306848)

*** Iteration 6
(time memory): (9.31 306732)

*** Iteration 7
(time memory): (9.40 256260)

*** Iteration 8
(time memory): (10.70 227120)

*** Iteration 9
(time memory): (10.29 274280)

*** Iteration 10
(time memory): (11.19 237152)


### Cores: 0,8,16,24,32,40,48,60
*** Iteration 1
(time memory): (11.70 351388)

*** Iteration 2
(time memory): (12.47 84924)

*** Iteration 3
(time memory): (12.20 342148)

*** Iteration 4
(time memory): (12.87 349788)

*** Iteration 5
(time memory): (12.38 110780)

*** Iteration 6
(time memory): (12.32 111344)

*** Iteration 7
(time memory): (12.80 327724)

*** Iteration 8
(time memory): (12.40 294124)

*** Iteration 9
(time memory): (12.07 119592)

*** Iteration 10
(time memory): (12.24 555284)


### Cores: 0,8,16,24,32,40,48,60,2,10,18,26,34,42,50,58
*** Iteration 1
(time memory): (43.04 570888)

*** Iteration 2
(time memory): (26.36 180000)

*** Iteration 3
(time memory): (40.08 505956)

*** Iteration 4
(time memory): (42.52 523728)

*** Iteration 5
(time memory): (28.71 257804)

*** Iteration 6
(time memory): (42.07 476600)

*** Iteration 7
(time memory): (38.18 514940)

*** Iteration 8
(time memory): (38.91 531352)

*** Iteration 9
(time memory): (39.98 512364)

*** Iteration 10
(time memory): (38.39 501616)


### Cores: 0,8,16,24,32,40,48,60,2,10,18,26,34,42,50,58,3,11,19,27,35,43,51,59,1,9,17,25,33,41,49,57
*** Iteration 1
(time memory): (51.95 584408)

*** Iteration 2
(time memory): (52.25 525148)

*** Iteration 3
(time memory): (51.88 571632)

*** Iteration 4
(time memory): (52.34 345168)

*** Iteration 5
(time memory): (52.04 540504)

*** Iteration 6
(time memory): (52.95 137212)

*** Iteration 7
(time memory): (52.65 551908)

*** Iteration 8
(time memory): (54.54 634132)

*** Iteration 9
(time memory): (52.30 406968)

*** Iteration 10
(time memory): (52.10 477476)


### Cores: 0-63
*** Iteration 1
(time memory): (79.52 422156)

*** Iteration 2
(time memory): (79.01 522332)

*** Iteration 3
(time memory): (79.38 435436)

*** Iteration 4
(time memory): (78.99 625244)

*** Iteration 5
(time memory): (78.96 474888)

*** Iteration 6
(time memory): (79.34 498056)

*** Iteration 7
(time memory): (79.45 497276)

*** Iteration 8
(time memory): (79.38 505748)

*** Iteration 9
(time memory): (79.19 385748)

*** Iteration 10
(time memory): (79.41 497980)


