### Cores: 0,8,16,24
*** Iteration 1
(time memory): (315.56 7552536)

*** Iteration 2
(time memory): (318.15 7552532)

*** Iteration 3
(time memory): (317.66 7553812)

*** Iteration 4
(time memory): (322.68 7552528)

*** Iteration 5
(time memory): (313.24 7696700)

*** Iteration 6
(time memory): (320.84 7552796)

*** Iteration 7
(time memory): (320.65 7813672)

*** Iteration 8
(time memory): (319.23 7638344)

*** Iteration 9
(time memory): (312.44 7552460)

*** Iteration 10
(time memory): (312.33 7552596)


### Cores: 0,8,16,24,32,40,48,60
*** Iteration 1
(time memory): (220.32 7637136)

*** Iteration 2
(time memory): (216.15 8306536)

*** Iteration 3
(time memory): (218.85 7943796)

*** Iteration 4
(time memory): (216.94 7685416)

*** Iteration 5
(time memory): (216.77 8889908)

*** Iteration 6
(time memory): (213.75 7724716)

*** Iteration 7
(time memory): (214.04 8834600)

*** Iteration 8
(time memory): (214.09 7830908)

*** Iteration 9
(time memory): (220.56 7743288)

*** Iteration 10
(time memory): (226.28 8470672)


### Cores: 0,8,16,24,32,40,48,60,2,10,18,26,34,42,50,58
*** Iteration 1
(time memory): (200.59 8963344)

*** Iteration 2
(time memory): (198.56 8964596)

*** Iteration 3
(time memory): (203.65 8896712)

*** Iteration 4
(time memory): (204.41 8895780)

*** Iteration 5
(time memory): (200.36 8962728)

*** Iteration 6
(time memory): (204.01 8897060)

*** Iteration 7
(time memory): (197.99 7776480)

*** Iteration 8
(time memory): (202.05 7696896)

*** Iteration 9
(time memory): (195.40 8965052)

*** Iteration 10
(time memory): (218.98 8895852)


### Cores: 0,8,16,24,32,40,48,60,2,10,18,26,34,42,50,58,3,11,19,27,35,43,51,59,1,9,17,25,33,41,49,57
*** Iteration 1
(time memory): (201.91 8896728)

*** Iteration 2
(time memory): (198.64 8915776)

*** Iteration 3
(time memory): (204.07 8899284)

*** Iteration 4
(time memory): (201.18 8896524)

*** Iteration 5
(time memory): (204.25 8896488)

*** Iteration 6
(time memory): (203.44 8962744)

*** Iteration 7
(time memory): (195.66 7842664)

*** Iteration 8
(time memory): (197.89 8962600)

*** Iteration 9
(time memory): (204.07 8848760)

*** Iteration 10
(time memory): (197.00 8963352)


### Cores: 0-63
*** Iteration 1
(time memory): (233.04 7778856)

*** Iteration 2
(time memory): (233.16 7960428)

*** Iteration 3
(time memory): (237.39 7956824)

*** Iteration 4
(time memory): (233.22 7784480)

*** Iteration 5
(time memory): (234.59 7799444)

*** Iteration 6
(time memory): (233.48 7495344)

*** Iteration 7
(time memory): (233.01 7789436)

*** Iteration 8
(time memory): (232.35 7960260)

*** Iteration 9
(time memory): (233.87 7776048)

*** Iteration 10
(time memory): (235.82 7492600)


