### Cores: 0,8,16,24
*** Iteration 1
(time memory): (306.18 7708356)
Time spent in send (excluding size & copy): 0:00.012 568 Time spent in size: 0:00.003 040 Time spent in copy: 0:00.004 930 Time spent in send (excluding size & copy): 0:00.011 181 Time spent in size: 0:00.002 859 Time spent in copy: 0:00.004 180 Time spent in send (excluding size & copy): 0:00.000 504 Time spent in size: 0:00.000 247 Time spent in copy: 0:00.000 390

*** Iteration 2
(time memory): (313.67 7564876)
Time spent in send (excluding size & copy): 0:00.000 528 Time spent in size: 0:00.000 245 Time spent in copy: 0:00.000 363

*** Iteration 3
(time memory): (308.54 8018516)
Time spent in send (excluding size & copy): 0:00.000 524 Time spent in size: 0:00.000 248 Time spent in copy: 0:00.000 388

*** Iteration 4
(time memory): (316.87 7564104)
Time spent in send (excluding size & copy): 0:00.000 517 Time spent in size: 0:00.000 252 Time spent in copy: 0:00.000 376

*** Iteration 5
(time memory): (312.63 7650052)
Time spent in send (excluding size & copy): 0:00.000 535 Time spent in size: 0:00.000 252 Time spent in copy: 0:00.000 368


### Cores: 0,8,16,24,32,40,48,60
*** Iteration 1
(time memory): (210.30 8019240)
Time spent in send (excluding size & copy): 0:00.000 511 Time spent in size: 0:00.000 252 Time spent in copy: 0:00.000 394

*** Iteration 2
(time memory): (215.50 8015592)
Time spent in send (excluding size & copy): 0:00.000 577 Time spent in size: 0:00.000 250 Time spent in copy: 0:00.000 385

*** Iteration 3
(time memory): (210.53 7910188)
Time spent in send (excluding size & copy): 0:00.000 585 Time spent in size: 0:00.000 244 Time spent in copy: 0:00.000 386

*** Iteration 4
(time memory): (218.31 8855080)
Time spent in send (excluding size & copy): 0:00.000 529 Time spent in size: 0:00.000 247 Time spent in copy: 0:00.000 364

*** Iteration 5
(time memory): (214.91 7788968)
Time spent in send (excluding size & copy): 0:00.000 628 Time spent in size: 0:00.000 255 Time spent in copy: 0:00.000 400


### Cores: 0,8,16,24,32,40,48,60,2,10,18,26,34,42,50,58
*** Iteration 1
(time memory): (198.13 8974012)
Time spent in send (excluding size & copy): 0:00.000 534 Time spent in size: 0:00.000 249 Time spent in copy: 0:00.000 370

*** Iteration 2
(time memory): (202.60 8910364)
Time spent in send (excluding size & copy): 0:00.000 575 Time spent in size: 0:00.000 251 Time spent in copy: 0:00.000 369

*** Iteration 3
(time memory): (197.47 8973928)
Time spent in send (excluding size & copy): 0:00.000 489 Time spent in size: 0:00.000 227 Time spent in copy: 0:00.000 380

*** Iteration 4
(time memory): (201.25 8860324)
Time spent in send (excluding size & copy): 0:00.000 759 Time spent in size: 0:00.000 257 Time spent in copy: 0:00.000 426

*** Iteration 5
(time memory): (197.48 8928096)
Time spent in send (excluding size & copy): 0:00.000 588 Time spent in size: 0:00.000 280 Time spent in copy: 0:00.000 374


### Cores: 0,8,16,24,32,40,48,60,2,10,18,26,34,42,50,58,3,11,19,27,35,43,51,59,1,9,17,25,33,41,49,57
*** Iteration 1
(time memory): (203.60 8907868)
Time spent in send (excluding size & copy): 0:00.000 654 Time spent in size: 0:00.000 249 Time spent in copy: 0:00.000 389

*** Iteration 2
(time memory): (200.52 8859124)
Time spent in send (excluding size & copy): 0:00.000 638 Time spent in size: 0:00.000 255 Time spent in copy: 0:00.000 410

*** Iteration 3
(time memory): (195.75 8929352)
Time spent in send (excluding size & copy): 0:00.000 628 Time spent in size: 0:00.000 252 Time spent in copy: 0:00.000 382

*** Iteration 4
(time memory): (202.91 8859048)
Time spent in send (excluding size & copy): 0:00.000 819 Time spent in size: 0:00.000 269 Time spent in copy: 0:00.000 459

*** Iteration 5
(time memory): (203.28 8909216)
Time spent in send (excluding size & copy): 0:00.000 916 Time spent in size: 0:00.000 262 Time spent in copy: 0:00.000 477


### Cores: 0-63
*** Iteration 1
(time memory): (234.50 7767264)
Time spent in send (excluding size & copy): 0:00.000 757 Time spent in size: 0:00.000 260 Time spent in copy: 0:00.000 408

*** Iteration 2
(time memory): (234.73 7768456)
Time spent in send (excluding size & copy): 0:00.000 853 Time spent in size: 0:00.000 252 Time spent in copy: 0:00.000 445

*** Iteration 3
(time memory): (233.45 7767704)
Time spent in send (excluding size & copy): 0:00.000 745 Time spent in size: 0:00.000 264 Time spent in copy: 0:00.000 433

*** Iteration 4
(time memory): (232.37 7969144)
Time spent in send (excluding size & copy): 0:00.000 644 Time spent in size: 0:00.000 258 Time spent in copy: 0:00.000 406

*** Iteration 5
(time memory): (236.82 7968780)
Time spent in send (excluding size & copy): 0:00.000 718 Time spent in size: 0:00.000 262 Time spent in copy: 0:00.000 405


